<?xml version="1.0" encoding="UTF-8"?>
<!-- Generated by org.testng.reporters.JUnitReportReporter -->
<testsuite skipped="0" hostname="a2d94430ae94" name="org.openapitools.codegen.ArchUnitRulesTest" tests="4" failures="0" timestamp="2023-04-09T10:15:24 UTC" time="10.289" errors="0">
  <testcase name="abstractClassesAreAbstract" time="2.657" classname="org.openapitools.codegen.ArchUnitRulesTest"/>
  <system-out/>
  <testcase name="classesNotAllowedToUseStandardStreams" time="2.656" classname="org.openapitools.codegen.ArchUnitRulesTest"/>
  <system-out/>
  <testcase name="testLoggersAreNotPublicFinalAndNotStatic" time="2.456" classname="org.openapitools.codegen.ArchUnitRulesTest"/>
  <system-out/>
  <testcase name="disallowJavaUtilLogging" time="2.520" classname="org.openapitools.codegen.ArchUnitRulesTest"/>
  <system-out/>
</testsuite> <!-- org.openapitools.codegen.ArchUnitRulesTest -->
