<?xml version="1.0" encoding="UTF-8"?>
<!-- Generated by org.testng.reporters.JUnitReportReporter -->
<testsuite skipped="0" hostname="a2d94430ae94" name="org.openapitools.codegen.go.GoClientCodegenTest" tests="17" failures="0" timestamp="2023-04-09T10:15:21 UTC" time="0.619" errors="0">
  <testcase name="testMultipleRequiredPropertiesHasSameOneOfObject" time="0.049" classname="org.openapitools.codegen.go.GoClientCodegenTest"/>
  <system-out/>
  <testcase name="verifyTestImport" time="0.091" classname="org.openapitools.codegen.go.GoClientCodegenTest"/>
  <system-out/>
  <testcase name="bodyParameterTest" time="0.063" classname="org.openapitools.codegen.go.GoClientCodegenTest"/>
  <system-out/>
  <testcase name="testAnyOfArraysAndMaps" time="0.046" classname="org.openapitools.codegen.go.GoClientCodegenTest"/>
  <system-out/>
  <testcase name="testStructPrefix" time="0.100" classname="org.openapitools.codegen.go.GoClientCodegenTest"/>
  <system-out/>
  <testcase name="testFilenames" time="0.000" classname="org.openapitools.codegen.go.GoClientCodegenTest"/>
  <system-out/>
  <testcase name="verifyApiTestWithNullResponse" time="0.014" classname="org.openapitools.codegen.go.GoClientCodegenTest"/>
  <system-out/>
  <testcase name="testAdditionalPropertiesPutForConfigValues" time="0.000" classname="org.openapitools.codegen.go.GoClientCodegenTest"/>
  <system-out/>
  <testcase name="testAdditionalPropertiesModelFileFolder" time="0.001" classname="org.openapitools.codegen.go.GoClientCodegenTest"/>
  <system-out/>
  <testcase name="verifyFormatErrorMessageInUse" time="0.026" classname="org.openapitools.codegen.go.GoClientCodegenTest"/>
  <system-out/>
  <testcase name="ensureParameterNameUniqueTest" time="0.005" classname="org.openapitools.codegen.go.GoClientCodegenTest"/>
  <system-out/>
  <testcase name="verifyReadOnlyAttributes" time="0.030" classname="org.openapitools.codegen.go.GoClientCodegenTest"/>
  <system-out/>
  <testcase name="testInitialConfigValues" time="0.001" classname="org.openapitools.codegen.go.GoClientCodegenTest"/>
  <system-out/>
  <testcase name="verifyTestFile" time="0.102" classname="org.openapitools.codegen.go.GoClientCodegenTest"/>
  <system-out/>
  <testcase name="testSettersForConfigValues" time="0.000" classname="org.openapitools.codegen.go.GoClientCodegenTest"/>
  <system-out/>
  <testcase name="testPrimitiveTypeInOneOf" time="0.049" classname="org.openapitools.codegen.go.GoClientCodegenTest"/>
  <system-out/>
  <testcase name="testNullableComposition" time="0.042" classname="org.openapitools.codegen.go.GoClientCodegenTest"/>
  <system-out/>
</testsuite> <!-- org.openapitools.codegen.go.GoClientCodegenTest -->
