<?xml version="1.0" encoding="UTF-8"?>
<!-- Generated by org.testng.reporters.JUnitReportReporter -->
<testsuite skipped="0" hostname="a2d94430ae94" name="org.openapitools.codegen.java.JavaInheritanceTest" tests="4" failures="0" timestamp="2023-04-09T10:15:21 UTC" time="0.003" errors="0">
  <testcase name="javaInheritanceWithDiscriminatorTest" time="0.001" classname="org.openapitools.codegen.java.JavaInheritanceTest"/>
  <system-out/>
  <testcase name="javaInheritanceTest" time="0.001" classname="org.openapitools.codegen.java.JavaInheritanceTest"/>
  <system-out/>
  <testcase name="javaInheritanceWithRequiredAttributesOnAllOfObject" time="0.001" classname="org.openapitools.codegen.java.JavaInheritanceTest"/>
  <system-out/>
  <testcase name="javaInheritanceWithRequiredAttributesOnComposedObject" time="0.000" classname="org.openapitools.codegen.java.JavaInheritanceTest"/>
  <system-out/>
</testsuite> <!-- org.openapitools.codegen.java.JavaInheritanceTest -->
