<?xml version="1.0" encoding="UTF-8"?>
<!-- Generated by org.testng.reporters.JUnitReportReporter -->
<testsuite skipped="0" hostname="a2d94430ae94" name="org.openapitools.codegen.haskellyesod.HaskellYesodServerCodegenTest" tests="3" failures="0" timestamp="2023-04-09T10:15:21 UTC" time="0.001" errors="0">
  <testcase name="testIsOverlappedPath" time="0.000" classname="org.openapitools.codegen.haskellyesod.HaskellYesodServerCodegenTest"/>
  <system-out/>
  <testcase name="testHasOverlappedPath" time="0.000" classname="org.openapitools.codegen.haskellyesod.HaskellYesodServerCodegenTest"/>
  <system-out/>
  <testcase name="testToApiTestFilename" time="0.001" classname="org.openapitools.codegen.haskellyesod.HaskellYesodServerCodegenTest"/>
  <system-out/>
</testsuite> <!-- org.openapitools.codegen.haskellyesod.HaskellYesodServerCodegenTest -->
