<?xml version="1.0" encoding="UTF-8"?>
<!-- Generated by org.testng.reporters.JUnitReportReporter -->
<testsuite skipped="0" hostname="a2d94430ae94" name="org.openapitools.codegen.swift5.Swift5ModelEnumTest" tests="4" failures="0" timestamp="2023-04-09T10:15:21 UTC" time="0.003" errors="0">
  <testcase name="convertReservedWordStringDefaultValueTest" time="0.000" classname="org.openapitools.codegen.swift5.Swift5ModelEnumTest"/>
  <system-out/>
  <testcase name="convertStringDefaultValueTest" time="0.001" classname="org.openapitools.codegen.swift5.Swift5ModelEnumTest"/>
  <system-out/>
  <testcase name="convertIntegerDefaultValueTest" time="0.001" classname="org.openapitools.codegen.swift5.Swift5ModelEnumTest"/>
  <system-out/>
  <testcase name="convertNumberDefaultValueTest" time="0.001" classname="org.openapitools.codegen.swift5.Swift5ModelEnumTest"/>
  <system-out/>
</testsuite> <!-- org.openapitools.codegen.swift5.Swift5ModelEnumTest -->
