<?xml version="1.0" encoding="UTF-8"?>
<!-- Generated by org.testng.reporters.JUnitReportReporter -->
<testsuite skipped="0" hostname="a2d94430ae94" name="org.openapitools.codegen.DefaultGeneratorTest" tests="17" failures="0" timestamp="2023-04-09T10:15:21 UTC" time="6.576" errors="0">
  <testcase name="testNonStrictProcessPaths" time="0.001" classname="org.openapitools.codegen.DefaultGeneratorTest"/>
  <system-out/>
  <testcase name="dryRunWithModelsOnly" time="0.015" classname="org.openapitools.codegen.DefaultGeneratorTest"/>
  <system-out/>
  <testcase name="dryRunWithApisOnly" time="0.014" classname="org.openapitools.codegen.DefaultGeneratorTest"/>
  <system-out/>
  <testcase name="testProcessUserDefinedTemplatesWithConfig" time="6.030" classname="org.openapitools.codegen.DefaultGeneratorTest"/>
  <system-out/>
  <testcase name="testRefModelValidationProperties" time="0.003" classname="org.openapitools.codegen.DefaultGeneratorTest"/>
  <system-out/>
  <testcase name="testHandlesTrailingSlashInServers" time="0.002" classname="org.openapitools.codegen.DefaultGeneratorTest"/>
  <system-out/>
  <testcase name="testCustomLibraryTemplates" time="0.049" classname="org.openapitools.codegen.DefaultGeneratorTest"/>
  <system-out/>
  <testcase name="testRecursionBug4650" time="0.005" classname="org.openapitools.codegen.DefaultGeneratorTest"/>
  <system-out/>
  <testcase name="supportCustomTemplateEngine" time="0.038" classname="org.openapitools.codegen.DefaultGeneratorTest"/>
  <system-out/>
  <testcase name="testProcessPaths" time="0.001" classname="org.openapitools.codegen.DefaultGeneratorTest"/>
  <system-out/>
  <testcase name="testIgnoreFileProcessing" time="0.167" classname="org.openapitools.codegen.DefaultGeneratorTest"/>
  <system-out/>
  <testcase name="testHandlesRelativeUrlsInServers" time="0.002" classname="org.openapitools.codegen.DefaultGeneratorTest"/>
  <system-out/>
  <testcase name="testFilesAreNeverOverwritten" time="0.117" classname="org.openapitools.codegen.DefaultGeneratorTest"/>
  <system-out/>
  <testcase name="dryRunWithSupportFilesSelections" time="0.017" classname="org.openapitools.codegen.DefaultGeneratorTest"/>
  <system-out/>
  <testcase name="testCustomNonLibraryTemplates" time="0.043" classname="org.openapitools.codegen.DefaultGeneratorTest"/>
  <system-out/>
  <testcase name="testBuiltinNonLibraryTemplates" time="0.036" classname="org.openapitools.codegen.DefaultGeneratorTest"/>
  <system-out/>
  <testcase name="testBuiltinLibraryTemplates" time="0.036" classname="org.openapitools.codegen.DefaultGeneratorTest"/>
  <system-out/>
</testsuite> <!-- org.openapitools.codegen.DefaultGeneratorTest -->
