<?xml version="1.0" encoding="UTF-8"?>
<!-- Generated by org.testng.reporters.JUnitReportReporter -->
<testsuite skipped="0" hostname="a2d94430ae94" name="org.openapitools.codegen.scala.SttpPackagePropertyTest" tests="3" failures="0" timestamp="2023-04-09T10:15:21 UTC" time="0.001" errors="0">
  <testcase name="shouldAllowToMixCustomPackages" time="0.000" classname="org.openapitools.codegen.scala.SttpPackagePropertyTest"/>
  <system-out/>
  <testcase name="shouldUseDefaultPackageNameIfAdditionalPropertiesAreEmpty" time="0.001" classname="org.openapitools.codegen.scala.SttpPackagePropertyTest"/>
  <system-out/>
  <testcase name="shouldUseCustomMainPackageNameIfProvided" time="0.000" classname="org.openapitools.codegen.scala.SttpPackagePropertyTest"/>
  <system-out/>
</testsuite> <!-- org.openapitools.codegen.scala.SttpPackagePropertyTest -->
