<?xml version="1.0" encoding="UTF-8"?>
<!-- Generated by org.testng.reporters.JUnitReportReporter -->
<testsuite skipped="0" hostname="a2d94430ae94" name="org.openapitools.codegen.scala.AbstractScalaCodegenTest" tests="7" failures="0" timestamp="2023-04-09T10:15:21 UTC" time="0.001" errors="0">
  <testcase name="convertVarNameCamelCase" time="0.001" classname="org.openapitools.codegen.scala.AbstractScalaCodegenTest"/>
  <system-out/>
  <testcase name="convertVarNameOriginalCase" time="0.000" classname="org.openapitools.codegen.scala.AbstractScalaCodegenTest"/>
  <system-out/>
  <testcase name="checkTypeDeclarationWithByteString" time="0.000" classname="org.openapitools.codegen.scala.AbstractScalaCodegenTest"/>
  <system-out/>
  <testcase name="checkScalaTypeImportMapping" time="0.000" classname="org.openapitools.codegen.scala.AbstractScalaCodegenTest"/>
  <system-out/>
  <testcase name="convertVarNameSnakeCase" time="0.000" classname="org.openapitools.codegen.scala.AbstractScalaCodegenTest"/>
  <system-out/>
  <testcase name="checkTypeDeclarationWithStringToArrayModelMapping" time="0.000" classname="org.openapitools.codegen.scala.AbstractScalaCodegenTest"/>
  <system-out/>
  <testcase name="convertVarNamePascalCase" time="0.000" classname="org.openapitools.codegen.scala.AbstractScalaCodegenTest"/>
  <system-out/>
</testsuite> <!-- org.openapitools.codegen.scala.AbstractScalaCodegenTest -->
