<?xml version="1.0" encoding="UTF-8"?>
<!-- Generated by org.testng.reporters.JUnitReportReporter -->
<testsuite skipped="0" hostname="a2d94430ae94" name="org.openapitools.codegen.swift5.Swift5ClientCodegenTest" tests="24" failures="0" timestamp="2023-04-09T10:15:21 UTC" time="0.188" errors="0">
  <testcase name="testCapitalsWithSpace" time="0.001" classname="org.openapitools.codegen.swift5.Swift5ClientCodegenTest"/>
  <system-out/>
  <testcase name="dateWithoutTimeTest" time="0.003" classname="org.openapitools.codegen.swift5.Swift5ClientCodegenTest"/>
  <system-out/>
  <testcase name="testCapitalizedReservedWord" time="0.000" classname="org.openapitools.codegen.swift5.Swift5ClientCodegenTest"/>
  <system-out/>
  <testcase name="crashSwift5ExampleCodeGenerationStackOverflowTest" time="0.043" classname="org.openapitools.codegen.swift5.Swift5ClientCodegenTest"/>
  <system-out/>
  <testcase name="testCapitalsWithDash" time="0.001" classname="org.openapitools.codegen.swift5.Swift5ClientCodegenTest"/>
  <system-out/>
  <testcase name="crashSwift5ExampleCodeGenerationStackOverflowBug_2Test" time="0.130" classname="org.openapitools.codegen.swift5.Swift5ClientCodegenTest"/>
  <system-out/>
  <testcase name="prefixTest" time="0.000" classname="org.openapitools.codegen.swift5.Swift5ClientCodegenTest"/>
  <system-out/>
  <testcase name="prefixExceptionTest" time="0.000" classname="org.openapitools.codegen.swift5.Swift5ClientCodegenTest"/>
  <system-out/>
  <testcase name="testCapitalsWithUnderscore" time="0.000" classname="org.openapitools.codegen.swift5.Swift5ClientCodegenTest"/>
  <system-out/>
  <testcase name="dateDefaultTest" time="0.003" classname="org.openapitools.codegen.swift5.Swift5ClientCodegenTest"/>
  <system-out/>
  <testcase name="testSingleWordAllCaps" time="0.000" classname="org.openapitools.codegen.swift5.Swift5ClientCodegenTest"/>
  <system-out/>
  <testcase name="testLowercaseWithUnderscore" time="0.000" classname="org.openapitools.codegen.swift5.Swift5ClientCodegenTest"/>
  <system-out/>
  <testcase name="shouldNotBreakCorrectName" time="0.000" classname="org.openapitools.codegen.swift5.Swift5ClientCodegenTest"/>
  <system-out/>
  <testcase name="testReservedWord" time="0.000" classname="org.openapitools.codegen.swift5.Swift5ClientCodegenTest"/>
  <system-out/>
  <testcase name="testPodAuthors" time="0.000" classname="org.openapitools.codegen.swift5.Swift5ClientCodegenTest"/>
  <system-out/>
  <testcase name="shouldNotBreakNonReservedWord" time="0.000" classname="org.openapitools.codegen.swift5.Swift5ClientCodegenTest"/>
  <system-out/>
  <testcase name="suffixExceptionTest" time="0.000" classname="org.openapitools.codegen.swift5.Swift5ClientCodegenTest"/>
  <system-out/>
  <testcase name="testDefaultPodAuthors" time="0.000" classname="org.openapitools.codegen.swift5.Swift5ClientCodegenTest"/>
  <system-out/>
  <testcase name="binaryDataTest" time="0.004" classname="org.openapitools.codegen.swift5.Swift5ClientCodegenTest"/>
  <system-out/>
  <testcase name="suffixTest" time="0.000" classname="org.openapitools.codegen.swift5.Swift5ClientCodegenTest"/>
  <system-out/>
  <testcase name="testStartingWithNumber" time="0.000" classname="org.openapitools.codegen.swift5.Swift5ClientCodegenTest"/>
  <system-out/>
  <testcase name="testSpecialCharacters" time="0.001" classname="org.openapitools.codegen.swift5.Swift5ClientCodegenTest"/>
  <system-out/>
  <testcase name="testSingleWordLowercase" time="0.000" classname="org.openapitools.codegen.swift5.Swift5ClientCodegenTest"/>
  <system-out/>
  <testcase name="dateDisabledCLITest" time="0.002" classname="org.openapitools.codegen.swift5.Swift5ClientCodegenTest"/>
  <system-out/>
</testsuite> <!-- org.openapitools.codegen.swift5.Swift5ClientCodegenTest -->
