<?xml version="1.0" encoding="UTF-8"?>
<!-- Generated by org.testng.reporters.JUnitReportReporter -->
<testsuite skipped="0" hostname="a2d94430ae94" name="org.openapitools.codegen.config.DynamicSettingsTest" tests="4" failures="0" timestamp="2023-04-09T10:15:21 UTC" time="0.038" errors="0">
  <testcase name="testDynamicSettingsSetsConstructorDefaultsOnDeserialization" time="0.001" classname="org.openapitools.codegen.config.DynamicSettingsTest"/>
  <system-out/>
  <testcase name="testFullConfigWithFilesMap" time="0.002" classname="org.openapitools.codegen.config.DynamicSettingsTest"/>
  <system-out/>
  <testcase name="tesDynamicSettingsWithDynamicProperties" time="0.035" classname="org.openapitools.codegen.config.DynamicSettingsTest"/>
  <system-out/>
  <testcase name="testDynamicSettingsWithBuilderSideEffects" time="0.000" classname="org.openapitools.codegen.config.DynamicSettingsTest"/>
  <system-out/>
</testsuite> <!-- org.openapitools.codegen.config.DynamicSettingsTest -->
