<?xml version="1.0" encoding="UTF-8"?>
<!-- Generated by org.testng.reporters.JUnitReportReporter -->
<testsuite skipped="0" hostname="a2d94430ae94" name="org.openapitools.codegen.kotlin.spring.KotlinSpringServerCodegenTest" tests="16" failures="0" timestamp="2023-04-09T10:15:21 UTC" time="4.458" errors="0">
  <testcase name="useSpringBoot3" time="0.017" classname="org.openapitools.codegen.kotlin.spring.KotlinSpringServerCodegenTest"/>
  <system-out/>
  <testcase name="doGenerateRequestParamForSimpleParam" time="0.062" classname="org.openapitools.codegen.kotlin.spring.KotlinSpringServerCodegenTest"/>
  <system-out/>
  <testcase name="testSettingInvokerPackageToBasePackage" time="0.000" classname="org.openapitools.codegen.kotlin.spring.KotlinSpringServerCodegenTest"/>
  <system-out/>
  <testcase name="testDelegatePattern" time="0.001" classname="org.openapitools.codegen.kotlin.spring.KotlinSpringServerCodegenTest"/>
  <system-out/>
  <testcase name="multiLineOperationDescriptionInterfaceOnly" time="0.011" classname="org.openapitools.codegen.kotlin.spring.KotlinSpringServerCodegenTest"/>
  <system-out/>
  <testcase name="skipDefaultInterface" time="0.012" classname="org.openapitools.codegen.kotlin.spring.KotlinSpringServerCodegenTest"/>
  <system-out/>
  <testcase name="delegateReactiveWithTags" time="0.035" classname="org.openapitools.codegen.kotlin.spring.KotlinSpringServerCodegenTest"/>
  <system-out/>
  <testcase name="multiLineOperationDescription" time="0.016" classname="org.openapitools.codegen.kotlin.spring.KotlinSpringServerCodegenTest"/>
  <system-out/>
  <testcase name="embeddedEnumArrayTest" time="4.225" classname="org.openapitools.codegen.kotlin.spring.KotlinSpringServerCodegenTest"/>
  <system-out/>
  <testcase name="testSettersForConfigValues" time="0.000" classname="org.openapitools.codegen.kotlin.spring.KotlinSpringServerCodegenTest"/>
  <system-out/>
  <testcase name="beanQualifiers" time="0.014" classname="org.openapitools.codegen.kotlin.spring.KotlinSpringServerCodegenTest"/>
  <system-out/>
  <testcase name="testAdditionalPropertiesPutForConfigValues" time="0.001" classname="org.openapitools.codegen.kotlin.spring.KotlinSpringServerCodegenTest"/>
  <system-out/>
  <testcase name="doNotGenerateRequestParamForObjectQueryParam" time="0.016" classname="org.openapitools.codegen.kotlin.spring.KotlinSpringServerCodegenTest"/>
  <system-out/>
  <testcase name="testInitialConfigValues" time="0.000" classname="org.openapitools.codegen.kotlin.spring.KotlinSpringServerCodegenTest"/>
  <system-out/>
  <testcase name="delegateWithTags" time="0.023" classname="org.openapitools.codegen.kotlin.spring.KotlinSpringServerCodegenTest"/>
  <system-out/>
  <testcase name="generateFormatForDateAndDateTimeQueryParam" time="0.025" classname="org.openapitools.codegen.kotlin.spring.KotlinSpringServerCodegenTest"/>
  <system-out/>
</testsuite> <!-- org.openapitools.codegen.kotlin.spring.KotlinSpringServerCodegenTest -->
