<?xml version="1.0" encoding="UTF-8"?>
<!-- Generated by org.testng.reporters.JUnitReportReporter -->
<testsuite skipped="0" hostname="a2d94430ae94" name="org.openapitools.codegen.scala.ScalaGatlingCodegenTest" tests="1" failures="0" timestamp="2023-04-09T10:15:21 UTC" time="0.027" errors="0">
  <testcase name="happyPath" time="0.027" classname="org.openapitools.codegen.scala.ScalaGatlingCodegenTest"/>
  <system-out/>
</testsuite> <!-- org.openapitools.codegen.scala.ScalaGatlingCodegenTest -->
