<?xml version="1.0" encoding="UTF-8"?>
<!-- Generated by org.testng.reporters.JUnitReportReporter -->
<testsuite skipped="0" hostname="a2d94430ae94" name="org.openapitools.codegen.rust.RustClientCodegenTest" tests="8" failures="0" timestamp="2023-04-09T10:15:21 UTC" time="0.007" errors="0">
  <testcase name="testLowercaseParameterName" time="0.002" classname="org.openapitools.codegen.rust.RustClientCodegenTest"/>
  <system-out/>
  <testcase name="testInitialConfigValues" time="0.000" classname="org.openapitools.codegen.rust.RustClientCodegenTest"/>
  <system-out/>
  <testcase name="testSettersForConfigValues" time="0.000" classname="org.openapitools.codegen.rust.RustClientCodegenTest"/>
  <system-out/>
  <testcase name="testAdditionalPropertiesPutForConfigValues" time="0.001" classname="org.openapitools.codegen.rust.RustClientCodegenTest"/>
  <system-out/>
  <testcase name="testWithPreferUnsigned" time="0.000" classname="org.openapitools.codegen.rust.RustClientCodegenTest"/>
  <system-out/>
  <testcase name="testWithIntegerFittingAndPreferUnsigned" time="0.001" classname="org.openapitools.codegen.rust.RustClientCodegenTest"/>
  <system-out/>
  <testcase name="testWithIntegerFitting" time="0.001" classname="org.openapitools.codegen.rust.RustClientCodegenTest"/>
  <system-out/>
  <testcase name="testWithIntegerDefaults" time="0.002" classname="org.openapitools.codegen.rust.RustClientCodegenTest"/>
  <system-out/>
</testsuite> <!-- org.openapitools.codegen.rust.RustClientCodegenTest -->
