<?xml version="1.0" encoding="UTF-8"?>
<!-- Generated by org.testng.reporters.JUnitReportReporter -->
<testsuite skipped="0" hostname="a2d94430ae94" name="org.openapitools.codegen.python.PythonPriorClientTest" tests="31" failures="0" timestamp="2023-04-09T10:15:21 UTC" time="1.195" errors="0">
  <testcase name="testRecursiveToExample" time="0.005" classname="org.openapitools.codegen.python.PythonPriorClientTest"/>
  <system-out/>
  <testcase name="simpleModelTest" time="0.000" classname="org.openapitools.codegen.python.PythonPriorClientTest"/>
  <system-out/>
  <testcase name="complexMapPropertyTest" time="0.001" classname="org.openapitools.codegen.python.PythonPriorClientTest"/>
  <system-out/>
  <testcase name="testToModel" time="0.001" classname="org.openapitools.codegen.python.PythonPriorClientTest"/>
  <system-out/>
  <testcase name="importSpecialModelNameTest" time="0.001" classname="org.openapitools.codegen.python.PythonPriorClientTest"/>
  <system-out/>
  <testcase name="testToModel" time="0.000" classname="org.openapitools.codegen.python.PythonPriorClientTest"/>
  <system-out/>
  <testcase name="mapModelTest" time="0.000" classname="org.openapitools.codegen.python.PythonPriorClientTest"/>
  <system-out/>
  <testcase name="testFreeFormSchemas" time="0.063" classname="org.openapitools.codegen.python.PythonPriorClientTest"/>
  <system-out/>
  <testcase name="testObjectWithValidations" time="0.003" classname="org.openapitools.codegen.python.PythonPriorClientTest"/>
  <system-out/>
  <testcase name="testToModel" time="0.001" classname="org.openapitools.codegen.python.PythonPriorClientTest"/>
  <system-out/>
  <testcase name="complexPropertyTest" time="0.001" classname="org.openapitools.codegen.python.PythonPriorClientTest"/>
  <system-out/>
  <testcase name="listPropertyTest" time="0.000" classname="org.openapitools.codegen.python.PythonPriorClientTest"/>
  <system-out/>
  <testcase name="mapPropertyTest" time="0.000" classname="org.openapitools.codegen.python.PythonPriorClientTest"/>
  <system-out/>
  <testcase name="testToModel" time="0.000" classname="org.openapitools.codegen.python.PythonPriorClientTest"/>
  <system-out/>
  <testcase name="defaultSettingInPrimitiveModelWithValidations" time="0.001" classname="org.openapitools.codegen.python.PythonPriorClientTest"/>
  <system-out/>
  <testcase name="testToModel" time="0.000" classname="org.openapitools.codegen.python.PythonPriorClientTest"/>
  <system-out/>
  <testcase name="testUuidExampleWorksEvenIfPatternIsDefined" time="0.003" classname="org.openapitools.codegen.python.PythonPriorClientTest"/>
  <system-out/>
  <testcase name="complexListPropertyTest" time="0.001" classname="org.openapitools.codegen.python.PythonPriorClientTest"/>
  <system-out/>
  <testcase name="testObjectModelWithRefedAdditionalPropertiesIsGenerated" time="0.866" classname="org.openapitools.codegen.python.PythonPriorClientTest"/>
  <system-out/>
  <testcase name="testToModel" time="0.000" classname="org.openapitools.codegen.python.PythonPriorClientTest"/>
  <system-out/>
  <testcase name="testToModel" time="0.001" classname="org.openapitools.codegen.python.PythonPriorClientTest"/>
  <system-out/>
  <testcase name="arrayModelTest" time="0.001" classname="org.openapitools.codegen.python.PythonPriorClientTest"/>
  <system-out/>
  <testcase name="testToModel" time="0.000" classname="org.openapitools.codegen.python.PythonPriorClientTest"/>
  <system-out/>
  <testcase name="testToModel" time="0.000" classname="org.openapitools.codegen.python.PythonPriorClientTest"/>
  <system-out/>
  <testcase name="testNoProxyPyClient" time="0.152" classname="org.openapitools.codegen.python.PythonPriorClientTest"/>
  <system-out/>
  <testcase name="testRegexObjects" time="0.002" classname="org.openapitools.codegen.python.PythonPriorClientTest"/>
  <system-out/>
  <testcase name="testToModel" time="0.000" classname="org.openapitools.codegen.python.PythonPriorClientTest"/>
  <system-out/>
  <testcase name="testToModel" time="0.000" classname="org.openapitools.codegen.python.PythonPriorClientTest"/>
  <system-out/>
  <testcase name="parseDateAndDateTimeExamplesTest" time="0.078" classname="org.openapitools.codegen.python.PythonPriorClientTest"/>
  <system-out/>
  <testcase name="modelTest" time="0.014" classname="org.openapitools.codegen.python.PythonPriorClientTest"/>
  <system-out/>
  <testcase name="testToModel" time="0.000" classname="org.openapitools.codegen.python.PythonPriorClientTest"/>
  <system-out/>
</testsuite> <!-- org.openapitools.codegen.python.PythonPriorClientTest -->
