<?xml version="1.0" encoding="UTF-8"?>
<!-- Generated by org.testng.reporters.JUnitReportReporter -->
<testsuite skipped="0" hostname="a2d94430ae94" name="org.openapitools.codegen.kotlin.KotlinTestUtilsTest" tests="2" failures="0" timestamp="2023-04-09T10:15:21 UTC" time="0.261" errors="0">
  <testcase name="testBadCompile" time="0.145" classname="org.openapitools.codegen.kotlin.KotlinTestUtilsTest"/>
  <system-out/>
  <testcase name="testNormalCompile" time="0.116" classname="org.openapitools.codegen.kotlin.KotlinTestUtilsTest"/>
  <system-out/>
</testsuite> <!-- org.openapitools.codegen.kotlin.KotlinTestUtilsTest -->
