<?xml version="1.0" encoding="UTF-8"?>
<!-- Generated by org.testng.reporters.JUnitReportReporter -->
<testsuite skipped="0" hostname="a2d94430ae94" name="org.openapitools.codegen.java.apachehttpclient.ApacheHttpClientCodegenTest" tests="2" failures="0" timestamp="2023-04-09T10:15:21 UTC" time="0.174" errors="0">
  <testcase name="testApacheHttpClientExplodedQueryParamObject" time="0.098" classname="org.openapitools.codegen.java.apachehttpclient.ApacheHttpClientCodegenTest"/>
  <system-out/>
  <testcase name="testApacheHttpClientExplodedQueryParamWithArrayProperty" time="0.076" classname="org.openapitools.codegen.java.apachehttpclient.ApacheHttpClientCodegenTest"/>
  <system-out/>
</testsuite> <!-- org.openapitools.codegen.java.apachehttpclient.ApacheHttpClientCodegenTest -->
