<?xml version="1.0" encoding="UTF-8"?>
<!-- Generated by org.testng.reporters.JUnitReportReporter -->
<testsuite skipped="0" hostname="a2d94430ae94" name="org.openapitools.codegen.php.PhpSymfonyServerCodegenTest" tests="5" failures="0" timestamp="2023-04-09T10:15:21 UTC" time="0.070" errors="0">
  <testcase name="testGeneratePingWithDifferentSourceDirectory" time="0.035" classname="org.openapitools.codegen.php.PhpSymfonyServerCodegenTest"/>
  <system-out/>
  <testcase name="testAdditionalPropertiesPutForConfigValues" time="0.001" classname="org.openapitools.codegen.php.PhpSymfonyServerCodegenTest"/>
  <system-out/>
  <testcase name="testInitialConfigValues" time="0.001" classname="org.openapitools.codegen.php.PhpSymfonyServerCodegenTest"/>
  <system-out/>
  <testcase name="testSettersForConfigValues" time="0.000" classname="org.openapitools.codegen.php.PhpSymfonyServerCodegenTest"/>
  <system-out/>
  <testcase name="testGeneratePing" time="0.033" classname="org.openapitools.codegen.php.PhpSymfonyServerCodegenTest"/>
  <system-out/>
</testsuite> <!-- org.openapitools.codegen.php.PhpSymfonyServerCodegenTest -->
