<?xml version="1.0" encoding="UTF-8"?>
<!-- Generated by org.testng.reporters.JUnitReportReporter -->
<testsuite skipped="0" hostname="a2d94430ae94" name="org.openapitools.codegen.mysql.MysqlSchemaCodegenTest" tests="19" failures="0" timestamp="2023-04-09T10:15:21 UTC" time="0.004" errors="0">
  <testcase name="testGetNamedParametersEnabled" time="0.000" classname="org.openapitools.codegen.mysql.MysqlSchemaCodegenTest"/>
  <system-out/>
  <testcase name="testSetIdentifierNamingConvention" time="0.000" classname="org.openapitools.codegen.mysql.MysqlSchemaCodegenTest"/>
  <system-out/>
  <testcase name="testToCodegenMysqlDataTypeDefaultWithExceptionalColumnType" time="0.000" classname="org.openapitools.codegen.mysql.MysqlSchemaCodegenTest"/>
  <system-out/>
  <testcase name="testGetMysqlMatchedIntegerDataType" time="0.000" classname="org.openapitools.codegen.mysql.MysqlSchemaCodegenTest"/>
  <system-out/>
  <testcase name="testEscapeMysqlQuotedIdentifier" time="0.000" classname="org.openapitools.codegen.mysql.MysqlSchemaCodegenTest"/>
  <system-out/>
  <testcase name="testGetJsonDataTypeEnabled" time="0.000" classname="org.openapitools.codegen.mysql.MysqlSchemaCodegenTest"/>
  <system-out/>
  <testcase name="testSetNamedParametersEnabled" time="0.001" classname="org.openapitools.codegen.mysql.MysqlSchemaCodegenTest"/>
  <system-out/>
  <testcase name="testToCodegenMysqlDataTypeArgument" time="0.000" classname="org.openapitools.codegen.mysql.MysqlSchemaCodegenTest"/>
  <system-out/>
  <testcase name="testEscapeMysqlUnquotedIdentifier" time="0.001" classname="org.openapitools.codegen.mysql.MysqlSchemaCodegenTest"/>
  <system-out/>
  <testcase name="testIsReservedWord" time="0.001" classname="org.openapitools.codegen.mysql.MysqlSchemaCodegenTest"/>
  <system-out/>
  <testcase name="testSetDefaultDatabaseName" time="0.000" classname="org.openapitools.codegen.mysql.MysqlSchemaCodegenTest"/>
  <system-out/>
  <testcase name="testToMysqlIdentifierWithEmptyString" time="0.000" classname="org.openapitools.codegen.mysql.MysqlSchemaCodegenTest"/>
  <system-out/>
  <testcase name="testSetJsonDataTypeEnabled" time="0.000" classname="org.openapitools.codegen.mysql.MysqlSchemaCodegenTest"/>
  <system-out/>
  <testcase name="testToMysqlIdentifier" time="0.000" classname="org.openapitools.codegen.mysql.MysqlSchemaCodegenTest"/>
  <system-out/>
  <testcase name="testGetIdentifierNamingConvention" time="0.000" classname="org.openapitools.codegen.mysql.MysqlSchemaCodegenTest"/>
  <system-out/>
  <testcase name="testGetMysqlMatchedStringDataType" time="0.001" classname="org.openapitools.codegen.mysql.MysqlSchemaCodegenTest"/>
  <system-out/>
  <testcase name="testIsMysqlDataType" time="0.000" classname="org.openapitools.codegen.mysql.MysqlSchemaCodegenTest"/>
  <system-out/>
  <testcase name="testToCodegenMysqlDataTypeDefault" time="0.000" classname="org.openapitools.codegen.mysql.MysqlSchemaCodegenTest"/>
  <system-out/>
  <testcase name="testGetDefaultDatabaseName" time="0.000" classname="org.openapitools.codegen.mysql.MysqlSchemaCodegenTest"/>
  <system-out/>
</testsuite> <!-- org.openapitools.codegen.mysql.MysqlSchemaCodegenTest -->
