<?xml version="1.0" encoding="UTF-8"?>
<!-- Generated by org.testng.reporters.JUnitReportReporter -->
<testsuite skipped="0" hostname="a2d94430ae94" name="org.openapitools.codegen.java.jaxrs.JavaJAXRSCXFExtServerCodegenTest" tests="12" failures="0" timestamp="2023-04-09T10:15:21 UTC" time="2.458" errors="0">
  <testcase name="testExtraAnnotations" time="1.060" classname="org.openapitools.codegen.java.jaxrs.JavaJAXRSCXFExtServerCodegenTest"/>
  <system-out/>
  <testcase name="testAddOperationToGroupUseTagsFalse" time="0.067" classname="org.openapitools.codegen.java.jaxrs.JavaJAXRSCXFExtServerCodegenTest"/>
  <system-out/>
  <testcase name="generateJsonAnnotationForPolymorphism" time="0.112" classname="org.openapitools.codegen.java.jaxrs.JavaJAXRSCXFExtServerCodegenTest"/>
  <system-out/>
  <testcase name="testAdditionalPropertiesPutForConfigValues" time="0.023" classname="org.openapitools.codegen.java.jaxrs.JavaJAXRSCXFExtServerCodegenTest"/>
  <system-out/>
  <testcase name="testSettersForConfigValues" time="0.001" classname="org.openapitools.codegen.java.jaxrs.JavaJAXRSCXFExtServerCodegenTest"/>
  <system-out/>
  <testcase name="testAddOperationToGroupUseTagsTrue" time="0.043" classname="org.openapitools.codegen.java.jaxrs.JavaJAXRSCXFExtServerCodegenTest"/>
  <system-out/>
  <testcase name="doNotGenerateJsonAnnotationForPolymorphismIfJsonExclude" time="0.213" classname="org.openapitools.codegen.java.jaxrs.JavaJAXRSCXFExtServerCodegenTest"/>
  <system-out/>
  <testcase name="testGenerateOperationBodyWithCodedTestData" time="0.383" classname="org.openapitools.codegen.java.jaxrs.JavaJAXRSCXFExtServerCodegenTest"/>
  <system-out/>
  <testcase name="testInitialConfigValues" time="0.001" classname="org.openapitools.codegen.java.jaxrs.JavaJAXRSCXFExtServerCodegenTest"/>
  <system-out/>
  <testcase name="testGenerateOperationBodyWithJsonTestData" time="0.246" classname="org.openapitools.codegen.java.jaxrs.JavaJAXRSCXFExtServerCodegenTest"/>
  <system-out/>
  <testcase name="addDefaultValueDocumentationForNonContainers" time="0.261" classname="org.openapitools.codegen.java.jaxrs.JavaJAXRSCXFExtServerCodegenTest"/>
  <system-out/>
  <testcase name="doNotAddDefaultValueDocumentationForContainers" time="0.048" classname="org.openapitools.codegen.java.jaxrs.JavaJAXRSCXFExtServerCodegenTest"/>
  <system-out/>
</testsuite> <!-- org.openapitools.codegen.java.jaxrs.JavaJAXRSCXFExtServerCodegenTest -->
