<?xml version="1.0" encoding="UTF-8"?>
<!-- Generated by org.testng.reporters.JUnitReportReporter -->
<testsuite skipped="0" hostname="a2d94430ae94" name="org.openapitools.codegen.scalaakka.ScalaAkkaClientCodegenTest" tests="15" failures="0" timestamp="2023-04-09T10:15:21 UTC" time="0.281" errors="0">
  <testcase name="complexPropertyTest" time="0.001" classname="org.openapitools.codegen.scalaakka.ScalaAkkaClientCodegenTest"/>
  <system-out/>
  <testcase name="overridePackagesTest" time="0.036" classname="org.openapitools.codegen.scalaakka.ScalaAkkaClientCodegenTest"/>
  <system-out/>
  <testcase name="mainPackageTest" time="0.041" classname="org.openapitools.codegen.scalaakka.ScalaAkkaClientCodegenTest"/>
  <system-out/>
  <testcase name="mapModelTest" time="0.001" classname="org.openapitools.codegen.scalaakka.ScalaAkkaClientCodegenTest"/>
  <system-out/>
  <testcase name="mapPropertyTest" time="0.001" classname="org.openapitools.codegen.scalaakka.ScalaAkkaClientCodegenTest"/>
  <system-out/>
  <testcase name="codeGenerationTest" time="0.034" classname="org.openapitools.codegen.scalaakka.ScalaAkkaClientCodegenTest"/>
  <system-out/>
  <testcase name="listPropertyTest" time="0.000" classname="org.openapitools.codegen.scalaakka.ScalaAkkaClientCodegenTest"/>
  <system-out/>
  <testcase name="complexMapPropertyTest" time="0.001" classname="org.openapitools.codegen.scalaakka.ScalaAkkaClientCodegenTest"/>
  <system-out/>
  <testcase name="codeGenerationJava8Test" time="0.156" classname="org.openapitools.codegen.scalaakka.ScalaAkkaClientCodegenTest"/>
  <system-out/>
  <testcase name="arrayModelTest" time="0.001" classname="org.openapitools.codegen.scalaakka.ScalaAkkaClientCodegenTest"/>
  <system-out/>
  <testcase name="stripModelNameTest" time="0.001" classname="org.openapitools.codegen.scalaakka.ScalaAkkaClientCodegenTest"/>
  <system-out/>
  <testcase name="complexListPropertyTest" time="0.004" classname="org.openapitools.codegen.scalaakka.ScalaAkkaClientCodegenTest"/>
  <system-out/>
  <testcase name="simpleModelTest" time="0.001" classname="org.openapitools.codegen.scalaakka.ScalaAkkaClientCodegenTest"/>
  <system-out/>
  <testcase name="complexSetPropertyTest" time="0.001" classname="org.openapitools.codegen.scalaakka.ScalaAkkaClientCodegenTest"/>
  <system-out/>
  <testcase name="arrayAsSetModelTest" time="0.002" classname="org.openapitools.codegen.scalaakka.ScalaAkkaClientCodegenTest"/>
  <system-out/>
</testsuite> <!-- org.openapitools.codegen.scalaakka.ScalaAkkaClientCodegenTest -->
