<?xml version="1.0" encoding="UTF-8"?>
<!-- Generated by org.testng.reporters.JUnitReportReporter -->
<testsuite skipped="0" hostname="a2d94430ae94" name="org.openapitools.codegen.kotlin.jvm_volley.KotlinJvmVolleyModelCodegenTest" tests="2" failures="0" timestamp="2023-04-09T10:15:21 UTC" time="0.110" errors="0">
  <testcase name="modelsWithoutRoomModels" time="0.045" classname="org.openapitools.codegen.kotlin.jvm_volley.KotlinJvmVolleyModelCodegenTest"/>
  <system-out/>
  <testcase name="modelsWithRoomModels" time="0.065" classname="org.openapitools.codegen.kotlin.jvm_volley.KotlinJvmVolleyModelCodegenTest"/>
  <system-out/>
</testsuite> <!-- org.openapitools.codegen.kotlin.jvm_volley.KotlinJvmVolleyModelCodegenTest -->
