<?xml version="1.0" encoding="UTF-8"?>
<!-- Generated by org.testng.reporters.JUnitReportReporter -->
<testsuite skipped="0" hostname="a2d94430ae94" name="org.openapitools.codegen.java.helidon.JavaHelidonCommonCodegenPackagePrefixTest" tests="27" failures="0" timestamp="2023-04-09T10:15:21 UTC" time="2.007" errors="0">
  <testcase name="checkValidCombinations" time="0.074" classname="org.openapitools.codegen.java.helidon.JavaHelidonCommonCodegenPackagePrefixTest"/>
  <system-out/>
  <testcase name="checkValidCombinations" time="0.114" classname="org.openapitools.codegen.java.helidon.JavaHelidonCommonCodegenPackagePrefixTest"/>
  <system-out/>
  <testcase name="checkValidCombinations" time="0.120" classname="org.openapitools.codegen.java.helidon.JavaHelidonCommonCodegenPackagePrefixTest"/>
  <system-out/>
  <testcase name="checkValidCombinations" time="0.115" classname="org.openapitools.codegen.java.helidon.JavaHelidonCommonCodegenPackagePrefixTest"/>
  <system-out/>
  <testcase name="checkInvalidCombinations" time="0.033" classname="org.openapitools.codegen.java.helidon.JavaHelidonCommonCodegenPackagePrefixTest"/>
  <system-out/>
  <testcase name="checkValidCombinations" time="0.097" classname="org.openapitools.codegen.java.helidon.JavaHelidonCommonCodegenPackagePrefixTest"/>
  <system-out/>
  <testcase name="checkInvalidCombinations" time="0.026" classname="org.openapitools.codegen.java.helidon.JavaHelidonCommonCodegenPackagePrefixTest"/>
  <system-out/>
  <testcase name="checkValidCombinations" time="0.113" classname="org.openapitools.codegen.java.helidon.JavaHelidonCommonCodegenPackagePrefixTest"/>
  <system-out/>
  <testcase name="checkValidCombinations" time="0.107" classname="org.openapitools.codegen.java.helidon.JavaHelidonCommonCodegenPackagePrefixTest"/>
  <system-out/>
  <testcase name="checkValidCombinations" time="0.115" classname="org.openapitools.codegen.java.helidon.JavaHelidonCommonCodegenPackagePrefixTest"/>
  <system-out/>
  <testcase name="checkValidCombinations" time="0.097" classname="org.openapitools.codegen.java.helidon.JavaHelidonCommonCodegenPackagePrefixTest"/>
  <system-out/>
  <testcase name="checkValidCombinations" time="0.097" classname="org.openapitools.codegen.java.helidon.JavaHelidonCommonCodegenPackagePrefixTest"/>
  <system-out/>
  <testcase name="checkInvalidCombinations" time="0.028" classname="org.openapitools.codegen.java.helidon.JavaHelidonCommonCodegenPackagePrefixTest"/>
  <system-out/>
  <testcase name="checkValidCombinations" time="0.104" classname="org.openapitools.codegen.java.helidon.JavaHelidonCommonCodegenPackagePrefixTest"/>
  <system-out/>
  <testcase name="checkInvalidCombinations" time="0.026" classname="org.openapitools.codegen.java.helidon.JavaHelidonCommonCodegenPackagePrefixTest"/>
  <system-out/>
  <testcase name="checkInvalidCombinations" time="0.024" classname="org.openapitools.codegen.java.helidon.JavaHelidonCommonCodegenPackagePrefixTest"/>
  <system-out/>
  <testcase name="checkInvalidCombinations" time="0.025" classname="org.openapitools.codegen.java.helidon.JavaHelidonCommonCodegenPackagePrefixTest"/>
  <system-out/>
  <testcase name="checkValidCombinations" time="0.065" classname="org.openapitools.codegen.java.helidon.JavaHelidonCommonCodegenPackagePrefixTest"/>
  <system-out/>
  <testcase name="checkInvalidCombinations" time="0.025" classname="org.openapitools.codegen.java.helidon.JavaHelidonCommonCodegenPackagePrefixTest"/>
  <system-out/>
  <testcase name="checkValidCombinations" time="0.081" classname="org.openapitools.codegen.java.helidon.JavaHelidonCommonCodegenPackagePrefixTest"/>
  <system-out/>
  <testcase name="checkValidCombinations" time="0.081" classname="org.openapitools.codegen.java.helidon.JavaHelidonCommonCodegenPackagePrefixTest"/>
  <system-out/>
  <testcase name="checkInvalidCombinations" time="0.031" classname="org.openapitools.codegen.java.helidon.JavaHelidonCommonCodegenPackagePrefixTest"/>
  <system-out/>
  <testcase name="checkInvalidCombinations" time="0.027" classname="org.openapitools.codegen.java.helidon.JavaHelidonCommonCodegenPackagePrefixTest"/>
  <system-out/>
  <testcase name="checkValidCombinations" time="0.074" classname="org.openapitools.codegen.java.helidon.JavaHelidonCommonCodegenPackagePrefixTest"/>
  <system-out/>
  <testcase name="checkValidCombinations" time="0.102" classname="org.openapitools.codegen.java.helidon.JavaHelidonCommonCodegenPackagePrefixTest"/>
  <system-out/>
  <testcase name="checkValidCombinations" time="0.084" classname="org.openapitools.codegen.java.helidon.JavaHelidonCommonCodegenPackagePrefixTest"/>
  <system-out/>
  <testcase name="checkValidCombinations" time="0.122" classname="org.openapitools.codegen.java.helidon.JavaHelidonCommonCodegenPackagePrefixTest"/>
  <system-out/>
</testsuite> <!-- org.openapitools.codegen.java.helidon.JavaHelidonCommonCodegenPackagePrefixTest -->
