<?xml version="1.0" encoding="UTF-8"?>
<!-- Generated by org.testng.reporters.JUnitReportReporter -->
<testsuite skipped="0" hostname="a2d94430ae94" name="org.openapitools.codegen.python.PythonClientTest" tests="13" failures="0" timestamp="2023-04-09T10:15:21 UTC" time="6.768" errors="0">
  <testcase name="testEnumNames" time="0.007" classname="org.openapitools.codegen.python.PythonClientTest"/>
  <system-out/>
  <testcase name="testImportWithQualifiedPackageName" time="0.001" classname="org.openapitools.codegen.python.PythonClientTest"/>
  <system-out/>
  <testcase name="testRecursiveExampleValueWithCycle" time="0.003" classname="org.openapitools.codegen.python.PythonClientTest"/>
  <system-out/>
  <testcase name="testSpecWithAcceptableVersionAndExtension" time="0.001" classname="org.openapitools.codegen.python.PythonClientTest"/>
  <system-out/>
  <testcase name="testRegexWithoutTrailingSlashWorks" time="0.002" classname="org.openapitools.codegen.python.PythonClientTest"/>
  <system-out/>
  <testcase name="testSpecWithTooLowVersionThrowsException" time="0.008" classname="org.openapitools.codegen.python.PythonClientTest"/>
  <system-out/>
  <testcase name="testApiTestsNotGenerated" time="6.038" classname="org.openapitools.codegen.python.PythonClientTest"/>
  <system-out/>
  <testcase name="testRegexWithMultipleFlagsWorks" time="0.001" classname="org.openapitools.codegen.python.PythonClientTest"/>
  <system-out/>
  <testcase name="testSpecWithAcceptableVersion" time="0.011" classname="org.openapitools.codegen.python.PythonClientTest"/>
  <system-out/>
  <testcase name="testApisNotGenerated" time="0.690" classname="org.openapitools.codegen.python.PythonClientTest"/>
  <system-out/>
  <testcase name="testRecursiveGeoJsonExampleWhenTypeIsGeometryCollection" time="0.002" classname="org.openapitools.codegen.python.PythonClientTest"/>
  <system-out/>
  <testcase name="testIdenticalSchemasHaveDifferentBasenames" time="0.000" classname="org.openapitools.codegen.python.PythonClientTest"/>
  <system-out/>
  <testcase name="testRecursiveGeoJsonExampleWhenTypeIsGeoJsonGeometry" time="0.004" classname="org.openapitools.codegen.python.PythonClientTest"/>
  <system-out/>
</testsuite> <!-- org.openapitools.codegen.python.PythonClientTest -->
