<?xml version="1.0" encoding="UTF-8"?>
<!-- Generated by org.testng.reporters.JUnitReportReporter -->
<testsuite skipped="0" hostname="a2d94430ae94" name="org.openapitools.codegen.bash.BashTest" tests="5" failures="0" timestamp="2023-04-09T10:15:21 UTC" time="0.018" errors="0">
  <testcase name="escapeUnsafeCharactersTest" time="0.001" classname="org.openapitools.codegen.bash.BashTest"/>
  <system-out/>
  <testcase name="petstoreParameterExampleTest" time="0.007" classname="org.openapitools.codegen.bash.BashTest"/>
  <system-out/>
  <testcase name="escapeTextTest" time="0.001" classname="org.openapitools.codegen.bash.BashTest"/>
  <system-out/>
  <testcase name="escapeReservedWordTest" time="0.000" classname="org.openapitools.codegen.bash.BashTest"/>
  <system-out/>
  <testcase name="petstoreOperationTest" time="0.009" classname="org.openapitools.codegen.bash.BashTest"/>
  <system-out/>
</testsuite> <!-- org.openapitools.codegen.bash.BashTest -->
