<?xml version="1.0" encoding="UTF-8"?>
<!-- Generated by org.testng.reporters.JUnitReportReporter -->
<testsuite skipped="0" hostname="a2d94430ae94" name="org.openapitools.codegen.java.AbstractJavaCodegenExampleValuesTest" tests="9" failures="0" timestamp="2023-04-09T10:15:21 UTC" time="0.000" errors="0">
  <testcase name="dateGivenExample" time="0.000" classname="org.openapitools.codegen.java.AbstractJavaCodegenExampleValuesTest"/>
  <system-out/>
  <testcase name="uuidGivenExample" time="0.000" classname="org.openapitools.codegen.java.AbstractJavaCodegenExampleValuesTest"/>
  <system-out/>
  <testcase name="uuidDefault" time="0.000" classname="org.openapitools.codegen.java.AbstractJavaCodegenExampleValuesTest"/>
  <system-out/>
  <testcase name="inlineEnum" time="0.000" classname="org.openapitools.codegen.java.AbstractJavaCodegenExampleValuesTest"/>
  <system-out/>
  <testcase name="dateTimeGivenExample" time="0.000" classname="org.openapitools.codegen.java.AbstractJavaCodegenExampleValuesTest"/>
  <system-out/>
  <testcase name="dateDefault" time="0.000" classname="org.openapitools.codegen.java.AbstractJavaCodegenExampleValuesTest"/>
  <system-out/>
  <testcase name="referencedEnumTakeFirstName" time="0.000" classname="org.openapitools.codegen.java.AbstractJavaCodegenExampleValuesTest"/>
  <system-out/>
  <testcase name="inlineEnumArray" time="0.000" classname="org.openapitools.codegen.java.AbstractJavaCodegenExampleValuesTest"/>
  <system-out/>
  <testcase name="dateTimeDefault" time="0.000" classname="org.openapitools.codegen.java.AbstractJavaCodegenExampleValuesTest"/>
  <system-out/>
</testsuite> <!-- org.openapitools.codegen.java.AbstractJavaCodegenExampleValuesTest -->
