<?xml version="1.0" encoding="UTF-8"?>
<!-- Generated by org.testng.reporters.JUnitReportReporter -->
<testsuite skipped="1" hostname="a2d94430ae94" name="org.openapitools.codegen.csharp.CsharpModelEnumTest" tests="4" failures="0" timestamp="2023-04-09T10:15:21 UTC" time="0.066" errors="0">
  <testcase name="useDefaultEnumSuffixes" time="0.020" classname="org.openapitools.codegen.csharp.CsharpModelEnumTest"/>
  <system-out/>
  <testcase name="useEmptyEnumSuffixes" time="0.023" classname="org.openapitools.codegen.csharp.CsharpModelEnumTest"/>
  <system-out/>
  <testcase name="useCustomEnumSuffixes" time="0.023" classname="org.openapitools.codegen.csharp.CsharpModelEnumTest"/>
  <system-out/>
  <testcase name="overrideEnumTest" classname="org.openapitools.codegen.csharp.CsharpModelEnumTest">
    <skipped/>
  </testcase> <!-- overrideEnumTest -->
  <system-out/>
</testsuite> <!-- org.openapitools.codegen.csharp.CsharpModelEnumTest -->
