<?xml version="1.0" encoding="UTF-8"?>
<!-- Generated by org.testng.reporters.JUnitReportReporter -->
<testsuite skipped="0" hostname="a2d94430ae94" name="org.openapitools.codegen.html.StaticHtmlGeneratorTest" tests="3" failures="0" timestamp="2023-04-09T10:15:21 UTC" time="0.021" errors="0">
  <testcase name="testFromPropertyWithUnderscores" time="0.001" classname="org.openapitools.codegen.html.StaticHtmlGeneratorTest"/>
  <system-out/>
  <testcase name="testSpecWithoutSchema" time="0.009" classname="org.openapitools.codegen.html.StaticHtmlGeneratorTest"/>
  <system-out/>
  <testcase name="testAdditionalPropertiesFalse" time="0.011" classname="org.openapitools.codegen.html.StaticHtmlGeneratorTest"/>
  <system-out/>
</testsuite> <!-- org.openapitools.codegen.html.StaticHtmlGeneratorTest -->
