<?xml version="1.0" encoding="UTF-8"?>
<!-- Generated by org.testng.reporters.JUnitReportReporter -->
<testsuite skipped="0" hostname="a2d94430ae94" name="org.openapitools.codegen.java.helidon.JavaHelidonMpServerCodegenTest" tests="11" failures="0" timestamp="2023-04-09T10:15:21 UTC" time="1.174" errors="0">
  <testcase name="testGenerateGradleProject" time="0.109" classname="org.openapitools.codegen.java.helidon.JavaHelidonMpServerCodegenTest"/>
  <system-out/>
  <testcase name="testSupportAsync" time="0.100" classname="org.openapitools.codegen.java.helidon.JavaHelidonMpServerCodegenTest"/>
  <system-out/>
  <testcase name="validateUserApi" time="0.121" classname="org.openapitools.codegen.java.helidon.JavaHelidonMpServerCodegenTest"/>
  <system-out/>
  <testcase name="testAbstractClass" time="0.155" classname="org.openapitools.codegen.java.helidon.JavaHelidonMpServerCodegenTest"/>
  <system-out/>
  <testcase name="validateStoreApi" time="0.097" classname="org.openapitools.codegen.java.helidon.JavaHelidonMpServerCodegenTest"/>
  <system-out/>
  <testcase name="testReturnResponse" time="0.085" classname="org.openapitools.codegen.java.helidon.JavaHelidonMpServerCodegenTest"/>
  <system-out/>
  <testcase name="testJsonb" time="0.089" classname="org.openapitools.codegen.java.helidon.JavaHelidonMpServerCodegenTest"/>
  <system-out/>
  <testcase name="testRestApiFilesOnly" time="0.090" classname="org.openapitools.codegen.java.helidon.JavaHelidonMpServerCodegenTest"/>
  <system-out/>
  <testcase name="testFullProject" time="0.133" classname="org.openapitools.codegen.java.helidon.JavaHelidonMpServerCodegenTest"/>
  <system-out/>
  <testcase name="validatePetApi" time="0.094" classname="org.openapitools.codegen.java.helidon.JavaHelidonMpServerCodegenTest"/>
  <system-out/>
  <testcase name="testJackson" time="0.101" classname="org.openapitools.codegen.java.helidon.JavaHelidonMpServerCodegenTest"/>
  <system-out/>
</testsuite> <!-- org.openapitools.codegen.java.helidon.JavaHelidonMpServerCodegenTest -->
