<?xml version="1.0" encoding="UTF-8"?>
<!-- Generated by org.testng.reporters.JUnitReportReporter -->
<testsuite skipped="0" hostname="a2d94430ae94" name="org.openapitools.codegen.yaml.YamlGeneratorTest" tests="3" failures="0" timestamp="2023-04-09T10:15:21 UTC" time="0.071" errors="0">
  <testcase name="testIssue9086" time="0.035" classname="org.openapitools.codegen.yaml.YamlGeneratorTest"/>
  <system-out/>
  <testcase name="testGeneratePingOtherOutputFile" time="0.018" classname="org.openapitools.codegen.yaml.YamlGeneratorTest"/>
  <system-out/>
  <testcase name="testGeneratePing" time="0.018" classname="org.openapitools.codegen.yaml.YamlGeneratorTest"/>
  <system-out/>
</testsuite> <!-- org.openapitools.codegen.yaml.YamlGeneratorTest -->
