<?xml version="1.0" encoding="UTF-8"?>
<!-- Generated by org.testng.reporters.JUnitReportReporter -->
<testsuite skipped="4" hostname="a2d94430ae94" name="org.openapitools.codegen.java.JavaClientCodegenTest" tests="68" failures="0" timestamp="2023-04-09T10:15:21 UTC" time="5.593" errors="0">
  <testcase name="testNotDuplicateOauth2FlowsScopes" time="0.004" classname="org.openapitools.codegen.java.JavaClientCodegenTest"/>
  <system-out/>
  <testcase name="testJdkHttpClient" time="0.076" classname="org.openapitools.codegen.java.JavaClientCodegenTest"/>
  <system-out/>
  <testcase name="testSettersForConfigValues" time="0.001" classname="org.openapitools.codegen.java.JavaClientCodegenTest"/>
  <system-out/>
  <testcase name="testReferencedHeader" time="0.002" classname="org.openapitools.codegen.java.JavaClientCodegenTest"/>
  <system-out/>
  <testcase name="testExtraAnnotationsJersey2" time="0.107" classname="org.openapitools.codegen.java.JavaClientCodegenTest"/>
  <system-out/>
  <testcase name="testAllowModelWithNoProperties" time="0.148" classname="org.openapitools.codegen.java.JavaClientCodegenTest"/>
  <system-out/>
  <testcase name="updateCodegenPropertyEnumWithCustomNames" time="0.001" classname="org.openapitools.codegen.java.JavaClientCodegenTest"/>
  <system-out/>
  <testcase name="testExtraAnnotationsApache" time="0.116" classname="org.openapitools.codegen.java.JavaClientCodegenTest"/>
  <system-out/>
  <testcase name="testGeneratePingSomeObj" time="0.119" classname="org.openapitools.codegen.java.JavaClientCodegenTest"/>
  <system-out/>
  <testcase name="testExtraAnnotationsRestEasy" time="0.145" classname="org.openapitools.codegen.java.JavaClientCodegenTest"/>
  <system-out/>
  <testcase name="testJdkHttpAsyncClient" time="0.084" classname="org.openapitools.codegen.java.JavaClientCodegenTest"/>
  <system-out/>
  <testcase name="testForJavaApacheHttpClientOverrideSetter" time="0.171" classname="org.openapitools.codegen.java.JavaClientCodegenTest"/>
  <system-out/>
  <testcase name="testAnyType" time="0.006" classname="org.openapitools.codegen.java.JavaClientCodegenTest"/>
  <system-out/>
  <testcase name="testExtraAnnotationsOKHttpGSON" time="0.150" classname="org.openapitools.codegen.java.JavaClientCodegenTest"/>
  <system-out/>
  <testcase name="arraysInRequestBody" time="0.002" classname="org.openapitools.codegen.java.JavaClientCodegenTest"/>
  <system-out/>
  <testcase name="testWebClientJsonCreatorWithNullable_issue12790" time="0.045" classname="org.openapitools.codegen.java.JavaClientCodegenTest"/>
  <system-out/>
  <testcase name="testMicroprofileRestClientVersion_1_4_1" time="0.102" classname="org.openapitools.codegen.java.JavaClientCodegenTest"/>
  <system-out/>
  <testcase name="testMicroprofileRestClientVersion_3_0" time="0.140" classname="org.openapitools.codegen.java.JavaClientCodegenTest"/>
  <system-out/>
  <testcase name="testAdditionalPropertiesPutForConfigValues" time="0.001" classname="org.openapitools.codegen.java.JavaClientCodegenTest"/>
  <system-out/>
  <testcase name="escapeName" time="0.000" classname="org.openapitools.codegen.java.JavaClientCodegenTest"/>
  <system-out/>
  <testcase name="testDiscriminatorWithoutMappingIssue14731" time="0.090" classname="org.openapitools.codegen.java.JavaClientCodegenTest"/>
  <system-out/>
  <testcase name="testExtraAnnotationsWebClient" time="0.186" classname="org.openapitools.codegen.java.JavaClientCodegenTest"/>
  <system-out/>
  <testcase name="testGetSchemaTypeWithComposedSchemaWithAllOf" time="0.003" classname="org.openapitools.codegen.java.JavaClientCodegenTest"/>
  <system-out/>
  <testcase name="testJdkHttpClientWithAndWithoutParentExtension" time="0.129" classname="org.openapitools.codegen.java.JavaClientCodegenTest"/>
  <system-out/>
  <testcase name="shouldGenerateBlockingAndNoBlockingOperationsForWebClient" time="0.668" classname="org.openapitools.codegen.java.JavaClientCodegenTest"/>
  <system-out/>
  <testcase name="testExtraAnnotationsJersey1" time="0.113" classname="org.openapitools.codegen.java.JavaClientCodegenTest"/>
  <system-out/>
  <testcase name="testExtraAnnotationsMicroprofile" time="0.068" classname="org.openapitools.codegen.java.JavaClientCodegenTest"/>
  <system-out/>
  <testcase name="testParametersAreCorrectlyOrderedWhenUsingRetrofit" time="0.001" classname="org.openapitools.codegen.java.JavaClientCodegenTest"/>
  <system-out/>
  <testcase name="testExtraAnnotationsGoogleApiClient" time="0.108" classname="org.openapitools.codegen.java.JavaClientCodegenTest"/>
  <system-out/>
  <testcase name="testAuthorizationsMethodsSizeWhenFiltered" time="0.008" classname="org.openapitools.codegen.java.JavaClientCodegenTest"/>
  <system-out/>
  <testcase name="testExtraAnnotationsVertx" time="0.150" classname="org.openapitools.codegen.java.JavaClientCodegenTest"/>
  <system-out/>
  <testcase name="testDefaultMicroprofileRestClientVersion" time="0.139" classname="org.openapitools.codegen.java.JavaClientCodegenTest"/>
  <system-out/>
  <testcase name="updateCodegenPropertyEnum" time="0.000" classname="org.openapitools.codegen.java.JavaClientCodegenTest"/>
  <system-out/>
  <testcase name="testExtraAnnotationsRetrofit2" time="0.125" classname="org.openapitools.codegen.java.JavaClientCodegenTest"/>
  <system-out/>
  <testcase name="nullValuesInComposedSchema" time="0.001" classname="org.openapitools.codegen.java.JavaClientCodegenTest"/>
  <system-out/>
  <testcase name="testExtraAnnotationsNative" time="0.155" classname="org.openapitools.codegen.java.JavaClientCodegenTest"/>
  <system-out/>
  <testcase name="testReferencedHeader2" time="0.044" classname="org.openapitools.codegen.java.JavaClientCodegenTest"/>
  <system-out/>
  <testcase name="testInitialConfigValues" time="0.000" classname="org.openapitools.codegen.java.JavaClientCodegenTest"/>
  <system-out/>
  <testcase name="testExtraAnnotationsRestTemplate" time="0.147" classname="org.openapitools.codegen.java.JavaClientCodegenTest"/>
  <system-out/>
  <testcase name="testWebClientWithFreeFormInQueryParameters" time="0.052" classname="org.openapitools.codegen.java.JavaClientCodegenTest"/>
  <system-out/>
  <testcase name="testMicroprofileRestClientIncorrectVersion" time="0.022" classname="org.openapitools.codegen.java.JavaClientCodegenTest"/>
  <system-out/>
  <testcase name="testFreeFormObjects" time="0.004" classname="org.openapitools.codegen.java.JavaClientCodegenTest"/>
  <system-out/>
  <testcase name="testRestTemplateWithFreeFormInQueryParameters" time="0.023" classname="org.openapitools.codegen.java.JavaClientCodegenTest"/>
  <system-out/>
  <testcase name="testExtraAnnotationsFeign" time="0.108" classname="org.openapitools.codegen.java.JavaClientCodegenTest"/>
  <system-out/>
  <testcase name="testForJavaApacheHttpClientJsonSubtype" time="0.123" classname="org.openapitools.codegen.java.JavaClientCodegenTest"/>
  <system-out/>
  <testcase name="testRestTemplateResponseTypeWithUseAbstractionForFiles" time="0.047" classname="org.openapitools.codegen.java.JavaClientCodegenTest"/>
  <system-out/>
  <testcase name="testMicroprofileGenerateCorrectJsonbCreator_issue12622" time="0.029" classname="org.openapitools.codegen.java.JavaClientCodegenTest"/>
  <system-out/>
  <testcase name="testForJavaNativeJsonSubtype" time="0.092" classname="org.openapitools.codegen.java.JavaClientCodegenTest"/>
  <system-out/>
  <testcase name="testPackageNamesSetInvokerDerivedFromApi" time="0.001" classname="org.openapitools.codegen.java.JavaClientCodegenTest"/>
  <system-out/>
  <testcase name="testPackageNamesSetInvokerDerivedFromModel" time="0.000" classname="org.openapitools.codegen.java.JavaClientCodegenTest"/>
  <system-out/>
  <testcase name="testForJavaNativeClientOverrideSetter" time="0.137" classname="org.openapitools.codegen.java.JavaClientCodegenTest"/>
  <system-out/>
  <testcase name="testExtraAnnotationsRestAssured" time="0.104" classname="org.openapitools.codegen.java.JavaClientCodegenTest"/>
  <system-out/>
  <testcase name="testNativeClientWhiteSpacePathParamEncoding" time="0.060" classname="org.openapitools.codegen.java.JavaClientCodegenTest"/>
  <system-out/>
  <testcase name="testAuthorizationScopeValues_Issue392" time="0.006" classname="org.openapitools.codegen.java.JavaClientCodegenTest"/>
  <system-out/>
  <testcase name="testNativeClientExplodedQueryParamObject" time="0.075" classname="org.openapitools.codegen.java.JavaClientCodegenTest"/>
  <system-out/>
  <testcase name="testIsOverriddenProperty" time="0.006" classname="org.openapitools.codegen.java.JavaClientCodegenTest"/>
  <system-out/>
  <testcase name="testCustomMethodParamsAreCamelizedWhenUsingFeign" time="0.055" classname="org.openapitools.codegen.java.JavaClientCodegenTest"/>
  <system-out/>
  <testcase name="testSchemaMapping" time="0.021" classname="org.openapitools.codegen.java.JavaClientCodegenTest"/>
  <system-out/>
  <testcase name="testGeneratePing" time="0.074" classname="org.openapitools.codegen.java.JavaClientCodegenTest"/>
  <system-out/>
  <testcase name="testNativeClientExplodedQueryParamWithArrayProperty" time="0.048" classname="org.openapitools.codegen.java.JavaClientCodegenTest"/>
  <system-out/>
  <testcase name="testAuthorizationScopeValues_Issue6733" time="0.033" classname="org.openapitools.codegen.java.JavaClientCodegenTest"/>
  <system-out/>
  <testcase name="testBearerAuth" time="0.003" classname="org.openapitools.codegen.java.JavaClientCodegenTest"/>
  <system-out/>
  <testcase name="testJdkHttpClientWithAndWithoutDiscriminator" time="0.841" classname="org.openapitools.codegen.java.JavaClientCodegenTest"/>
  <system-out/>
  <testcase name="testDiscriminatorWithMappingIssue14731" time="0.074" classname="org.openapitools.codegen.java.JavaClientCodegenTest"/>
  <system-out/>
  <testcase name="testWebClientWithUseAbstractionForFiles" classname="org.openapitools.codegen.java.JavaClientCodegenTest">
    <skipped/>
  </testcase> <!-- testWebClientWithUseAbstractionForFiles -->
  <system-out/>
  <testcase name="testRestTemplateWithUseAbstractionForFiles" classname="org.openapitools.codegen.java.JavaClientCodegenTest">
    <skipped/>
  </testcase> <!-- testRestTemplateWithUseAbstractionForFiles -->
  <system-out/>
  <testcase name="testWebClientFormMultipart" classname="org.openapitools.codegen.java.JavaClientCodegenTest">
    <skipped/>
  </testcase> <!-- testWebClientFormMultipart -->
  <system-out/>
  <testcase name="testRestTemplateFormMultipart" classname="org.openapitools.codegen.java.JavaClientCodegenTest">
    <skipped/>
  </testcase> <!-- testRestTemplateFormMultipart -->
  <system-out/>
</testsuite> <!-- org.openapitools.codegen.java.JavaClientCodegenTest -->
