<?xml version="1.0" encoding="UTF-8"?>
<!-- Generated by org.testng.reporters.JUnitReportReporter -->
<testsuite skipped="0" hostname="a2d94430ae94" name="org.openapitools.codegen.confluencewiki.ConfluenceWikiTest" tests="5" failures="0" timestamp="2023-04-09T10:15:21 UTC" time="0.061" errors="0">
  <testcase name="testEnumTestSchema" time="0.057" classname="org.openapitools.codegen.confluencewiki.ConfluenceWikiTest"/>
  <system-out/>
  <testcase name="converterInArrayInArrayTest" time="0.002" classname="org.openapitools.codegen.confluencewiki.ConfluenceWikiTest"/>
  <system-out/>
  <testcase name="converterTest" time="0.000" classname="org.openapitools.codegen.confluencewiki.ConfluenceWikiTest"/>
  <system-out/>
  <testcase name="converterInArrayTest" time="0.001" classname="org.openapitools.codegen.confluencewiki.ConfluenceWikiTest"/>
  <system-out/>
  <testcase name="overrideEnumTest" time="0.001" classname="org.openapitools.codegen.confluencewiki.ConfluenceWikiTest"/>
  <system-out/>
</testsuite> <!-- org.openapitools.codegen.confluencewiki.ConfluenceWikiTest -->
