<?xml version="1.0" encoding="UTF-8"?>
<!-- Generated by org.testng.reporters.JUnitReportReporter -->
<testsuite skipped="0" hostname="a2d94430ae94" name="org.openapitools.codegen.java.jaxrs.JavaJerseyServerCodegenTest" tests="15" failures="0" timestamp="2023-04-09T10:15:21 UTC" time="0.969" errors="0">
  <testcase name="testMultipartJerseyServer" time="0.096" classname="org.openapitools.codegen.java.jaxrs.JavaJerseyServerCodegenTest"/>
  <system-out/>
  <testcase name="testAddOperationToGroupUseTagsTrue" time="0.011" classname="org.openapitools.codegen.java.jaxrs.JavaJerseyServerCodegenTest"/>
  <system-out/>
  <testcase name="doNotAddDefaultValueDocumentationForContainers" time="0.031" classname="org.openapitools.codegen.java.jaxrs.JavaJerseyServerCodegenTest"/>
  <system-out/>
  <testcase name="testMultipartJerseyServer" time="0.092" classname="org.openapitools.codegen.java.jaxrs.JavaJerseyServerCodegenTest"/>
  <system-out/>
  <testcase name="testExtraAnnotations" time="0.114" classname="org.openapitools.codegen.java.jaxrs.JavaJerseyServerCodegenTest"/>
  <system-out/>
  <testcase name="testAddOperationToGroupUseTagsFalse" time="0.011" classname="org.openapitools.codegen.java.jaxrs.JavaJerseyServerCodegenTest"/>
  <system-out/>
  <testcase name="testSettersForConfigValues" time="0.000" classname="org.openapitools.codegen.java.jaxrs.JavaJerseyServerCodegenTest"/>
  <system-out/>
  <testcase name="testHandleDefaultValue_issue8535" time="0.052" classname="org.openapitools.codegen.java.jaxrs.JavaJerseyServerCodegenTest"/>
  <system-out/>
  <testcase name="generateJsonAnnotationForPolymorphism" time="0.067" classname="org.openapitools.codegen.java.jaxrs.JavaJerseyServerCodegenTest"/>
  <system-out/>
  <testcase name="addDefaultValueDocumentationForNonContainers" time="0.025" classname="org.openapitools.codegen.java.jaxrs.JavaJerseyServerCodegenTest"/>
  <system-out/>
  <testcase name="doNotGenerateJsonAnnotationForPolymorphismIfJsonExclude" time="0.062" classname="org.openapitools.codegen.java.jaxrs.JavaJerseyServerCodegenTest"/>
  <system-out/>
  <testcase name="testAdditionalPropertiesPutForConfigValues" time="0.000" classname="org.openapitools.codegen.java.jaxrs.JavaJerseyServerCodegenTest"/>
  <system-out/>
  <testcase name="testInitialConfigValues" time="0.001" classname="org.openapitools.codegen.java.jaxrs.JavaJerseyServerCodegenTest"/>
  <system-out/>
  <testcase name="testMultipartJerseyServer" time="0.318" classname="org.openapitools.codegen.java.jaxrs.JavaJerseyServerCodegenTest"/>
  <system-out/>
  <testcase name="testMultipartJerseyServer" time="0.089" classname="org.openapitools.codegen.java.jaxrs.JavaJerseyServerCodegenTest"/>
  <system-out/>
</testsuite> <!-- org.openapitools.codegen.java.jaxrs.JavaJerseyServerCodegenTest -->
