<?xml version="1.0" encoding="UTF-8"?>
<!-- Generated by org.testng.reporters.JUnitReportReporter -->
<testsuite skipped="0" hostname="a2d94430ae94" name="org.openapitools.codegen.validations.oas.OpenApiOperationValidationsTest" tests="27" failures="0" timestamp="2023-04-09T10:15:21 UTC" time="0.004" errors="0">
  <testcase name="testGetOrHeadWithBodyWithDisabledRule" time="0.000" classname="org.openapitools.codegen.validations.oas.OpenApiOperationValidationsTest"/>
  <system-out/>
  <testcase name="testGetOrHeadWithBody" time="0.000" classname="org.openapitools.codegen.validations.oas.OpenApiOperationValidationsTest"/>
  <system-out/>
  <testcase name="testGetOrHeadWithBodyWithDisabledRecommendations" time="0.000" classname="org.openapitools.codegen.validations.oas.OpenApiOperationValidationsTest"/>
  <system-out/>
  <testcase name="testGetOrHeadWithBodyWithDisabledRule" time="0.000" classname="org.openapitools.codegen.validations.oas.OpenApiOperationValidationsTest"/>
  <system-out/>
  <testcase name="testGetOrHeadWithBodyWithDisabledRecommendations" time="0.000" classname="org.openapitools.codegen.validations.oas.OpenApiOperationValidationsTest"/>
  <system-out/>
  <testcase name="testGetOrHeadWithBodyWithDisabledRecommendations" time="0.000" classname="org.openapitools.codegen.validations.oas.OpenApiOperationValidationsTest"/>
  <system-out/>
  <testcase name="testGetOrHeadWithBody" time="0.000" classname="org.openapitools.codegen.validations.oas.OpenApiOperationValidationsTest"/>
  <system-out/>
  <testcase name="testGetOrHeadWithBodyWithDisabledRule" time="0.000" classname="org.openapitools.codegen.validations.oas.OpenApiOperationValidationsTest"/>
  <system-out/>
  <testcase name="testGetOrHeadWithBodyWithDisabledRecommendations" time="0.000" classname="org.openapitools.codegen.validations.oas.OpenApiOperationValidationsTest"/>
  <system-out/>
  <testcase name="testGetOrHeadWithBodyWithDisabledRule" time="0.000" classname="org.openapitools.codegen.validations.oas.OpenApiOperationValidationsTest"/>
  <system-out/>
  <testcase name="testGetOrHeadWithBody" time="0.003" classname="org.openapitools.codegen.validations.oas.OpenApiOperationValidationsTest"/>
  <system-out/>
  <testcase name="testGetOrHeadWithBodyWithDisabledRecommendations" time="0.000" classname="org.openapitools.codegen.validations.oas.OpenApiOperationValidationsTest"/>
  <system-out/>
  <testcase name="testGetOrHeadWithBodyWithDisabledRule" time="0.000" classname="org.openapitools.codegen.validations.oas.OpenApiOperationValidationsTest"/>
  <system-out/>
  <testcase name="testGetOrHeadWithBodyWithDisabledRule" time="0.000" classname="org.openapitools.codegen.validations.oas.OpenApiOperationValidationsTest"/>
  <system-out/>
  <testcase name="testGetOrHeadWithBody" time="0.000" classname="org.openapitools.codegen.validations.oas.OpenApiOperationValidationsTest"/>
  <system-out/>
  <testcase name="testGetOrHeadWithBodyWithDisabledRecommendations" time="0.000" classname="org.openapitools.codegen.validations.oas.OpenApiOperationValidationsTest"/>
  <system-out/>
  <testcase name="testGetOrHeadWithBody" time="0.000" classname="org.openapitools.codegen.validations.oas.OpenApiOperationValidationsTest"/>
  <system-out/>
  <testcase name="testGetOrHeadWithBodyWithDisabledRule" time="0.000" classname="org.openapitools.codegen.validations.oas.OpenApiOperationValidationsTest"/>
  <system-out/>
  <testcase name="testGetOrHeadWithBody" time="0.000" classname="org.openapitools.codegen.validations.oas.OpenApiOperationValidationsTest"/>
  <system-out/>
  <testcase name="testGetOrHeadWithBodyWithDisabledRule" time="0.000" classname="org.openapitools.codegen.validations.oas.OpenApiOperationValidationsTest"/>
  <system-out/>
  <testcase name="testGetOrHeadWithBodyWithDisabledRecommendations" time="0.000" classname="org.openapitools.codegen.validations.oas.OpenApiOperationValidationsTest"/>
  <system-out/>
  <testcase name="testGetOrHeadWithBodyWithDisabledRule" time="0.000" classname="org.openapitools.codegen.validations.oas.OpenApiOperationValidationsTest"/>
  <system-out/>
  <testcase name="testGetOrHeadWithBodyWithDisabledRecommendations" time="0.000" classname="org.openapitools.codegen.validations.oas.OpenApiOperationValidationsTest"/>
  <system-out/>
  <testcase name="testGetOrHeadWithBody" time="0.000" classname="org.openapitools.codegen.validations.oas.OpenApiOperationValidationsTest"/>
  <system-out/>
  <testcase name="testGetOrHeadWithBody" time="0.000" classname="org.openapitools.codegen.validations.oas.OpenApiOperationValidationsTest"/>
  <system-out/>
  <testcase name="testGetOrHeadWithBody" time="0.001" classname="org.openapitools.codegen.validations.oas.OpenApiOperationValidationsTest"/>
  <system-out/>
  <testcase name="testGetOrHeadWithBodyWithDisabledRecommendations" time="0.000" classname="org.openapitools.codegen.validations.oas.OpenApiOperationValidationsTest"/>
  <system-out/>
</testsuite> <!-- org.openapitools.codegen.validations.oas.OpenApiOperationValidationsTest -->
