<?xml version="1.0" encoding="UTF-8"?>
<!-- Generated by org.testng.reporters.JUnitReportReporter -->
<testsuite skipped="6" hostname="a2d94430ae94" name="org.openapitools.codegen.java.helidon.functional.FunctionalHelidonMPServerTest" tests="6" failures="0" timestamp="2023-04-09T10:15:21 UTC" time="0.187" errors="0">
  <testcase name="buildJsonbProject" time="0.026" classname="org.openapitools.codegen.java.helidon.functional.FunctionalHelidonMPServerTest">
    <skipped/>
  </testcase> <!-- buildJsonbProject -->
  <system-out/>
  <testcase name="verifyFullProjectSemantics" time="0.029" classname="org.openapitools.codegen.java.helidon.functional.FunctionalHelidonMPServerTest">
    <skipped/>
  </testcase> <!-- verifyFullProjectSemantics -->
  <system-out/>
  <testcase name="buildProjectAbstractClasses" time="0.028" classname="org.openapitools.codegen.java.helidon.functional.FunctionalHelidonMPServerTest">
    <skipped/>
  </testcase> <!-- buildProjectAbstractClasses -->
  <system-out/>
  <testcase name="buildFullProject" time="0.044" classname="org.openapitools.codegen.java.helidon.functional.FunctionalHelidonMPServerTest">
    <skipped/>
  </testcase> <!-- buildFullProject -->
  <system-out/>
  <testcase name="buildJacksonProject" time="0.033" classname="org.openapitools.codegen.java.helidon.functional.FunctionalHelidonMPServerTest">
    <skipped/>
  </testcase> <!-- buildJacksonProject -->
  <system-out/>
  <testcase name="buildProjectDefaultOptions" time="0.027" classname="org.openapitools.codegen.java.helidon.functional.FunctionalHelidonMPServerTest">
    <skipped/>
  </testcase> <!-- buildProjectDefaultOptions -->
  <system-out/>
</testsuite> <!-- org.openapitools.codegen.java.helidon.functional.FunctionalHelidonMPServerTest -->
