<?xml version="1.0" encoding="UTF-8"?>
<!-- Generated by org.testng.reporters.JUnitReportReporter -->
<testsuite skipped="0" hostname="a2d94430ae94" name="org.openapitools.codegen.java.micronaut.MicronautServerCodegenTest" tests="20" failures="0" timestamp="2023-04-09T10:15:21 UTC" time="1.209" errors="0">
  <testcase name="doUseValidationParam" time="0.033" classname="org.openapitools.codegen.java.micronaut.MicronautServerCodegenTest"/>
  <system-out/>
  <testcase name="doNotGenerateRequiredPropertiesInConstructor" time="0.066" classname="org.openapitools.codegen.java.micronaut.MicronautServerCodegenTest"/>
  <system-out/>
  <testcase name="doGenerateRequiredPropertiesInConstructor" time="0.077" classname="org.openapitools.codegen.java.micronaut.MicronautServerCodegenTest"/>
  <system-out/>
  <testcase name="doNotUseValidationParam" time="0.030" classname="org.openapitools.codegen.java.micronaut.MicronautServerCodegenTest"/>
  <system-out/>
  <testcase name="doGenerateForMaven" time="0.021" classname="org.openapitools.codegen.java.micronaut.MicronautServerCodegenTest"/>
  <system-out/>
  <testcase name="testApiAndModelFilesPresent" time="0.072" classname="org.openapitools.codegen.java.micronaut.MicronautServerCodegenTest"/>
  <system-out/>
  <testcase name="doGenerateForTestJUnit" time="0.121" classname="org.openapitools.codegen.java.micronaut.MicronautServerCodegenTest"/>
  <system-out/>
  <testcase name="doGenerateOperationOnlyForFirstTag" time="0.056" classname="org.openapitools.codegen.java.micronaut.MicronautServerCodegenTest"/>
  <system-out/>
  <testcase name="testInitialConfigValues" time="0.000" classname="org.openapitools.codegen.java.micronaut.MicronautServerCodegenTest"/>
  <system-out/>
  <testcase name="doGenerateMono" time="0.107" classname="org.openapitools.codegen.java.micronaut.MicronautServerCodegenTest"/>
  <system-out/>
  <testcase name="doGenerateForGradle" time="0.008" classname="org.openapitools.codegen.java.micronaut.MicronautServerCodegenTest"/>
  <system-out/>
  <testcase name="doRepeatOperationForAllTags" time="0.073" classname="org.openapitools.codegen.java.micronaut.MicronautServerCodegenTest"/>
  <system-out/>
  <testcase name="doGenerateForTestSpock" time="0.126" classname="org.openapitools.codegen.java.micronaut.MicronautServerCodegenTest"/>
  <system-out/>
  <testcase name="doGenerateMonoWrapHttpResponse" time="0.094" classname="org.openapitools.codegen.java.micronaut.MicronautServerCodegenTest"/>
  <system-out/>
  <testcase name="doGenerateNoMonoNoWrapHttpResponse" time="0.070" classname="org.openapitools.codegen.java.micronaut.MicronautServerCodegenTest"/>
  <system-out/>
  <testcase name="testExtraAnnotations" time="0.094" classname="org.openapitools.codegen.java.micronaut.MicronautServerCodegenTest"/>
  <system-out/>
  <testcase name="generateAuthRolesWithExtension" time="0.043" classname="org.openapitools.codegen.java.micronaut.MicronautServerCodegenTest"/>
  <system-out/>
  <testcase name="doGenerateWrapHttpResponse" time="0.071" classname="org.openapitools.codegen.java.micronaut.MicronautServerCodegenTest"/>
  <system-out/>
  <testcase name="clientOptsUnicity" time="0.001" classname="org.openapitools.codegen.java.micronaut.MicronautServerCodegenTest"/>
  <system-out/>
  <testcase name="doNotGenerateAuthRolesWithExtensionWhenNotUseAuth" time="0.046" classname="org.openapitools.codegen.java.micronaut.MicronautServerCodegenTest"/>
  <system-out/>
</testsuite> <!-- org.openapitools.codegen.java.micronaut.MicronautServerCodegenTest -->
