<?xml version="1.0" encoding="UTF-8"?>
<!-- Generated by org.testng.reporters.JUnitReportReporter -->
<testsuite skipped="0" hostname="a2d94430ae94" name="org.openapitools.codegen.java.micronaut.JavaMicronautClientCodegenSerializationLibraryTest" tests="2" failures="0" timestamp="2023-04-09T10:15:21 UTC" time="0.089" errors="0">
  <testcase name="testSerializationLibraryMicronautSerdeJackson" time="0.039" classname="org.openapitools.codegen.java.micronaut.JavaMicronautClientCodegenSerializationLibraryTest"/>
  <system-out/>
  <testcase name="testSerializationLibraryJackson" time="0.050" classname="org.openapitools.codegen.java.micronaut.JavaMicronautClientCodegenSerializationLibraryTest"/>
  <system-out/>
</testsuite> <!-- org.openapitools.codegen.java.micronaut.JavaMicronautClientCodegenSerializationLibraryTest -->
