<?xml version="1.0" encoding="UTF-8"?>
<!-- Generated by org.testng.reporters.JUnitReportReporter -->
<testsuite skipped="0" hostname="a2d94430ae94" name="org.openapitools.codegen.templating.mustache.CamelCaseLambdaTest" tests="4" failures="0" timestamp="2023-04-09T10:15:21 UTC" time="0.077" errors="0">
  <testcase name="camelCaseEscapeParamTest" time="0.024" classname="org.openapitools.codegen.templating.mustache.CamelCaseLambdaTest"/>
  <system-out/>
  <testcase name="camelCaseTest" time="0.001" classname="org.openapitools.codegen.templating.mustache.CamelCaseLambdaTest"/>
  <system-out/>
  <testcase name="camelCaseSpaceTest" time="0.001" classname="org.openapitools.codegen.templating.mustache.CamelCaseLambdaTest"/>
  <system-out/>
  <testcase name="camelCaseReservedWordTest" time="0.051" classname="org.openapitools.codegen.templating.mustache.CamelCaseLambdaTest"/>
  <system-out/>
</testsuite> <!-- org.openapitools.codegen.templating.mustache.CamelCaseLambdaTest -->
