<?xml version="1.0" encoding="UTF-8"?>
<!-- Generated by org.testng.reporters.JUnitReportReporter -->
<testsuite skipped="0" hostname="a2d94430ae94" name="org.openapitools.codegen.java.JavaModelTest" tests="58" failures="0" timestamp="2023-04-09T10:15:21 UTC" time="0.388" errors="0">
  <testcase name="restrictedCharactersPropertiesTest" time="0.001" classname="org.openapitools.codegen.java.JavaModelTest"/>
  <system-out/>
  <testcase name="complexArrayPropertyTest" time="0.002" classname="org.openapitools.codegen.java.JavaModelTest"/>
  <system-out/>
  <testcase name="modelNameTest" time="0.000" classname="org.openapitools.codegen.java.JavaModelTest"/>
  <system-out/>
  <testcase name="convertParameterTest" time="0.001" classname="org.openapitools.codegen.java.JavaModelTest"/>
  <system-out/>
  <testcase name="booleanPropertyTest" time="0.000" classname="org.openapitools.codegen.java.JavaModelTest"/>
  <system-out/>
  <testcase name="modelNameTest" time="0.000" classname="org.openapitools.codegen.java.JavaModelTest"/>
  <system-out/>
  <testcase name="modelNameTest" time="0.001" classname="org.openapitools.codegen.java.JavaModelTest"/>
  <system-out/>
  <testcase name="modelWithWrappedXmlTest" time="0.001" classname="org.openapitools.codegen.java.JavaModelTest"/>
  <system-out/>
  <testcase name="complexListPropertyTest" time="0.001" classname="org.openapitools.codegen.java.JavaModelTest"/>
  <system-out/>
  <testcase name="modelNameTest" time="0.000" classname="org.openapitools.codegen.java.JavaModelTest"/>
  <system-out/>
  <testcase name="arrayModelWithItemNameTest" time="0.001" classname="org.openapitools.codegen.java.JavaModelTest"/>
  <system-out/>
  <testcase name="modelNameTest" time="0.000" classname="org.openapitools.codegen.java.JavaModelTest"/>
  <system-out/>
  <testcase name="upperCaseNamesTest" time="0.001" classname="org.openapitools.codegen.java.JavaModelTest"/>
  <system-out/>
  <testcase name="longPropertyInReferencedSchemaTest" time="0.001" classname="org.openapitools.codegen.java.JavaModelTest"/>
  <system-out/>
  <testcase name="arraySchemaTest" time="0.000" classname="org.openapitools.codegen.java.JavaModelTest"/>
  <system-out/>
  <testcase name="modelNameTest" time="0.001" classname="org.openapitools.codegen.java.JavaModelTest"/>
  <system-out/>
  <testcase name="stringPropertyPasswordFormatTest" time="0.001" classname="org.openapitools.codegen.java.JavaModelTest"/>
  <system-out/>
  <testcase name="modelWithXmlTest" time="0.001" classname="org.openapitools.codegen.java.JavaModelTest"/>
  <system-out/>
  <testcase name="escapeNamesTest" time="0.001" classname="org.openapitools.codegen.java.JavaModelTest"/>
  <system-out/>
  <testcase name="mapWithAnListOfBigDecimalTest" time="0.003" classname="org.openapitools.codegen.java.JavaModelTest"/>
  <system-out/>
  <testcase name="arrayModelTest" time="0.001" classname="org.openapitools.codegen.java.JavaModelTest"/>
  <system-out/>
  <testcase name="arraySchemaTestInOperationResponse" time="0.007" classname="org.openapitools.codegen.java.JavaModelTest"/>
  <system-out/>
  <testcase name="setModelTest" time="0.000" classname="org.openapitools.codegen.java.JavaModelTest"/>
  <system-out/>
  <testcase name="firstTwoUpperCaseLetterNamesTest" time="0.000" classname="org.openapitools.codegen.java.JavaModelTest"/>
  <system-out/>
  <testcase name="classPropertyTest" time="0.001" classname="org.openapitools.codegen.java.JavaModelTest"/>
  <system-out/>
  <testcase name="modelNameTest" time="0.000" classname="org.openapitools.codegen.java.JavaModelTest"/>
  <system-out/>
  <testcase name="modelNameTest" time="0.001" classname="org.openapitools.codegen.java.JavaModelTest"/>
  <system-out/>
  <testcase name="arrayOfArraySchemaTestInRequestBody" time="0.005" classname="org.openapitools.codegen.java.JavaModelTest"/>
  <system-out/>
  <testcase name="generateEmpty" time="0.071" classname="org.openapitools.codegen.java.JavaModelTest"/>
  <system-out/>
  <testcase name="invalidParamNameTest" time="0.000" classname="org.openapitools.codegen.java.JavaModelTest"/>
  <system-out/>
  <testcase name="mapPropertyTest" time="0.002" classname="org.openapitools.codegen.java.JavaModelTest"/>
  <system-out/>
  <testcase name="classPropertyTest" time="0.001" classname="org.openapitools.codegen.java.JavaModelTest"/>
  <system-out/>
  <testcase name="stringPropertyInObjectTest" time="0.001" classname="org.openapitools.codegen.java.JavaModelTest"/>
  <system-out/>
  <testcase name="longPropertyTest" time="0.000" classname="org.openapitools.codegen.java.JavaModelTest"/>
  <system-out/>
  <testcase name="hyphensTest" time="0.001" classname="org.openapitools.codegen.java.JavaModelTest"/>
  <system-out/>
  <testcase name="complexPropertiesTest" time="0.001" classname="org.openapitools.codegen.java.JavaModelTest"/>
  <system-out/>
  <testcase name="simpleModelTest" time="0.001" classname="org.openapitools.codegen.java.JavaModelTest"/>
  <system-out/>
  <testcase name="mapWithListPropertyTest" time="0.002" classname="org.openapitools.codegen.java.JavaModelTest"/>
  <system-out/>
  <testcase name="squareBracketsTest" time="0.001" classname="org.openapitools.codegen.java.JavaModelTest"/>
  <system-out/>
  <testcase name="list2DPropertyTest" time="0.001" classname="org.openapitools.codegen.java.JavaModelTest"/>
  <system-out/>
  <testcase name="stringPropertyTest" time="0.001" classname="org.openapitools.codegen.java.JavaModelTest"/>
  <system-out/>
  <testcase name="arraySchemaTestInRequestBody" time="0.002" classname="org.openapitools.codegen.java.JavaModelTest"/>
  <system-out/>
  <testcase name="stringPropertyReferencedInObjectTest" time="0.000" classname="org.openapitools.codegen.java.JavaModelTest"/>
  <system-out/>
  <testcase name="complexMapPropertyTest" time="0.001" classname="org.openapitools.codegen.java.JavaModelTest"/>
  <system-out/>
  <testcase name="generateModel" time="0.252" classname="org.openapitools.codegen.java.JavaModelTest"/>
  <system-out/>
  <testcase name="arrayOfArraySchemaTest" time="0.001" classname="org.openapitools.codegen.java.JavaModelTest"/>
  <system-out/>
  <testcase name="arrayOfArraySchemaTestInOperationResponse" time="0.002" classname="org.openapitools.codegen.java.JavaModelTest"/>
  <system-out/>
  <testcase name="integerPropertyTest" time="0.000" classname="org.openapitools.codegen.java.JavaModelTest"/>
  <system-out/>
  <testcase name="upperCaseNamesNumbersTest" time="0.000" classname="org.openapitools.codegen.java.JavaModelTest"/>
  <system-out/>
  <testcase name="binaryDataTest" time="0.006" classname="org.openapitools.codegen.java.JavaModelTest"/>
  <system-out/>
  <testcase name="setPropertyTest" time="0.000" classname="org.openapitools.codegen.java.JavaModelTest"/>
  <system-out/>
  <testcase name="complexSetPropertyTest" time="0.002" classname="org.openapitools.codegen.java.JavaModelTest"/>
  <system-out/>
  <testcase name="classPropertyTest" time="0.002" classname="org.openapitools.codegen.java.JavaModelTest"/>
  <system-out/>
  <testcase name="mapModelTest" time="0.001" classname="org.openapitools.codegen.java.JavaModelTest"/>
  <system-out/>
  <testcase name="integerPropertyInReferencedSchemaTest" time="0.001" classname="org.openapitools.codegen.java.JavaModelTest"/>
  <system-out/>
  <testcase name="secondCharUpperCaseNamesTest" time="0.001" classname="org.openapitools.codegen.java.JavaModelTest"/>
  <system-out/>
  <testcase name="listPropertyTest" time="0.001" classname="org.openapitools.codegen.java.JavaModelTest"/>
  <system-out/>
  <testcase name="allUpperCaseOneNonLetterNamesTest" time="0.001" classname="org.openapitools.codegen.java.JavaModelTest"/>
  <system-out/>
</testsuite> <!-- org.openapitools.codegen.java.JavaModelTest -->
