<?xml version="1.0" encoding="UTF-8"?>
<!-- Generated by org.testng.reporters.JUnitReportReporter -->
<testsuite skipped="0" hostname="a2d94430ae94" name="org.openapitools.codegen.java.JavaCXFClientCodegenTest" tests="16" failures="0" timestamp="2023-04-09T10:15:21 UTC" time="0.026" errors="0">
  <testcase name="testUseGzipFeatureForTestsAdditionalProperty" time="0.000" classname="org.openapitools.codegen.java.JavaCXFClientCodegenTest"/>
  <system-out/>
  <testcase name="testPostProcessNullableModelPropertyWithOpenApiNullableDisabled" time="0.000" classname="org.openapitools.codegen.java.JavaCXFClientCodegenTest"/>
  <system-out/>
  <testcase name="testUseGenericResponseAdditionalProperty" time="0.000" classname="org.openapitools.codegen.java.JavaCXFClientCodegenTest"/>
  <system-out/>
  <testcase name="testUseBeanValidationAdditionalProperty" time="0.001" classname="org.openapitools.codegen.java.JavaCXFClientCodegenTest"/>
  <system-out/>
  <testcase name="testUseLoggingFeatureForTestsAdditionalProperty" time="0.001" classname="org.openapitools.codegen.java.JavaCXFClientCodegenTest"/>
  <system-out/>
  <testcase name="testPostProcessNotNullableModelPropertyWithOpenApiNullableEnabled" time="0.000" classname="org.openapitools.codegen.java.JavaCXFClientCodegenTest"/>
  <system-out/>
  <testcase name="testOpenApiNullableAdditionalProperty" time="0.001" classname="org.openapitools.codegen.java.JavaCXFClientCodegenTest"/>
  <system-out/>
  <testcase name="testPostProcessNullableModelPropertyWithOpenApiNullableEnabledForRequiredProperties" time="0.000" classname="org.openapitools.codegen.java.JavaCXFClientCodegenTest"/>
  <system-out/>
  <testcase name="testInitialConfigValues" time="0.000" classname="org.openapitools.codegen.java.JavaCXFClientCodegenTest"/>
  <system-out/>
  <testcase name="testUseJackson" time="0.000" classname="org.openapitools.codegen.java.JavaCXFClientCodegenTest"/>
  <system-out/>
  <testcase name="responseWithoutContent" time="0.001" classname="org.openapitools.codegen.java.JavaCXFClientCodegenTest"/>
  <system-out/>
  <testcase name="testUseAbstractionForFiles" time="0.021" classname="org.openapitools.codegen.java.JavaCXFClientCodegenTest"/>
  <system-out/>
  <testcase name="testPostProcessNullableModelPropertyWithOpenApiNullableEnabledButJacksonDisabled" time="0.000" classname="org.openapitools.codegen.java.JavaCXFClientCodegenTest"/>
  <system-out/>
  <testcase name="testAdditionalPropertiesPutForConfigValues" time="0.000" classname="org.openapitools.codegen.java.JavaCXFClientCodegenTest"/>
  <system-out/>
  <testcase name="testPostProcessNullableModelPropertyWithOpenApiNullableEnabled" time="0.001" classname="org.openapitools.codegen.java.JavaCXFClientCodegenTest"/>
  <system-out/>
  <testcase name="testSettersForConfigValues" time="0.000" classname="org.openapitools.codegen.java.JavaCXFClientCodegenTest"/>
  <system-out/>
</testsuite> <!-- org.openapitools.codegen.java.JavaCXFClientCodegenTest -->
