<?xml version="1.0" encoding="UTF-8"?>
<!-- Generated by org.testng.reporters.JUnitReportReporter -->
<testsuite skipped="0" hostname="a2d94430ae94" name="org.openapitools.codegen.serializer.SerializerUtilsTest" tests="4" failures="0" timestamp="2023-04-09T10:15:21 UTC" time="0.006" errors="0">
  <testcase name="testToJsonStringCompleteExample" time="0.003" classname="org.openapitools.codegen.serializer.SerializerUtilsTest"/>
  <system-out/>
  <testcase name="testToYamlStringCompleteExample" time="0.002" classname="org.openapitools.codegen.serializer.SerializerUtilsTest"/>
  <system-out/>
  <testcase name="testToYamlStringMinimalExample" time="0.001" classname="org.openapitools.codegen.serializer.SerializerUtilsTest"/>
  <system-out/>
  <testcase name="testToJsonStringMinimalExample" time="0.000" classname="org.openapitools.codegen.serializer.SerializerUtilsTest"/>
  <system-out/>
</testsuite> <!-- org.openapitools.codegen.serializer.SerializerUtilsTest -->
