<?xml version="1.0" encoding="UTF-8"?>
<!-- Generated by org.testng.reporters.JUnitReportReporter -->
<testsuite skipped="0" hostname="a2d94430ae94" name="org.openapitools.codegen.java.jaxrs.JavaResteasyEapServerCodegenModelTest" tests="8" failures="0" timestamp="2023-04-09T10:15:21 UTC" time="0.361" errors="0">
  <testcase name="doNotAddDefaultValueDocumentationForContainers" time="0.020" classname="org.openapitools.codegen.java.jaxrs.JavaResteasyEapServerCodegenModelTest"/>
  <system-out/>
  <testcase name="testAddOperationToGroupUseTagsFalse" time="0.018" classname="org.openapitools.codegen.java.jaxrs.JavaResteasyEapServerCodegenModelTest"/>
  <system-out/>
  <testcase name="testExtraAnnotations" time="0.172" classname="org.openapitools.codegen.java.jaxrs.JavaResteasyEapServerCodegenModelTest"/>
  <system-out/>
  <testcase name="addDefaultValueDocumentationForNonContainers" time="0.029" classname="org.openapitools.codegen.java.jaxrs.JavaResteasyEapServerCodegenModelTest"/>
  <system-out/>
  <testcase name="doNotGenerateJsonAnnotationForPolymorphismIfJsonExclude" time="0.051" classname="org.openapitools.codegen.java.jaxrs.JavaResteasyEapServerCodegenModelTest"/>
  <system-out/>
  <testcase name="testAddOperationToGroupUseTagsTrue" time="0.023" classname="org.openapitools.codegen.java.jaxrs.JavaResteasyEapServerCodegenModelTest"/>
  <system-out/>
  <testcase name="generateJsonAnnotationForPolymorphism" time="0.045" classname="org.openapitools.codegen.java.jaxrs.JavaResteasyEapServerCodegenModelTest"/>
  <system-out/>
  <testcase name="mapModelTest" time="0.003" classname="org.openapitools.codegen.java.jaxrs.JavaResteasyEapServerCodegenModelTest"/>
  <system-out/>
</testsuite> <!-- org.openapitools.codegen.java.jaxrs.JavaResteasyEapServerCodegenModelTest -->
