<?xml version="1.0" encoding="UTF-8"?>
<!-- Generated by org.testng.reporters.JUnitReportReporter -->
<testsuite skipped="0" hostname="a2d94430ae94" name="org.openapitools.codegen.javascript.JavascriptClientCodegenTest" tests="6" failures="0" timestamp="2023-04-09T10:15:21 UTC" time="0.054" errors="0">
  <testcase name="testMultipleFileUpload" time="0.005" classname="org.openapitools.codegen.javascript.JavascriptClientCodegenTest"/>
  <system-out/>
  <testcase name="testAdditionalPropertiesPutForConfigValues" time="0.000" classname="org.openapitools.codegen.javascript.JavascriptClientCodegenTest"/>
  <system-out/>
  <testcase name="testInitialConfigValues" time="0.000" classname="org.openapitools.codegen.javascript.JavascriptClientCodegenTest"/>
  <system-out/>
  <testcase name="testSettersForConfigValues" time="0.000" classname="org.openapitools.codegen.javascript.JavascriptClientCodegenTest"/>
  <system-out/>
  <testcase name="bodyParameterTest" time="0.024" classname="org.openapitools.codegen.javascript.JavascriptClientCodegenTest"/>
  <system-out/>
  <testcase name="testResponseIsDefault" time="0.025" classname="org.openapitools.codegen.javascript.JavascriptClientCodegenTest"/>
  <system-out/>
</testsuite> <!-- org.openapitools.codegen.javascript.JavascriptClientCodegenTest -->
