<?xml version="1.0" encoding="UTF-8"?>
<!-- Generated by org.testng.reporters.JUnitReportReporter -->
<testsuite skipped="4" hostname="a2d94430ae94" name="org.openapitools.codegen.java.helidon.functional.FunctionalHelidonMPClientTest" tests="4" failures="0" timestamp="2023-04-09T10:15:21 UTC" time="0.120" errors="0">
  <testcase name="buildPetstoreNoMultipart" time="0.029" classname="org.openapitools.codegen.java.helidon.functional.FunctionalHelidonMPClientTest">
    <skipped/>
  </testcase> <!-- buildPetstoreNoMultipart -->
  <system-out/>
  <testcase name="buildPetstore" time="0.018" classname="org.openapitools.codegen.java.helidon.functional.FunctionalHelidonMPClientTest">
    <skipped/>
  </testcase> <!-- buildPetstore -->
  <system-out/>
  <testcase name="buildPetstoreWithFakeEndpoints" time="0.048" classname="org.openapitools.codegen.java.helidon.functional.FunctionalHelidonMPClientTest">
    <skipped/>
  </testcase> <!-- buildPetstoreWithFakeEndpoints -->
  <system-out/>
  <testcase name="verifyFullProjectSemantics" time="0.025" classname="org.openapitools.codegen.java.helidon.functional.FunctionalHelidonMPClientTest">
    <skipped/>
  </testcase> <!-- verifyFullProjectSemantics -->
  <system-out/>
</testsuite> <!-- org.openapitools.codegen.java.helidon.functional.FunctionalHelidonMPClientTest -->
