<?xml version="1.0" encoding="UTF-8"?>
<!-- Generated by org.testng.reporters.JUnitReportReporter -->
<testsuite skipped="0" hostname="a2d94430ae94" name="org.openapitools.codegen.php.AbstractPhpCodegenTest" tests="11" failures="0" timestamp="2023-04-09T10:15:21 UTC" time="0.011" errors="0">
  <testcase name="testGetComposerPackageName" time="0.000" classname="org.openapitools.codegen.php.AbstractPhpCodegenTest"/>
  <system-out/>
  <testcase name="testAdditionalPropertiesPutForConfigValues" time="0.001" classname="org.openapitools.codegen.php.AbstractPhpCodegenTest"/>
  <system-out/>
  <testcase name="testGetComposerPackageName" time="0.000" classname="org.openapitools.codegen.php.AbstractPhpCodegenTest"/>
  <system-out/>
  <testcase name="testEnumPropertyWithDefaultValue" time="0.003" classname="org.openapitools.codegen.php.AbstractPhpCodegenTest"/>
  <system-out/>
  <testcase name="testSettersForConfigValues" time="0.000" classname="org.openapitools.codegen.php.AbstractPhpCodegenTest"/>
  <system-out/>
  <testcase name="testGetComposerPackageName" time="0.001" classname="org.openapitools.codegen.php.AbstractPhpCodegenTest"/>
  <system-out/>
  <testcase name="testGetComposerPackageName" time="0.000" classname="org.openapitools.codegen.php.AbstractPhpCodegenTest"/>
  <system-out/>
  <testcase name="testArrayOfArrays" time="0.006" classname="org.openapitools.codegen.php.AbstractPhpCodegenTest"/>
  <system-out/>
  <testcase name="testEscapeMediaType" time="0.000" classname="org.openapitools.codegen.php.AbstractPhpCodegenTest"/>
  <system-out/>
  <testcase name="testInitialConfigValues" time="0.000" classname="org.openapitools.codegen.php.AbstractPhpCodegenTest"/>
  <system-out/>
  <testcase name="testGetComposerPackageName" time="0.000" classname="org.openapitools.codegen.php.AbstractPhpCodegenTest"/>
  <system-out/>
</testsuite> <!-- org.openapitools.codegen.php.AbstractPhpCodegenTest -->
