<?xml version="1.0" encoding="UTF-8"?>
<!-- Generated by org.testng.reporters.JUnitReportReporter -->
<testsuite skipped="0" hostname="a2d94430ae94" name="org.openapitools.codegen.DefaultCodegenTest$FromParameter" tests="7" failures="0" timestamp="2023-04-09T10:15:21 UTC" time="0.005" errors="0">
  <testcase name="testConvertPropertyToBooleanAndWriteBack_String_false" time="0.000" classname="org.openapitools.codegen.DefaultCodegenTest$FromParameter"/>
  <system-out/>
  <testcase name="setShouldExplode" time="0.003" classname="org.openapitools.codegen.DefaultCodegenTest$FromParameter"/>
  <system-out/>
  <testcase name="testConvertPropertyToBooleanAndWriteBack_String_true" time="0.000" classname="org.openapitools.codegen.DefaultCodegenTest$FromParameter"/>
  <system-out/>
  <testcase name="setStyle" time="0.002" classname="org.openapitools.codegen.DefaultCodegenTest$FromParameter"/>
  <system-out/>
  <testcase name="testConvertPropertyToBooleanAndWriteBack_Boolean_false" time="0.000" classname="org.openapitools.codegen.DefaultCodegenTest$FromParameter"/>
  <system-out/>
  <testcase name="testConvertPropertyToBooleanAndWriteBack_String_blibb" time="0.000" classname="org.openapitools.codegen.DefaultCodegenTest$FromParameter"/>
  <system-out/>
  <testcase name="testConvertPropertyToBooleanAndWriteBack_Boolean_true" time="0.000" classname="org.openapitools.codegen.DefaultCodegenTest$FromParameter"/>
  <system-out/>
</testsuite> <!-- org.openapitools.codegen.DefaultCodegenTest$FromParameter -->
