<?xml version="1.0" encoding="UTF-8"?>
<!-- Generated by org.testng.reporters.JUnitReportReporter -->
<testsuite skipped="0" hostname="a2d94430ae94" name="org.openapitools.codegen.asciidoc.AsciidocSampleGeneratorTest" tests="7" failures="0" timestamp="2023-04-09T10:15:21 UTC" time="0.000" errors="0">
  <testcase name="testSampleAsciidocMarkupGenerationAccessApiKey" time="0.000" classname="org.openapitools.codegen.asciidoc.AsciidocSampleGeneratorTest"/>
  <system-out/>
  <testcase name="testSampleAsciidocMarkupGenerationFromJsonWithAttributes" time="0.000" classname="org.openapitools.codegen.asciidoc.AsciidocSampleGeneratorTest"/>
  <system-out/>
  <testcase name="testSampleAsciidocMarkupGenerationFromJsonWithIncludes" time="0.000" classname="org.openapitools.codegen.asciidoc.AsciidocSampleGeneratorTest"/>
  <system-out/>
  <testcase name="testSampleAsciidocMarkupGenerationFromJsonWithContent" time="0.000" classname="org.openapitools.codegen.asciidoc.AsciidocSampleGeneratorTest"/>
  <system-out/>
  <testcase name="testSampleAsciidocMarkupGenerationWithoutFormParameter" time="0.000" classname="org.openapitools.codegen.asciidoc.AsciidocSampleGeneratorTest"/>
  <system-out/>
  <testcase name="testMarkupExistence" time="0.000" classname="org.openapitools.codegen.asciidoc.AsciidocSampleGeneratorTest"/>
  <system-out/>
  <testcase name="testSampleAsciidocMarkupGenerationParameterNameUnchanged" time="0.000" classname="org.openapitools.codegen.asciidoc.AsciidocSampleGeneratorTest"/>
  <system-out/>
</testsuite> <!-- org.openapitools.codegen.asciidoc.AsciidocSampleGeneratorTest -->
