<?xml version="1.0" encoding="UTF-8"?>
<!-- Generated by org.testng.reporters.JUnitReportReporter -->
<testsuite skipped="0" hostname="a2d94430ae94" name="org.openapitools.codegen.typescript.fetch.TypeScriptFetchClientOptionsTest" tests="2" failures="0" timestamp="2023-04-09T10:15:21 UTC" time="0.006" errors="0">
  <testcase name="checkOptionsProcessing" time="0.005" classname="org.openapitools.codegen.typescript.fetch.TypeScriptFetchClientOptionsTest"/>
  <system-out/>
  <testcase name="checkOptionsHelp" time="0.001" classname="org.openapitools.codegen.typescript.fetch.TypeScriptFetchClientOptionsTest"/>
  <system-out/>
</testsuite> <!-- org.openapitools.codegen.typescript.fetch.TypeScriptFetchClientOptionsTest -->
