<?xml version="1.0" encoding="UTF-8"?>
<!-- Generated by org.testng.reporters.JUnitReportReporter -->
<testsuite skipped="0" hostname="a2d94430ae94" name="org.openapitools.codegen.kotlin.KotlinClientCodegenModelTest" tests="16" failures="0" timestamp="2023-04-09T10:15:21 UTC" time="0.065" errors="0">
  <testcase name="complexPropertyTest" time="0.000" classname="org.openapitools.codegen.kotlin.KotlinClientCodegenModelTest"/>
  <system-out/>
  <testcase name="sanitizeModelNames" time="0.000" classname="org.openapitools.codegen.kotlin.KotlinClientCodegenModelTest"/>
  <system-out/>
  <testcase name="selectDateLibraryAsJava8" time="0.002" classname="org.openapitools.codegen.kotlin.KotlinClientCodegenModelTest"/>
  <system-out/>
  <testcase name="sanitizeModelNames" time="0.001" classname="org.openapitools.codegen.kotlin.KotlinClientCodegenModelTest"/>
  <system-out/>
  <testcase name="selectDateLibraryAsJava8LocalDateTime" time="0.001" classname="org.openapitools.codegen.kotlin.KotlinClientCodegenModelTest"/>
  <system-out/>
  <testcase name="testNativeClientExplodedQueryParamObject" time="0.049" classname="org.openapitools.codegen.kotlin.KotlinClientCodegenModelTest"/>
  <system-out/>
  <testcase name="selectDateLibraryAsThreetenbpLocalDateTime" time="0.001" classname="org.openapitools.codegen.kotlin.KotlinClientCodegenModelTest"/>
  <system-out/>
  <testcase name="simpleModelTest" time="0.001" classname="org.openapitools.codegen.kotlin.KotlinClientCodegenModelTest"/>
  <system-out/>
  <testcase name="arrayPropertyTest" time="0.001" classname="org.openapitools.codegen.kotlin.KotlinClientCodegenModelTest"/>
  <system-out/>
  <testcase name="sanitizeModelNames" time="0.001" classname="org.openapitools.codegen.kotlin.KotlinClientCodegenModelTest"/>
  <system-out/>
  <testcase name="listPropertyTest" time="0.002" classname="org.openapitools.codegen.kotlin.KotlinClientCodegenModelTest"/>
  <system-out/>
  <testcase name="sanitizeModelNames" time="0.001" classname="org.openapitools.codegen.kotlin.KotlinClientCodegenModelTest"/>
  <system-out/>
  <testcase name="selectDateLibraryAsString" time="0.002" classname="org.openapitools.codegen.kotlin.KotlinClientCodegenModelTest"/>
  <system-out/>
  <testcase name="sanitizeModelNames" time="0.001" classname="org.openapitools.codegen.kotlin.KotlinClientCodegenModelTest"/>
  <system-out/>
  <testcase name="selectDateLibraryAsThreetenbp" time="0.001" classname="org.openapitools.codegen.kotlin.KotlinClientCodegenModelTest"/>
  <system-out/>
  <testcase name="mapPropertyTest" time="0.001" classname="org.openapitools.codegen.kotlin.KotlinClientCodegenModelTest"/>
  <system-out/>
</testsuite> <!-- org.openapitools.codegen.kotlin.KotlinClientCodegenModelTest -->
