<?xml version="1.0" encoding="UTF-8"?>
<!-- Generated by org.testng.reporters.JUnitReportReporter -->
<testsuite skipped="0" hostname="a2d94430ae94" name="org.openapitools.codegen.java.micronaut.MicronautClientCodegenTest" tests="22" failures="0" timestamp="2023-04-09T10:15:21 UTC" time="1.031" errors="0">
  <testcase name="testDefaultPathSeparator" time="0.036" classname="org.openapitools.codegen.java.micronaut.MicronautClientCodegenTest"/>
  <system-out/>
  <testcase name="testDefaultAuthorizationFilterPattern" time="0.043" classname="org.openapitools.codegen.java.micronaut.MicronautClientCodegenTest"/>
  <system-out/>
  <testcase name="testInitialConfigValues" time="0.001" classname="org.openapitools.codegen.java.micronaut.MicronautClientCodegenTest"/>
  <system-out/>
  <testcase name="doNotConfigureAuthParam" time="0.051" classname="org.openapitools.codegen.java.micronaut.MicronautClientCodegenTest"/>
  <system-out/>
  <testcase name="doUseValidationParam" time="0.036" classname="org.openapitools.codegen.java.micronaut.MicronautClientCodegenTest"/>
  <system-out/>
  <testcase name="doConfigureAuthParam" time="0.083" classname="org.openapitools.codegen.java.micronaut.MicronautClientCodegenTest"/>
  <system-out/>
  <testcase name="doNotGenerateRequiredPropertiesInConstructor" time="0.072" classname="org.openapitools.codegen.java.micronaut.MicronautClientCodegenTest"/>
  <system-out/>
  <testcase name="doNotUseValidationParam" time="0.035" classname="org.openapitools.codegen.java.micronaut.MicronautClientCodegenTest"/>
  <system-out/>
  <testcase name="doGenerateMultipleContentTypes" time="0.010" classname="org.openapitools.codegen.java.micronaut.MicronautClientCodegenTest"/>
  <system-out/>
  <testcase name="doGenerateRequiredPropertiesInConstructor" time="0.092" classname="org.openapitools.codegen.java.micronaut.MicronautClientCodegenTest"/>
  <system-out/>
  <testcase name="testAdditionalClientTypeAnnotations" time="0.059" classname="org.openapitools.codegen.java.micronaut.MicronautClientCodegenTest"/>
  <system-out/>
  <testcase name="doGenerateForGradle" time="0.016" classname="org.openapitools.codegen.java.micronaut.MicronautClientCodegenTest"/>
  <system-out/>
  <testcase name="clientOptsUnicity" time="0.001" classname="org.openapitools.codegen.java.micronaut.MicronautClientCodegenTest"/>
  <system-out/>
  <testcase name="testConfigureClientId" time="0.035" classname="org.openapitools.codegen.java.micronaut.MicronautClientCodegenTest"/>
  <system-out/>
  <testcase name="doGenerateForMaven" time="0.027" classname="org.openapitools.codegen.java.micronaut.MicronautClientCodegenTest"/>
  <system-out/>
  <testcase name="testApiAndModelFilesPresent" time="0.081" classname="org.openapitools.codegen.java.micronaut.MicronautClientCodegenTest"/>
  <system-out/>
  <testcase name="doGenerateOauth2InApplicationConfig" time="0.029" classname="org.openapitools.codegen.java.micronaut.MicronautClientCodegenTest"/>
  <system-out/>
  <testcase name="testNoConfigureClientId" time="0.035" classname="org.openapitools.codegen.java.micronaut.MicronautClientCodegenTest"/>
  <system-out/>
  <testcase name="doGenerateForTestJUnit" time="0.106" classname="org.openapitools.codegen.java.micronaut.MicronautClientCodegenTest"/>
  <system-out/>
  <testcase name="testConfigurePathSeparator" time="0.034" classname="org.openapitools.codegen.java.micronaut.MicronautClientCodegenTest"/>
  <system-out/>
  <testcase name="doGenerateForTestSpock" time="0.104" classname="org.openapitools.codegen.java.micronaut.MicronautClientCodegenTest"/>
  <system-out/>
  <testcase name="testAuthorizationFilterPattern" time="0.045" classname="org.openapitools.codegen.java.micronaut.MicronautClientCodegenTest"/>
  <system-out/>
</testsuite> <!-- org.openapitools.codegen.java.micronaut.MicronautClientCodegenTest -->
