<?xml version="1.0" encoding="UTF-8"?>
<!-- Generated by org.testng.reporters.JUnitReportReporter -->
<testsuite skipped="0" hostname="a2d94430ae94" name="org.openapitools.codegen.typescript.axios.TypeScriptAxiosClientCodegenTest" tests="7" failures="0" timestamp="2023-04-09T10:15:21 UTC" time="0.003" errors="0">
  <testcase name="doesNotContainESMTSConfigFileInCaseOfES5AndNPM" time="0.000" classname="org.openapitools.codegen.typescript.axios.TypeScriptAxiosClientCodegenTest"/>
  <system-out/>
  <testcase name="containsESMTSConfigFileInCaseOfES6AndNPM" time="0.001" classname="org.openapitools.codegen.typescript.axios.TypeScriptAxiosClientCodegenTest"/>
  <system-out/>
  <testcase name="testToEnumVarNameUpperCaseNamingType" time="0.001" classname="org.openapitools.codegen.typescript.axios.TypeScriptAxiosClientCodegenTest"/>
  <system-out/>
  <testcase name="testToEnumVarNameOriginalNamingType" time="0.000" classname="org.openapitools.codegen.typescript.axios.TypeScriptAxiosClientCodegenTest"/>
  <system-out/>
  <testcase name="testToEnumVarNamePascalCaseNamingType" time="0.000" classname="org.openapitools.codegen.typescript.axios.TypeScriptAxiosClientCodegenTest"/>
  <system-out/>
  <testcase name="testToEnumVarNameCamelCaseNamingType" time="0.001" classname="org.openapitools.codegen.typescript.axios.TypeScriptAxiosClientCodegenTest"/>
  <system-out/>
  <testcase name="testToEnumVarNameSnakeCaseNamingType" time="0.000" classname="org.openapitools.codegen.typescript.axios.TypeScriptAxiosClientCodegenTest"/>
  <system-out/>
</testsuite> <!-- org.openapitools.codegen.typescript.axios.TypeScriptAxiosClientCodegenTest -->
