<?xml version="1.0" encoding="UTF-8"?>
<!-- Generated by org.testng.reporters.JUnitReportReporter -->
<testsuite skipped="0" hostname="a2d94430ae94" name="org.openapitools.codegen.csharpnetcore.CSharpNetCoreClientCodegenTest" tests="2" failures="0" timestamp="2023-04-09T10:15:21 UTC" time="0.009" errors="0">
  <testcase name="testUnsigned" time="0.009" classname="org.openapitools.codegen.csharpnetcore.CSharpNetCoreClientCodegenTest"/>
  <system-out/>
  <testcase name="testToEnumVarName" time="0.000" classname="org.openapitools.codegen.csharpnetcore.CSharpNetCoreClientCodegenTest"/>
  <system-out/>
</testsuite> <!-- org.openapitools.codegen.csharpnetcore.CSharpNetCoreClientCodegenTest -->
