<?xml version="1.0" encoding="UTF-8"?>
<!-- Generated by org.testng.reporters.JUnitReportReporter -->
<testsuite skipped="0" hostname="a2d94430ae94" name="org.openapitools.codegen.java.jaxrs.JavaJAXRSCXFCDIServerCodegenTest" tests="8" failures="0" timestamp="2023-04-09T10:15:21 UTC" time="0.633" errors="0">
  <testcase name="doNotAddDefaultValueDocumentationForContainers" time="0.039" classname="org.openapitools.codegen.java.jaxrs.JavaJAXRSCXFCDIServerCodegenTest"/>
  <system-out/>
  <testcase name="testHandleDefaultValue_issue8535" time="0.094" classname="org.openapitools.codegen.java.jaxrs.JavaJAXRSCXFCDIServerCodegenTest"/>
  <system-out/>
  <testcase name="doNotGenerateJsonAnnotationForPolymorphismIfJsonExclude" time="0.071" classname="org.openapitools.codegen.java.jaxrs.JavaJAXRSCXFCDIServerCodegenTest"/>
  <system-out/>
  <testcase name="testAddOperationToGroupUseTagsFalse" time="0.029" classname="org.openapitools.codegen.java.jaxrs.JavaJAXRSCXFCDIServerCodegenTest"/>
  <system-out/>
  <testcase name="addDefaultValueDocumentationForNonContainers" time="0.060" classname="org.openapitools.codegen.java.jaxrs.JavaJAXRSCXFCDIServerCodegenTest"/>
  <system-out/>
  <testcase name="testAddOperationToGroupUseTagsTrue" time="0.035" classname="org.openapitools.codegen.java.jaxrs.JavaJAXRSCXFCDIServerCodegenTest"/>
  <system-out/>
  <testcase name="generateJsonAnnotationForPolymorphism" time="0.081" classname="org.openapitools.codegen.java.jaxrs.JavaJAXRSCXFCDIServerCodegenTest"/>
  <system-out/>
  <testcase name="testExtraAnnotations" time="0.224" classname="org.openapitools.codegen.java.jaxrs.JavaJAXRSCXFCDIServerCodegenTest"/>
  <system-out/>
</testsuite> <!-- org.openapitools.codegen.java.jaxrs.JavaJAXRSCXFCDIServerCodegenTest -->
