<?xml version="1.0" encoding="UTF-8"?>
<!-- Generated by org.testng.reporters.JUnitReportReporter -->
<testsuite skipped="0" hostname="a2d94430ae94" name="org.openapitools.codegen.typescript.fetch.TypeScriptFetchClientCodegenTest" tests="6" failures="0" timestamp="2023-04-09T10:15:21 UTC" time="0.000" errors="0">
  <testcase name="testSnapshotVersion" time="0.000" classname="org.openapitools.codegen.typescript.fetch.TypeScriptFetchClientCodegenTest"/>
  <system-out/>
  <testcase name="testWithoutSnapshotVersion" time="0.000" classname="org.openapitools.codegen.typescript.fetch.TypeScriptFetchClientCodegenTest"/>
  <system-out/>
  <testcase name="containsESMTSConfigFileInCaseOfES6AndNPM" time="0.000" classname="org.openapitools.codegen.typescript.fetch.TypeScriptFetchClientCodegenTest"/>
  <system-out/>
  <testcase name="doesNotContainESMTSConfigFileInCaseOfES5AndNPM" time="0.000" classname="org.openapitools.codegen.typescript.fetch.TypeScriptFetchClientCodegenTest"/>
  <system-out/>
  <testcase name="toVarName" time="0.000" classname="org.openapitools.codegen.typescript.fetch.TypeScriptFetchClientCodegenTest"/>
  <system-out/>
  <testcase name="getTypeDeclarationTest" time="0.000" classname="org.openapitools.codegen.typescript.fetch.TypeScriptFetchClientCodegenTest"/>
  <system-out/>
</testsuite> <!-- org.openapitools.codegen.typescript.fetch.TypeScriptFetchClientCodegenTest -->
