<?xml version="1.0" encoding="UTF-8"?>
<!-- Generated by org.testng.reporters.JUnitReportReporter -->
<testsuite skipped="1" hostname="a2d94430ae94" name="org.openapitools.codegen.java.spring.SpringCodegenTest" tests="76" failures="0" timestamp="2023-04-09T10:15:21 UTC" time="4.188" errors="0">
  <testcase name="shouldHandleCustomResponseType_issue11731" time="0.042" classname="org.openapitools.codegen.java.spring.SpringCodegenTest"/>
  <system-out/>
  <testcase name="useBeanValidationTruePerformBeanValidationFalseJava8TrueJakartaeeTrueForFormatEmail" time="0.018" classname="org.openapitools.codegen.java.spring.SpringCodegenTest"/>
  <system-out/>
  <testcase name="testMultipartBoot" time="0.052" classname="org.openapitools.codegen.java.spring.SpringCodegenTest"/>
  <system-out/>
  <testcase name="nonRequiredFieldShouldNotIncludeNotNullAnnotation_issue13365" time="0.058" classname="org.openapitools.codegen.java.spring.SpringCodegenTest"/>
  <system-out/>
  <testcase name="paramObjectImportForDifferentSpringBootVersions_issue14077" time="0.339" classname="org.openapitools.codegen.java.spring.SpringCodegenTest"/>
  <system-out/>
  <testcase name="testNoRequestMappingAnnotation" time="0.159" classname="org.openapitools.codegen.java.spring.SpringCodegenTest"/>
  <system-out/>
  <testcase name="interfaceDefaultImplDisableWithResponseWrapper" time="0.000" classname="org.openapitools.codegen.java.spring.SpringCodegenTest"/>
  <system-out/>
  <testcase name="useBeanValidationTruePerformBeanValidationTrueJava8TrueForFormatEmail" time="0.020" classname="org.openapitools.codegen.java.spring.SpringCodegenTest"/>
  <system-out/>
  <testcase name="shouldGenerateExternalDocs" time="0.138" classname="org.openapitools.codegen.java.spring.SpringCodegenTest"/>
  <system-out/>
  <testcase name="requiredFieldShouldIncludeNotNullAnnotationWithBeanValidationTrue_issue13365" time="0.048" classname="org.openapitools.codegen.java.spring.SpringCodegenTest"/>
  <system-out/>
  <testcase name="testResponseWithArray_issue11897" time="0.033" classname="org.openapitools.codegen.java.spring.SpringCodegenTest"/>
  <system-out/>
  <testcase name="testConfigFileGeneration_springfox" time="0.000" classname="org.openapitools.codegen.java.spring.SpringCodegenTest"/>
  <system-out/>
  <testcase name="generateFormatForDateAndDateTimeQueryParam" time="0.045" classname="org.openapitools.codegen.java.spring.SpringCodegenTest"/>
  <system-out/>
  <testcase name="testAdditionalPropertiesPutForConfigValues" time="0.001" classname="org.openapitools.codegen.java.spring.SpringCodegenTest"/>
  <system-out/>
  <testcase name="testMappingSubtypesIssue13150" time="0.040" classname="org.openapitools.codegen.java.spring.SpringCodegenTest"/>
  <system-out/>
  <testcase name="contractWithEnumContainsEnumConverter" time="0.053" classname="org.openapitools.codegen.java.spring.SpringCodegenTest"/>
  <system-out/>
  <testcase name="testRequestMappingAnnotation" time="0.136" classname="org.openapitools.codegen.java.spring.SpringCodegenTest"/>
  <system-out/>
  <testcase name="shouldGenerateDefaultValueForEnumRequestParameter" time="0.032" classname="org.openapitools.codegen.java.spring.SpringCodegenTest"/>
  <system-out/>
  <testcase name="shouldEscapeReservedKeyWordsForRequestParameters_7506_Regression" time="0.027" classname="org.openapitools.codegen.java.spring.SpringCodegenTest"/>
  <system-out/>
  <testcase name="shouldGenerateMethodsWithoutUsingResponseEntityAndDelegation_issue11537" time="0.025" classname="org.openapitools.codegen.java.spring.SpringCodegenTest"/>
  <system-out/>
  <testcase name="shouldGenerateOneTagAttributeForMultipleTags_Regression11464" time="0.027" classname="org.openapitools.codegen.java.spring.SpringCodegenTest"/>
  <system-out/>
  <testcase name="requiredFieldShouldIncludeNotNullAnnotation_issue13365" time="0.038" classname="org.openapitools.codegen.java.spring.SpringCodegenTest"/>
  <system-out/>
  <testcase name="requiredFieldShouldIncludeNotNullAnnotationWithBeanValidationTrue_issue14252" time="0.031" classname="org.openapitools.codegen.java.spring.SpringCodegenTest"/>
  <system-out/>
  <testcase name="shouldAddParameterWithInHeaderWhenImplicitHeadersIsTrue_issue14418" time="0.031" classname="org.openapitools.codegen.java.spring.SpringCodegenTest"/>
  <system-out/>
  <testcase name="shouldPurAdditionalModelTypesOverAllModels" time="0.126" classname="org.openapitools.codegen.java.spring.SpringCodegenTest"/>
  <system-out/>
  <testcase name="testExtraAnnotations" time="0.106" classname="org.openapitools.codegen.java.spring.SpringCodegenTest"/>
  <system-out/>
  <testcase name="springcloudWithJava8DisableJdk8" time="0.000" classname="org.openapitools.codegen.java.spring.SpringCodegenTest"/>
  <system-out/>
  <testcase name="shouldGenerateMethodsWithoutUsingResponseEntityAndWithoutDelegation_issue11537" time="0.019" classname="org.openapitools.codegen.java.spring.SpringCodegenTest"/>
  <system-out/>
  <testcase name="testInitialConfigValues" time="0.000" classname="org.openapitools.codegen.java.spring.SpringCodegenTest"/>
  <system-out/>
  <testcase name="shouldHandleSeparatelyInterfaceAndModelAdditionalAnnotations" time="0.060" classname="org.openapitools.codegen.java.spring.SpringCodegenTest"/>
  <system-out/>
  <testcase name="testIssue11323" time="0.028" classname="org.openapitools.codegen.java.spring.SpringCodegenTest"/>
  <system-out/>
  <testcase name="testSettersForConfigValues" time="0.001" classname="org.openapitools.codegen.java.spring.SpringCodegenTest"/>
  <system-out/>
  <testcase name="useBeanValidationTruePerformBeanValidationFalseJava8TrueForFormatEmail" time="0.024" classname="org.openapitools.codegen.java.spring.SpringCodegenTest"/>
  <system-out/>
  <testcase name="testDiscriminatorWithoutMappingIssue14731" time="0.121" classname="org.openapitools.codegen.java.spring.SpringCodegenTest"/>
  <system-out/>
  <testcase name="doAnnotateDatesOnModelParameters" time="0.057" classname="org.openapitools.codegen.java.spring.SpringCodegenTest"/>
  <system-out/>
  <testcase name="testTypeMappings" time="0.000" classname="org.openapitools.codegen.java.spring.SpringCodegenTest"/>
  <system-out/>
  <testcase name="shouldGenerateRequestParamForRefParams_3248_Regression" time="0.024" classname="org.openapitools.codegen.java.spring.SpringCodegenTest"/>
  <system-out/>
  <testcase name="doGenerateRequestParamForSimpleParam" time="0.118" classname="org.openapitools.codegen.java.spring.SpringCodegenTest"/>
  <system-out/>
  <testcase name="shouldGenerateValidCodeForReactiveControllerWithoutParams_issue14907" time="0.044" classname="org.openapitools.codegen.java.spring.SpringCodegenTest"/>
  <system-out/>
  <testcase name="shouldGenerateConstructorWithOnlyRequiredParameters" time="0.080" classname="org.openapitools.codegen.java.spring.SpringCodegenTest"/>
  <system-out/>
  <testcase name="doGeneratePathVariableForSimpleParam" time="0.052" classname="org.openapitools.codegen.java.spring.SpringCodegenTest"/>
  <system-out/>
  <testcase name="useBeanValidationTruePerformBeanValidationTrueJava8FalseForFormatEmail" time="0.020" classname="org.openapitools.codegen.java.spring.SpringCodegenTest"/>
  <system-out/>
  <testcase name="apiFirstShouldNotGenerateApiOrModel" time="0.006" classname="org.openapitools.codegen.java.spring.SpringCodegenTest"/>
  <system-out/>
  <testcase name="doNotGenerateRequestParamForObjectQueryParam" time="0.025" classname="org.openapitools.codegen.java.spring.SpringCodegenTest"/>
  <system-out/>
  <testcase name="springcloudWithAsyncAndJava8HasResponseWrapperCompletableFuture" time="0.000" classname="org.openapitools.codegen.java.spring.SpringCodegenTest"/>
  <system-out/>
  <testcase name="testImportMappings" time="0.000" classname="org.openapitools.codegen.java.spring.SpringCodegenTest"/>
  <system-out/>
  <testcase name="shouldGenerateRequestParamForRefParams_3248_RegressionDates" time="0.023" classname="org.openapitools.codegen.java.spring.SpringCodegenTest"/>
  <system-out/>
  <testcase name="testOneOf5381" time="0.062" classname="org.openapitools.codegen.java.spring.SpringCodegenTest"/>
  <system-out/>
  <testcase name="shouldGenerateOneTagAttributeForMultipleTags_Regression11464" time="0.027" classname="org.openapitools.codegen.java.spring.SpringCodegenTest"/>
  <system-out/>
  <testcase name="shouldGenerateJsonPropertyAnnotationLocatedInGetters_issue5705" time="0.615" classname="org.openapitools.codegen.java.spring.SpringCodegenTest"/>
  <system-out/>
  <testcase name="clientOptsUnicity" time="0.002" classname="org.openapitools.codegen.java.spring.SpringCodegenTest"/>
  <system-out/>
  <testcase name="requiredFieldShouldIncludeNotNullAnnotationJakarta_issue13365_issue13885" time="0.040" classname="org.openapitools.codegen.java.spring.SpringCodegenTest"/>
  <system-out/>
  <testcase name="testDefaultValuesFixed" time="0.009" classname="org.openapitools.codegen.java.spring.SpringCodegenTest"/>
  <system-out/>
  <testcase name="contractWithoutEnumDoesNotContainsEnumConverter" time="0.092" classname="org.openapitools.codegen.java.spring.SpringCodegenTest"/>
  <system-out/>
  <testcase name="testOneOfAndAllOf" time="0.125" classname="org.openapitools.codegen.java.spring.SpringCodegenTest"/>
  <system-out/>
  <testcase name="testNoRequestMappingAnnotation_spring_cloud_default" time="0.139" classname="org.openapitools.codegen.java.spring.SpringCodegenTest"/>
  <system-out/>
  <testcase name="testHandleDefaultValue_issue8535" time="0.052" classname="org.openapitools.codegen.java.spring.SpringCodegenTest"/>
  <system-out/>
  <testcase name="testDoGenerateRequestBodyRequiredAttribute_3134_Regression" time="0.021" classname="org.openapitools.codegen.java.spring.SpringCodegenTest"/>
  <system-out/>
  <testcase name="shouldNotUseEqualsNullableForArrayWhenNotSetInConfig_issue13385" time="0.032" classname="org.openapitools.codegen.java.spring.SpringCodegenTest"/>
  <system-out/>
  <testcase name="testPutItemsMethodContainsKeyInSuperClassMethodCall_issue12494" time="0.050" classname="org.openapitools.codegen.java.spring.SpringCodegenTest"/>
  <system-out/>
  <testcase name="shouldNotAddNotNullOnReadOnlyAttributes" time="0.019" classname="org.openapitools.codegen.java.spring.SpringCodegenTest"/>
  <system-out/>
  <testcase name="reactiveMapTypeRequestMonoTest" time="0.028" classname="org.openapitools.codegen.java.spring.SpringCodegenTest"/>
  <system-out/>
  <testcase name="useBeanValidationGenerateAnnotationsForRequestBody_issue13932" time="0.023" classname="org.openapitools.codegen.java.spring.SpringCodegenTest"/>
  <system-out/>
  <testcase name="testDiscriminatorWithMappingIssue14731" time="0.093" classname="org.openapitools.codegen.java.spring.SpringCodegenTest"/>
  <system-out/>
  <testcase name="shouldAddValidAnnotationIntoCollectionWhenBeanValidationIsEnabled_issue14723" time="0.065" classname="org.openapitools.codegen.java.spring.SpringCodegenTest"/>
  <system-out/>
  <testcase name="shouldUseTheSameTagNameForTheInterfaceAndTheMethod_issue11570" time="0.041" classname="org.openapitools.codegen.java.spring.SpringCodegenTest"/>
  <system-out/>
  <testcase name="doGenerateCookieParams" time="0.050" classname="org.openapitools.codegen.java.spring.SpringCodegenTest"/>
  <system-out/>
  <testcase name="shouldHandleContentTypeWithSecondWildcardSubtype_issue12457" time="0.031" classname="org.openapitools.codegen.java.spring.SpringCodegenTest"/>
  <system-out/>
  <testcase name="shouldGenerateDiscriminatorFromAllOfWhenUsingLegacyDiscriminatorBehaviour_issue12692" time="0.064" classname="org.openapitools.codegen.java.spring.SpringCodegenTest"/>
  <system-out/>
  <testcase name="shouldAddNotNullOnRequiredAttributes" time="0.017" classname="org.openapitools.codegen.java.spring.SpringCodegenTest"/>
  <system-out/>
  <testcase name="testResponseWithArray_issue12524" time="0.065" classname="org.openapitools.codegen.java.spring.SpringCodegenTest"/>
  <system-out/>
  <testcase name="shouldGenerateBeanValidationOnHeaderParams" time="0.069" classname="org.openapitools.codegen.java.spring.SpringCodegenTest"/>
  <system-out/>
  <testcase name="shouldSetDefaultValueForMultipleArrayItems" time="0.030" classname="org.openapitools.codegen.java.spring.SpringCodegenTest"/>
  <system-out/>
  <testcase name="testConfigFileGeneration_springdoc" time="0.000" classname="org.openapitools.codegen.java.spring.SpringCodegenTest"/>
  <system-out/>
  <testcase name="reactiveRequiredSpringBoot" time="0.000" classname="org.openapitools.codegen.java.spring.SpringCodegenTest"/>
  <system-out/>
  <testcase name="testMultipartCloud" classname="org.openapitools.codegen.java.spring.SpringCodegenTest">
    <skipped/>
  </testcase> <!-- testMultipartCloud -->
  <system-out/>
</testsuite> <!-- org.openapitools.codegen.java.spring.SpringCodegenTest -->
