<?xml version="1.0" encoding="UTF-8"?>
<!-- Generated by org.testng.reporters.JUnitReportReporter -->
<testsuite skipped="3" hostname="a2d94430ae94" name="org.openapitools.codegen.java.helidon.functional.FunctionalHelidonSeServerTest" tests="3" failures="0" timestamp="2023-04-09T10:15:21 UTC" time="0.071" errors="0">
  <testcase name="buildPetstoreWithDefaultOptions" time="0.024" classname="org.openapitools.codegen.java.helidon.functional.FunctionalHelidonSeServerTest">
    <skipped/>
  </testcase> <!-- buildPetstoreWithDefaultOptions -->
  <system-out/>
  <testcase name="buildPetstoreWithAbstractClasses" time="0.023" classname="org.openapitools.codegen.java.helidon.functional.FunctionalHelidonSeServerTest">
    <skipped/>
  </testcase> <!-- buildPetstoreWithAbstractClasses -->
  <system-out/>
  <testcase name="verifyFullProject" time="0.024" classname="org.openapitools.codegen.java.helidon.functional.FunctionalHelidonSeServerTest">
    <skipped/>
  </testcase> <!-- verifyFullProject -->
  <system-out/>
</testsuite> <!-- org.openapitools.codegen.java.helidon.functional.FunctionalHelidonSeServerTest -->
