<?xml version="1.0" encoding="UTF-8"?>
<!-- Generated by org.testng.reporters.JUnitReportReporter -->
<testsuite skipped="0" hostname="a2d94430ae94" name="org.openapitools.codegen.ExampleGeneratorTest" tests="5" failures="0" timestamp="2023-04-09T10:15:21 UTC" time="0.017" errors="0">
  <testcase name="generateFromResponseSchemaWithArrayOfPrimitiveTypes" time="0.003" classname="org.openapitools.codegen.ExampleGeneratorTest"/>
  <system-out/>
  <testcase name="generateFromResponseSchemaWithArrayOfModel" time="0.005" classname="org.openapitools.codegen.ExampleGeneratorTest"/>
  <system-out/>
  <testcase name="generateFromResponseSchemaWithPrimitiveType" time="0.003" classname="org.openapitools.codegen.ExampleGeneratorTest"/>
  <system-out/>
  <testcase name="generateFromResponseSchemaWithNoExample" time="0.003" classname="org.openapitools.codegen.ExampleGeneratorTest"/>
  <system-out/>
  <testcase name="generateFromResponseSchemaWithModel" time="0.003" classname="org.openapitools.codegen.ExampleGeneratorTest"/>
  <system-out/>
</testsuite> <!-- org.openapitools.codegen.ExampleGeneratorTest -->
