<?xml version="1.0" encoding="UTF-8"?>
<!-- Generated by org.testng.reporters.JUnitReportReporter -->
<testsuite skipped="0" hostname="a2d94430ae94" name="org.openapitools.codegen.java.jaxrs.JavaJAXRSSpecServerCodegenTest" tests="34" failures="0" timestamp="2023-04-09T10:15:21 UTC" time="1.325" errors="0">
  <testcase name="testAddOperationToGroupForRootResourceAndUseTagsTrue" time="0.001" classname="org.openapitools.codegen.java.jaxrs.JavaJAXRSSpecServerCodegenTest"/>
  <system-out/>
  <testcase name="testInitialConfigValues" time="0.001" classname="org.openapitools.codegen.java.jaxrs.JavaJAXRSSpecServerCodegenTest"/>
  <system-out/>
  <testcase name="testSettersForConfigValues" time="0.001" classname="org.openapitools.codegen.java.jaxrs.JavaJAXRSSpecServerCodegenTest"/>
  <system-out/>
  <testcase name="testAddOperationToGroupUseTagsTrue" time="0.021" classname="org.openapitools.codegen.java.jaxrs.JavaJAXRSSpecServerCodegenTest"/>
  <system-out/>
  <testcase name="testAddOperationToGroupForSubresource" time="0.000" classname="org.openapitools.codegen.java.jaxrs.JavaJAXRSSpecServerCodegenTest"/>
  <system-out/>
  <testcase name="generateJsonAnnotationForPolymorphism" time="0.058" classname="org.openapitools.codegen.java.jaxrs.JavaJAXRSSpecServerCodegenTest"/>
  <system-out/>
  <testcase name="doNotAddDefaultValueDocumentationForContainers" time="0.019" classname="org.openapitools.codegen.java.jaxrs.JavaJAXRSSpecServerCodegenTest"/>
  <system-out/>
  <testcase name="generatePetstoreAPIWithAsyncSupport" time="0.218" classname="org.openapitools.codegen.java.jaxrs.JavaJAXRSSpecServerCodegenTest"/>
  <system-out/>
  <testcase name="generateApiWithAsyncSupportAndInterfaceOnly" time="0.016" classname="org.openapitools.codegen.java.jaxrs.JavaJAXRSSpecServerCodegenTest"/>
  <system-out/>
  <testcase name="addDefaultValueDocumentationForNonContainers" time="0.026" classname="org.openapitools.codegen.java.jaxrs.JavaJAXRSSpecServerCodegenTest"/>
  <system-out/>
  <testcase name="addsImportForSetArgument" time="0.025" classname="org.openapitools.codegen.java.jaxrs.JavaJAXRSSpecServerCodegenTest"/>
  <system-out/>
  <testcase name="testAddOperationToGroupForRootResourcePathParamAndUseTagsTrue" time="0.001" classname="org.openapitools.codegen.java.jaxrs.JavaJAXRSSpecServerCodegenTest"/>
  <system-out/>
  <testcase name="testGenerateApiWithPrecedingPathParameter_issue1347" time="0.038" classname="org.openapitools.codegen.java.jaxrs.JavaJAXRSSpecServerCodegenTest"/>
  <system-out/>
  <testcase name="generateApiForQuarkusWithGzipFeature" time="0.019" classname="org.openapitools.codegen.java.jaxrs.JavaJAXRSSpecServerCodegenTest"/>
  <system-out/>
  <testcase name="addsImportForSetResponse" time="0.040" classname="org.openapitools.codegen.java.jaxrs.JavaJAXRSSpecServerCodegenTest"/>
  <system-out/>
  <testcase name="generateApiWithAsyncSupport" time="0.022" classname="org.openapitools.codegen.java.jaxrs.JavaJAXRSSpecServerCodegenTest"/>
  <system-out/>
  <testcase name="generateDeepObjectArrayWithPattern" time="0.040" classname="org.openapitools.codegen.java.jaxrs.JavaJAXRSSpecServerCodegenTest"/>
  <system-out/>
  <testcase name="testHandleRequiredAndReadOnlyPropertiesCorrectly" time="0.035" classname="org.openapitools.codegen.java.jaxrs.JavaJAXRSSpecServerCodegenTest"/>
  <system-out/>
  <testcase name="generateApiWithAsyncSupportAndInterfaceOnlyAndResponse" time="0.018" classname="org.openapitools.codegen.java.jaxrs.JavaJAXRSSpecServerCodegenTest"/>
  <system-out/>
  <testcase name="arrayNullableDefaultValueTests" time="0.090" classname="org.openapitools.codegen.java.jaxrs.JavaJAXRSSpecServerCodegenTest"/>
  <system-out/>
  <testcase name="testGeneratePingAlternativeLocation2" time="0.031" classname="org.openapitools.codegen.java.jaxrs.JavaJAXRSSpecServerCodegenTest"/>
  <system-out/>
  <testcase name="generatePingWithAsyncSupportPrimitiveType" time="0.020" classname="org.openapitools.codegen.java.jaxrs.JavaJAXRSSpecServerCodegenTest"/>
  <system-out/>
  <testcase name="testGeneratePingNoSpecFile" time="0.024" classname="org.openapitools.codegen.java.jaxrs.JavaJAXRSSpecServerCodegenTest"/>
  <system-out/>
  <testcase name="testGenerateApiWithCookieParameter_issue2908" time="0.233" classname="org.openapitools.codegen.java.jaxrs.JavaJAXRSSpecServerCodegenTest"/>
  <system-out/>
  <testcase name="testExtraAnnotations" time="0.135" classname="org.openapitools.codegen.java.jaxrs.JavaJAXRSSpecServerCodegenTest"/>
  <system-out/>
  <testcase name="testGeneratePingDefaultLocation" time="0.033" classname="org.openapitools.codegen.java.jaxrs.JavaJAXRSSpecServerCodegenTest"/>
  <system-out/>
  <testcase name="testAddOperationToGroupForRootResourceAndUseTagsFalse" time="0.001" classname="org.openapitools.codegen.java.jaxrs.JavaJAXRSSpecServerCodegenTest"/>
  <system-out/>
  <testcase name="doNotGenerateJsonAnnotationForPolymorphismIfJsonExclude" time="0.052" classname="org.openapitools.codegen.java.jaxrs.JavaJAXRSSpecServerCodegenTest"/>
  <system-out/>
  <testcase name="testAddOperationToGroupUseTagsFalse" time="0.021" classname="org.openapitools.codegen.java.jaxrs.JavaJAXRSSpecServerCodegenTest"/>
  <system-out/>
  <testcase name="testAddOperationToGroupForRootResourcePathParamAndUseTagsFalse" time="0.001" classname="org.openapitools.codegen.java.jaxrs.JavaJAXRSSpecServerCodegenTest"/>
  <system-out/>
  <testcase name="testHandleDefaultValue_issue8535" time="0.049" classname="org.openapitools.codegen.java.jaxrs.JavaJAXRSSpecServerCodegenTest"/>
  <system-out/>
  <testcase name="testAdditionalPropertiesPutForConfigValues" time="0.002" classname="org.openapitools.codegen.java.jaxrs.JavaJAXRSSpecServerCodegenTest"/>
  <system-out/>
  <testcase name="testGeneratePingAlternativeLocation1" time="0.034" classname="org.openapitools.codegen.java.jaxrs.JavaJAXRSSpecServerCodegenTest"/>
  <system-out/>
  <testcase name="testToApiNameForSubresource" time="0.000" classname="org.openapitools.codegen.java.jaxrs.JavaJAXRSSpecServerCodegenTest"/>
  <system-out/>
</testsuite> <!-- org.openapitools.codegen.java.jaxrs.JavaJAXRSSpecServerCodegenTest -->
