<?xml version="1.0" encoding="UTF-8"?>
<!-- Generated by org.testng.reporters.JUnitReportReporter -->
<testsuite skipped="2" hostname="a2d94430ae94" name="org.openapitools.codegen.TemplateManagerTest" tests="13" failures="0" timestamp="2023-04-09T10:15:21 UTC" time="1.008" errors="0">
  <testcase name="writeViaMustacheAdapter" time="0.000" classname="org.openapitools.codegen.TemplateManagerTest"/>
  <system-out/>
  <testcase name="loadTemplateContentsThrowsForEscapingTemplates" time="0.000" classname="org.openapitools.codegen.TemplateManagerTest"/>
  <system-out/>
  <testcase name="loadTemplatePath" time="0.000" classname="org.openapitools.codegen.TemplateManagerTest"/>
  <system-out/>
  <testcase name="writeViaHandlebarsAdapter" time="0.002" classname="org.openapitools.codegen.TemplateManagerTest"/>
  <system-out/>
  <testcase name="minimalUpdateOnlyWritesChangedContents" time="1.003" classname="org.openapitools.codegen.TemplateManagerTest"/>
  <system-out/>
  <testcase name="overwritesWhenSkipOverwriteFalse" time="0.001" classname="org.openapitools.codegen.TemplateManagerTest"/>
  <system-out/>
  <testcase name="getTemplateReader" time="0.000" classname="org.openapitools.codegen.TemplateManagerTest"/>
  <system-out/>
  <testcase name="skipOverwriteViaOption" time="0.001" classname="org.openapitools.codegen.TemplateManagerTest"/>
  <system-out/>
  <testcase name="loadTemplateContents" time="0.001" classname="org.openapitools.codegen.TemplateManagerTest"/>
  <system-out/>
  <testcase name="readTemplate" time="0.000" classname="org.openapitools.codegen.TemplateManagerTest"/>
  <system-out/>
  <testcase name="getTemplateReaderThrowsForEscapingTemplates" time="0.000" classname="org.openapitools.codegen.TemplateManagerTest"/>
  <system-out/>
  <testcase name="writeUsingMustacheAdapterSkipsNonMustache" classname="org.openapitools.codegen.TemplateManagerTest">
    <skipped/>
  </testcase> <!-- writeUsingMustacheAdapterSkipsNonMustache -->
  <system-out/>
  <testcase name="writeUsingHandlebarsAdapterSkipsNonHandlebars" classname="org.openapitools.codegen.TemplateManagerTest">
    <skipped/>
  </testcase> <!-- writeUsingHandlebarsAdapterSkipsNonHandlebars -->
  <system-out/>
</testsuite> <!-- org.openapitools.codegen.TemplateManagerTest -->
