<?xml version="1.0" encoding="UTF-8"?>
<!-- Generated by org.testng.reporters.JUnitReportReporter -->
<testsuite skipped="0" hostname="a2d94430ae94" name="org.openapitools.codegen.rust.AbstractRustCodegenTest" tests="14" failures="0" timestamp="2023-04-09T10:15:21 UTC" time="0.006" errors="0">
  <testcase name="testCanFitIntoUnsigned" time="0.000" classname="org.openapitools.codegen.rust.AbstractRustCodegenTest"/>
  <system-out/>
  <testcase name="testToParamName" time="0.000" classname="org.openapitools.codegen.rust.AbstractRustCodegenTest"/>
  <system-out/>
  <testcase name="testIsReservedWord" time="0.000" classname="org.openapitools.codegen.rust.AbstractRustCodegenTest"/>
  <system-out/>
  <testcase name="testToApiFilename" time="0.000" classname="org.openapitools.codegen.rust.AbstractRustCodegenTest"/>
  <system-out/>
  <testcase name="testBestFittingIntegerType" time="0.001" classname="org.openapitools.codegen.rust.AbstractRustCodegenTest"/>
  <system-out/>
  <testcase name="testToModelName" time="0.000" classname="org.openapitools.codegen.rust.AbstractRustCodegenTest"/>
  <system-out/>
  <testcase name="testToEnumName" time="0.001" classname="org.openapitools.codegen.rust.AbstractRustCodegenTest"/>
  <system-out/>
  <testcase name="testToVarName" time="0.001" classname="org.openapitools.codegen.rust.AbstractRustCodegenTest"/>
  <system-out/>
  <testcase name="testToApiName" time="0.000" classname="org.openapitools.codegen.rust.AbstractRustCodegenTest"/>
  <system-out/>
  <testcase name="testToEnumValue" time="0.000" classname="org.openapitools.codegen.rust.AbstractRustCodegenTest"/>
  <system-out/>
  <testcase name="testToEnumVarName" time="0.001" classname="org.openapitools.codegen.rust.AbstractRustCodegenTest"/>
  <system-out/>
  <testcase name="testToModelFileName" time="0.000" classname="org.openapitools.codegen.rust.AbstractRustCodegenTest"/>
  <system-out/>
  <testcase name="testToOperationId" time="0.000" classname="org.openapitools.codegen.rust.AbstractRustCodegenTest"/>
  <system-out/>
  <testcase name="testSanitizeIdentifier" time="0.002" classname="org.openapitools.codegen.rust.AbstractRustCodegenTest"/>
  <system-out/>
</testsuite> <!-- org.openapitools.codegen.rust.AbstractRustCodegenTest -->
