<?xml version="1.0" encoding="UTF-8"?>
<!-- Generated by org.testng.reporters.JUnitReportReporter -->
<testsuite skipped="0" hostname="a2d94430ae94" name="org.openapitools.codegen.asciidoc.AsciidocGeneratorTest" tests="5" failures="0" timestamp="2023-04-09T10:15:21 UTC" time="0.031" errors="0">
  <testcase name="testPingSpecTitle" time="0.002" classname="org.openapitools.codegen.asciidoc.AsciidocGeneratorTest"/>
  <system-out/>
  <testcase name="testAdditionalDirectoriesGeneratedIntoHeaderAttributes" time="0.009" classname="org.openapitools.codegen.asciidoc.AsciidocGeneratorTest"/>
  <system-out/>
  <testcase name="testHeaderAttributesFlagRemovesAttributesFromMarkupHeaderSection" time="0.007" classname="org.openapitools.codegen.asciidoc.AsciidocGeneratorTest"/>
  <system-out/>
  <testcase name="testGenerateIndexAsciidocMarkupContent" time="0.006" classname="org.openapitools.codegen.asciidoc.AsciidocGeneratorTest"/>
  <system-out/>
  <testcase name="testGenerateIndexAsciidocMarkupFileWithAsciidocGenerator" time="0.007" classname="org.openapitools.codegen.asciidoc.AsciidocGeneratorTest"/>
  <system-out/>
</testsuite> <!-- org.openapitools.codegen.asciidoc.AsciidocGeneratorTest -->
