<?xml version="1.0" encoding="UTF-8"?>
<!-- Generated by org.testng.reporters.JUnitReportReporter -->
<testsuite skipped="0" hostname="a2d94430ae94" name="org.openapitools.codegen.typescript.typescriptnestjs.TypeScriptNestjsModelTest" tests="7" failures="0" timestamp="2023-04-09T10:15:21 UTC" time="0.003" errors="0">
  <testcase name="complexPropertyTest" time="0.001" classname="org.openapitools.codegen.typescript.typescriptnestjs.TypeScriptNestjsModelTest"/>
  <system-out/>
  <testcase name="arrayModelTest" time="0.001" classname="org.openapitools.codegen.typescript.typescriptnestjs.TypeScriptNestjsModelTest"/>
  <system-out/>
  <testcase name="listPropertyTest" time="0.000" classname="org.openapitools.codegen.typescript.typescriptnestjs.TypeScriptNestjsModelTest"/>
  <system-out/>
  <testcase name="mapModelTest" time="0.001" classname="org.openapitools.codegen.typescript.typescriptnestjs.TypeScriptNestjsModelTest"/>
  <system-out/>
  <testcase name="beginDecimalNameTest" time="0.000" classname="org.openapitools.codegen.typescript.typescriptnestjs.TypeScriptNestjsModelTest"/>
  <system-out/>
  <testcase name="simpleModelTest" time="0.000" classname="org.openapitools.codegen.typescript.typescriptnestjs.TypeScriptNestjsModelTest"/>
  <system-out/>
  <testcase name="complexListPropertyTest" time="0.000" classname="org.openapitools.codegen.typescript.typescriptnestjs.TypeScriptNestjsModelTest"/>
  <system-out/>
</testsuite> <!-- org.openapitools.codegen.typescript.typescriptnestjs.TypeScriptNestjsModelTest -->
