<?xml version="1.0" encoding="UTF-8"?>
<!-- Generated by org.testng.reporters.JUnitReportReporter -->
<testsuite skipped="0" hostname="a2d94430ae94" name="org.openapitools.codegen.typescript.fetch.TypeScriptFetchModelTest" tests="14" failures="0" timestamp="2023-04-09T10:15:21 UTC" time="0.120" errors="0">
  <testcase name="mapModelTest" time="0.000" classname="org.openapitools.codegen.typescript.fetch.TypeScriptFetchModelTest"/>
  <system-out/>
  <testcase name="listPropertyTest" time="0.001" classname="org.openapitools.codegen.typescript.fetch.TypeScriptFetchModelTest"/>
  <system-out/>
  <testcase name="testWithoutNullSafeAdditionalProps" time="0.001" classname="org.openapitools.codegen.typescript.fetch.TypeScriptFetchModelTest"/>
  <system-out/>
  <testcase name="arrayModelTest" time="0.000" classname="org.openapitools.codegen.typescript.fetch.TypeScriptFetchModelTest"/>
  <system-out/>
  <testcase name="enumModelValueTest" time="0.053" classname="org.openapitools.codegen.typescript.fetch.TypeScriptFetchModelTest"/>
  <system-out/>
  <testcase name="testNestedReadonlySchemas" time="0.004" classname="org.openapitools.codegen.typescript.fetch.TypeScriptFetchModelTest"/>
  <system-out/>
  <testcase name="enumArrayModelTest" time="0.053" classname="org.openapitools.codegen.typescript.fetch.TypeScriptFetchModelTest"/>
  <system-out/>
  <testcase name="testNullSafeAdditionalProps" time="0.000" classname="org.openapitools.codegen.typescript.fetch.TypeScriptFetchModelTest"/>
  <system-out/>
  <testcase name="testNestedNullableSchemas" time="0.004" classname="org.openapitools.codegen.typescript.fetch.TypeScriptFetchModelTest"/>
  <system-out/>
  <testcase name="simpleModelWithStringDateTest" time="0.000" classname="org.openapitools.codegen.typescript.fetch.TypeScriptFetchModelTest"/>
  <system-out/>
  <testcase name="simpleModelTest" time="0.001" classname="org.openapitools.codegen.typescript.fetch.TypeScriptFetchModelTest"/>
  <system-out/>
  <testcase name="complexPropertyTest" time="0.000" classname="org.openapitools.codegen.typescript.fetch.TypeScriptFetchModelTest"/>
  <system-out/>
  <testcase name="complexListPropertyTest" time="0.001" classname="org.openapitools.codegen.typescript.fetch.TypeScriptFetchModelTest"/>
  <system-out/>
  <testcase name="simpleModelDefaultValuesTest" time="0.002" classname="org.openapitools.codegen.typescript.fetch.TypeScriptFetchModelTest"/>
  <system-out/>
</testsuite> <!-- org.openapitools.codegen.typescript.fetch.TypeScriptFetchModelTest -->
