<?xml version="1.0" encoding="UTF-8"?>
<!-- Generated by org.testng.reporters.JUnitReportReporter -->
<testsuite skipped="0" hostname="a2d94430ae94" name="org.openapitools.codegen.objc.ObjcModelTest" tests="14" failures="0" timestamp="2023-04-09T10:15:21 UTC" time="0.492" errors="0">
  <testcase name="arrayModelTest" time="0.005" classname="org.openapitools.codegen.objc.ObjcModelTest"/>
  <system-out/>
  <testcase name="binaryDataModelTest" time="0.042" classname="org.openapitools.codegen.objc.ObjcModelTest"/>
  <system-out/>
  <testcase name="listPropertyTest" time="0.002" classname="org.openapitools.codegen.objc.ObjcModelTest"/>
  <system-out/>
  <testcase name="uuidAndPasswordDataModelTest" time="0.079" classname="org.openapitools.codegen.objc.ObjcModelTest"/>
  <system-out/>
  <testcase name="mixedPropertiesDataModelTest" time="0.084" classname="org.openapitools.codegen.objc.ObjcModelTest"/>
  <system-out/>
  <testcase name="mapModelTest" time="0.001" classname="org.openapitools.codegen.objc.ObjcModelTest"/>
  <system-out/>
  <testcase name="complexMapPropertyTest" time="0.001" classname="org.openapitools.codegen.objc.ObjcModelTest"/>
  <system-out/>
  <testcase name="complexListPropertyTest" time="0.001" classname="org.openapitools.codegen.objc.ObjcModelTest"/>
  <system-out/>
  <testcase name="simpleModelTest" time="0.001" classname="org.openapitools.codegen.objc.ObjcModelTest"/>
  <system-out/>
  <testcase name="issue316Test" time="0.010" classname="org.openapitools.codegen.objc.ObjcModelTest"/>
  <system-out/>
  <testcase name="advancedMapPropertyTest" time="0.002" classname="org.openapitools.codegen.objc.ObjcModelTest"/>
  <system-out/>
  <testcase name="complexPropertyTest" time="0.000" classname="org.openapitools.codegen.objc.ObjcModelTest"/>
  <system-out/>
  <testcase name="mapPropertyTest" time="0.001" classname="org.openapitools.codegen.objc.ObjcModelTest"/>
  <system-out/>
  <testcase name="isArrayModelTest" time="0.263" classname="org.openapitools.codegen.objc.ObjcModelTest"/>
  <system-out/>
</testsuite> <!-- org.openapitools.codegen.objc.ObjcModelTest -->
