<?xml version="1.0" encoding="UTF-8"?>
<!-- Generated by org.testng.reporters.JUnitReportReporter -->
<testsuite skipped="0" hostname="a2d94430ae94" name="org.openapitools.codegen.typescript.typescriptangular.TypeScriptAngularClientCodegenTest" tests="14" failures="0" timestamp="2023-04-09T10:15:21 UTC" time="0.047" errors="0">
  <testcase name="testToEnumName" time="0.001" classname="org.openapitools.codegen.typescript.typescriptangular.TypeScriptAngularClientCodegenTest"/>
  <system-out/>
  <testcase name="testCorrectlyProducesImportsWithImportMapping" time="0.001" classname="org.openapitools.codegen.typescript.typescriptangular.TypeScriptAngularClientCodegenTest"/>
  <system-out/>
  <testcase name="testSchema" time="0.001" classname="org.openapitools.codegen.typescript.typescriptangular.TypeScriptAngularClientCodegenTest"/>
  <system-out/>
  <testcase name="testToParamNaming" time="0.000" classname="org.openapitools.codegen.typescript.typescriptangular.TypeScriptAngularClientCodegenTest"/>
  <system-out/>
  <testcase name="testSnapshotVersion" time="0.000" classname="org.openapitools.codegen.typescript.typescriptangular.TypeScriptAngularClientCodegenTest"/>
  <system-out/>
  <testcase name="testModelFileSuffix" time="0.001" classname="org.openapitools.codegen.typescript.typescriptangular.TypeScriptAngularClientCodegenTest"/>
  <system-out/>
  <testcase name="testRemovePrefixSuffix" time="0.000" classname="org.openapitools.codegen.typescript.typescriptangular.TypeScriptAngularClientCodegenTest"/>
  <system-out/>
  <testcase name="testWithoutSnapshotVersion" time="0.000" classname="org.openapitools.codegen.typescript.typescriptangular.TypeScriptAngularClientCodegenTest"/>
  <system-out/>
  <testcase name="testTaggedUnionImports" time="0.041" classname="org.openapitools.codegen.typescript.typescriptangular.TypeScriptAngularClientCodegenTest"/>
  <system-out/>
  <testcase name="toEnumVarName" time="0.001" classname="org.openapitools.codegen.typescript.typescriptangular.TypeScriptAngularClientCodegenTest"/>
  <system-out/>
  <testcase name="testModelSuffix" time="0.000" classname="org.openapitools.codegen.typescript.typescriptangular.TypeScriptAngularClientCodegenTest"/>
  <system-out/>
  <testcase name="testKebabCasedModelFilenames" time="0.000" classname="org.openapitools.codegen.typescript.typescriptangular.TypeScriptAngularClientCodegenTest"/>
  <system-out/>
  <testcase name="testOperationIdParser" time="0.001" classname="org.openapitools.codegen.typescript.typescriptangular.TypeScriptAngularClientCodegenTest"/>
  <system-out/>
  <testcase name="toVarName" time="0.000" classname="org.openapitools.codegen.typescript.typescriptangular.TypeScriptAngularClientCodegenTest"/>
  <system-out/>
</testsuite> <!-- org.openapitools.codegen.typescript.typescriptangular.TypeScriptAngularClientCodegenTest -->
