<?xml version="1.0" encoding="UTF-8"?>
<!-- Generated by org.testng.reporters.JUnitReportReporter -->
<testsuite skipped="0" hostname="a2d94430ae94" name="org.openapitools.codegen.templating.handlebars.StringHelpersTest" tests="6" failures="0" timestamp="2023-04-09T10:15:21 UTC" time="0.019" errors="0">
  <testcase name="endsWithYesOverrideTest" time="0.002" classname="org.openapitools.codegen.templating.handlebars.StringHelpersTest"/>
  <system-out/>
  <testcase name="startsWithYesOverrideTest" time="0.002" classname="org.openapitools.codegen.templating.handlebars.StringHelpersTest"/>
  <system-out/>
  <testcase name="startsWithTest" time="0.003" classname="org.openapitools.codegen.templating.handlebars.StringHelpersTest"/>
  <system-out/>
  <testcase name="startsWithSectionalTest" time="0.002" classname="org.openapitools.codegen.templating.handlebars.StringHelpersTest"/>
  <system-out/>
  <testcase name="endsWithSectionalTest" time="0.005" classname="org.openapitools.codegen.templating.handlebars.StringHelpersTest"/>
  <system-out/>
  <testcase name="endsWithTest" time="0.005" classname="org.openapitools.codegen.templating.handlebars.StringHelpersTest"/>
  <system-out/>
</testsuite> <!-- org.openapitools.codegen.templating.handlebars.StringHelpersTest -->
