<?xml version="1.0" encoding="UTF-8"?>
<!-- Generated by org.testng.reporters.JUnitReportReporter -->
<testsuite skipped="0" hostname="a2d94430ae94" name="org.openapitools.codegen.csharp.CSharpModelTest" tests="16" failures="0" timestamp="2023-04-09T10:15:21 UTC" time="0.231" errors="0">
  <testcase name="mapPropertyTest" time="0.000" classname="org.openapitools.codegen.csharp.CSharpModelTest"/>
  <system-out/>
  <testcase name="simpleModelTest" time="0.000" classname="org.openapitools.codegen.csharp.CSharpModelTest"/>
  <system-out/>
  <testcase name="nonNullablePropertyTest" time="0.001" classname="org.openapitools.codegen.csharp.CSharpModelTest"/>
  <system-out/>
  <testcase name="complexListPropertyTest" time="0.000" classname="org.openapitools.codegen.csharp.CSharpModelTest"/>
  <system-out/>
  <testcase name="arrayPropertyICollectionOptionTest" time="0.001" classname="org.openapitools.codegen.csharp.CSharpModelTest"/>
  <system-out/>
  <testcase name="arrayModelTest" time="0.001" classname="org.openapitools.codegen.csharp.CSharpModelTest"/>
  <system-out/>
  <testcase name="complexMapPropertyTest" time="0.000" classname="org.openapitools.codegen.csharp.CSharpModelTest"/>
  <system-out/>
  <testcase name="nullablePropertyWithNullableReferenceTypesTest" time="0.001" classname="org.openapitools.codegen.csharp.CSharpModelTest"/>
  <system-out/>
  <testcase name="nullablePropertyTest" time="0.000" classname="org.openapitools.codegen.csharp.CSharpModelTest"/>
  <system-out/>
  <testcase name="listPropertyTest" time="0.000" classname="org.openapitools.codegen.csharp.CSharpModelTest"/>
  <system-out/>
  <testcase name="nullablePropertyWithoutNullableReferenceTypesTest" time="0.001" classname="org.openapitools.codegen.csharp.CSharpModelTest"/>
  <system-out/>
  <testcase name="complexPropertyTest" time="0.000" classname="org.openapitools.codegen.csharp.CSharpModelTest"/>
  <system-out/>
  <testcase name="mapModelTest" time="0.001" classname="org.openapitools.codegen.csharp.CSharpModelTest"/>
  <system-out/>
  <testcase name="arrayPropertyTest" time="0.000" classname="org.openapitools.codegen.csharp.CSharpModelTest"/>
  <system-out/>
  <testcase name="assertOuterEnumIsString" time="0.224" classname="org.openapitools.codegen.csharp.CSharpModelTest"/>
  <system-out/>
  <testcase name="arrayPropertyCollectionOptionTest" time="0.001" classname="org.openapitools.codegen.csharp.CSharpModelTest"/>
  <system-out/>
</testsuite> <!-- org.openapitools.codegen.csharp.CSharpModelTest -->
