<?xml version="1.0" encoding="UTF-8"?>
<!-- Generated by org.testng.reporters.JUnitReportReporter -->
<testsuite skipped="0" hostname="a2d94430ae94" name="org.openapitools.codegen.plantuml.PlantumlDocumentationCodegenTest" tests="5" failures="0" timestamp="2023-04-09T10:15:21 UTC" time="0.019" errors="0">
  <testcase name="sharedIdenticalInlineAllOfTest" time="0.001" classname="org.openapitools.codegen.plantuml.PlantumlDocumentationCodegenTest"/>
  <system-out/>
  <testcase name="inheritedEntitiesTest" time="0.009" classname="org.openapitools.codegen.plantuml.PlantumlDocumentationCodegenTest"/>
  <system-out/>
  <testcase name="simpleEntityTest" time="0.001" classname="org.openapitools.codegen.plantuml.PlantumlDocumentationCodegenTest"/>
  <system-out/>
  <testcase name="listFieldTest" time="0.001" classname="org.openapitools.codegen.plantuml.PlantumlDocumentationCodegenTest"/>
  <system-out/>
  <testcase name="aggregatedEntitiesTest" time="0.007" classname="org.openapitools.codegen.plantuml.PlantumlDocumentationCodegenTest"/>
  <system-out/>
</testsuite> <!-- org.openapitools.codegen.plantuml.PlantumlDocumentationCodegenTest -->
