<?xml version="1.0" encoding="UTF-8"?>
<!-- Generated by org.testng.reporters.JUnitReportReporter -->
<testsuite skipped="0" hostname="a2d94430ae94" name="org.openapitools.codegen.typescript.typescriptnode.TypeScriptNodeClientOptionsTest" tests="2" failures="0" timestamp="2023-04-09T10:15:21 UTC" time="0.004" errors="0">
  <testcase name="checkOptionsHelp" time="0.000" classname="org.openapitools.codegen.typescript.typescriptnode.TypeScriptNodeClientOptionsTest"/>
  <system-out/>
  <testcase name="checkOptionsProcessing" time="0.004" classname="org.openapitools.codegen.typescript.typescriptnode.TypeScriptNodeClientOptionsTest"/>
  <system-out/>
</testsuite> <!-- org.openapitools.codegen.typescript.typescriptnode.TypeScriptNodeClientOptionsTest -->
