<?xml version="1.0" encoding="UTF-8"?>
<!-- Generated by org.testng.reporters.JUnitReportReporter -->
<testsuite skipped="0" hostname="a2d94430ae94" name="org.openapitools.codegen.validations.oas.OpenApiSchemaTypeTest" tests="1" failures="0" timestamp="2023-04-09T10:15:21 UTC" time="0.014" errors="0">
  <testcase name="testOas30DocumentWithNullType" time="0.014" classname="org.openapitools.codegen.validations.oas.OpenApiSchemaTypeTest"/>
  <system-out/>
</testsuite> <!-- org.openapitools.codegen.validations.oas.OpenApiSchemaTypeTest -->
