<?xml version="1.0" encoding="UTF-8"?>
<!-- Generated by org.testng.reporters.JUnitReportReporter -->
<testsuite skipped="0" hostname="a2d94430ae94" name="org.openapitools.codegen.config.MergedSpecBuilderTest" tests="2" failures="0" timestamp="2023-04-09T10:15:21 UTC" time="0.157" errors="0">
  <testcase name="shouldMergeJsonSpecs" time="0.096" classname="org.openapitools.codegen.config.MergedSpecBuilderTest"/>
  <system-out/>
  <testcase name="shouldMergeYamlSpecs" time="0.061" classname="org.openapitools.codegen.config.MergedSpecBuilderTest"/>
  <system-out/>
</testsuite> <!-- org.openapitools.codegen.config.MergedSpecBuilderTest -->
