<?xml version="1.0" encoding="UTF-8"?>
<!-- Generated by org.testng.reporters.JUnitReportReporter -->
<testsuite skipped="0" hostname="a2d94430ae94" name="org.openapitools.codegen.validations.oas.OpenApiParameterValidationsTest" tests="18" failures="0" timestamp="2023-04-09T10:15:21 UTC" time="0.014" errors="0">
  <testcase name="testDefaultRecommendationApacheNginx" time="0.001" classname="org.openapitools.codegen.validations.oas.OpenApiParameterValidationsTest"/>
  <system-out/>
  <testcase name="testApacheNginxWithDisabledRule" time="0.001" classname="org.openapitools.codegen.validations.oas.OpenApiParameterValidationsTest"/>
  <system-out/>
  <testcase name="testApacheNginxWithDisabledRule" time="0.000" classname="org.openapitools.codegen.validations.oas.OpenApiParameterValidationsTest"/>
  <system-out/>
  <testcase name="testApacheNginxWithDisabledRule" time="0.000" classname="org.openapitools.codegen.validations.oas.OpenApiParameterValidationsTest"/>
  <system-out/>
  <testcase name="testDefaultRecommendationApacheNginx" time="0.004" classname="org.openapitools.codegen.validations.oas.OpenApiParameterValidationsTest"/>
  <system-out/>
  <testcase name="testDefaultRecommendationApacheNginx" time="0.000" classname="org.openapitools.codegen.validations.oas.OpenApiParameterValidationsTest"/>
  <system-out/>
  <testcase name="testApacheNginxWithDisabledRecommendations" time="0.000" classname="org.openapitools.codegen.validations.oas.OpenApiParameterValidationsTest"/>
  <system-out/>
  <testcase name="testApacheNginxWithDisabledRecommendations" time="0.007" classname="org.openapitools.codegen.validations.oas.OpenApiParameterValidationsTest"/>
  <system-out/>
  <testcase name="testApacheNginxWithDisabledRule" time="0.000" classname="org.openapitools.codegen.validations.oas.OpenApiParameterValidationsTest"/>
  <system-out/>
  <testcase name="testApacheNginxWithDisabledRule" time="0.000" classname="org.openapitools.codegen.validations.oas.OpenApiParameterValidationsTest"/>
  <system-out/>
  <testcase name="testApacheNginxWithDisabledRule" time="0.000" classname="org.openapitools.codegen.validations.oas.OpenApiParameterValidationsTest"/>
  <system-out/>
  <testcase name="testApacheNginxWithDisabledRecommendations" time="0.000" classname="org.openapitools.codegen.validations.oas.OpenApiParameterValidationsTest"/>
  <system-out/>
  <testcase name="testDefaultRecommendationApacheNginx" time="0.000" classname="org.openapitools.codegen.validations.oas.OpenApiParameterValidationsTest"/>
  <system-out/>
  <testcase name="testApacheNginxWithDisabledRecommendations" time="0.000" classname="org.openapitools.codegen.validations.oas.OpenApiParameterValidationsTest"/>
  <system-out/>
  <testcase name="testApacheNginxWithDisabledRecommendations" time="0.001" classname="org.openapitools.codegen.validations.oas.OpenApiParameterValidationsTest"/>
  <system-out/>
  <testcase name="testDefaultRecommendationApacheNginx" time="0.000" classname="org.openapitools.codegen.validations.oas.OpenApiParameterValidationsTest"/>
  <system-out/>
  <testcase name="testApacheNginxWithDisabledRecommendations" time="0.000" classname="org.openapitools.codegen.validations.oas.OpenApiParameterValidationsTest"/>
  <system-out/>
  <testcase name="testDefaultRecommendationApacheNginx" time="0.000" classname="org.openapitools.codegen.validations.oas.OpenApiParameterValidationsTest"/>
  <system-out/>
</testsuite> <!-- org.openapitools.codegen.validations.oas.OpenApiParameterValidationsTest -->
