<?xml version="1.0" encoding="UTF-8"?>
<!-- Generated by org.testng.reporters.JUnitReportReporter -->
<testsuite skipped="0" hostname="a2d94430ae94" name="org.openapitools.codegen.templating.mustache.SplitStringLambdaTest" tests="4" failures="0" timestamp="2023-04-09T10:15:21 UTC" time="0.017" errors="0">
  <testcase name="testSplitGroupsOf3" time="0.001" classname="org.openapitools.codegen.templating.mustache.SplitStringLambdaTest"/>
  <system-out/>
  <testcase name="testShortString" time="0.000" classname="org.openapitools.codegen.templating.mustache.SplitStringLambdaTest"/>
  <system-out/>
  <testcase name="testSplitGroupsOf2" time="0.016" classname="org.openapitools.codegen.templating.mustache.SplitStringLambdaTest"/>
  <system-out/>
  <testcase name="testSplitQuotedString" time="0.000" classname="org.openapitools.codegen.templating.mustache.SplitStringLambdaTest"/>
  <system-out/>
</testsuite> <!-- org.openapitools.codegen.templating.mustache.SplitStringLambdaTest -->
