<?xml version="1.0" encoding="UTF-8"?>
<!-- Generated by org.testng.reporters.JUnitReportReporter -->
<testsuite skipped="0" hostname="a2d94430ae94" name="org.openapitools.codegen.python.PythonLegacyClientCodegenTest" tests="16" failures="0" timestamp="2023-04-09T10:15:21 UTC" time="0.056" errors="0">
  <testcase name="listPropertyTest" time="0.001" classname="org.openapitools.codegen.python.PythonLegacyClientCodegenTest"/>
  <system-out/>
  <testcase name="simpleModelTest" time="0.001" classname="org.openapitools.codegen.python.PythonLegacyClientCodegenTest"/>
  <system-out/>
  <testcase name="testSingleQuotes" time="0.001" classname="org.openapitools.codegen.python.PythonLegacyClientCodegenTest"/>
  <system-out/>
  <testcase name="mapModelTest" time="0.000" classname="org.openapitools.codegen.python.PythonLegacyClientCodegenTest"/>
  <system-out/>
  <testcase name="testGeneratedExampleValues" time="0.007" classname="org.openapitools.codegen.python.PythonLegacyClientCodegenTest"/>
  <system-out/>
  <testcase name="arrayModelTest" time="0.001" classname="org.openapitools.codegen.python.PythonLegacyClientCodegenTest"/>
  <system-out/>
  <testcase name="mapPropertyTest" time="0.001" classname="org.openapitools.codegen.python.PythonLegacyClientCodegenTest"/>
  <system-out/>
  <testcase name="testSettersForConfigValues" time="0.000" classname="org.openapitools.codegen.python.PythonLegacyClientCodegenTest"/>
  <system-out/>
  <testcase name="testAdditionalPropertiesPutForConfigValues" time="0.000" classname="org.openapitools.codegen.python.PythonLegacyClientCodegenTest"/>
  <system-out/>
  <testcase name="testEnumNull" time="0.003" classname="org.openapitools.codegen.python.PythonLegacyClientCodegenTest"/>
  <system-out/>
  <testcase name="complexMapPropertyTest" time="0.001" classname="org.openapitools.codegen.python.PythonLegacyClientCodegenTest"/>
  <system-out/>
  <testcase name="complexPropertyTest" time="0.001" classname="org.openapitools.codegen.python.PythonLegacyClientCodegenTest"/>
  <system-out/>
  <testcase name="complexListPropertyTest" time="0.001" classname="org.openapitools.codegen.python.PythonLegacyClientCodegenTest"/>
  <system-out/>
  <testcase name="testInitialConfigValues" time="0.001" classname="org.openapitools.codegen.python.PythonLegacyClientCodegenTest"/>
  <system-out/>
  <testcase name="testRegularExpressionOpenAPISchemaVersion3" time="0.006" classname="org.openapitools.codegen.python.PythonLegacyClientCodegenTest"/>
  <system-out/>
  <testcase name="modelTest" time="0.031" classname="org.openapitools.codegen.python.PythonLegacyClientCodegenTest"/>
  <system-out/>
</testsuite> <!-- org.openapitools.codegen.python.PythonLegacyClientCodegenTest -->
