<?xml version="1.0" encoding="UTF-8"?>
<!-- Generated by org.testng.reporters.JUnitReportReporter -->
<testsuite skipped="0" hostname="a2d94430ae94" name="org.openapitools.codegen.kotlin.AbstractKotlinCodegenTest" tests="25" failures="0" timestamp="2023-04-09T10:15:21 UTC" time="0.035" errors="0">
  <testcase name="apIFileFolder" time="0.001" classname="org.openapitools.codegen.kotlin.AbstractKotlinCodegenTest"/>
  <system-out/>
  <testcase name="convertApiNameWithSuffix" time="0.001" classname="org.openapitools.codegen.kotlin.AbstractKotlinCodegenTest"/>
  <system-out/>
  <testcase name="convertModelName" time="0.001" classname="org.openapitools.codegen.kotlin.AbstractKotlinCodegenTest"/>
  <system-out/>
  <testcase name="originalEnumConverter" time="0.000" classname="org.openapitools.codegen.kotlin.AbstractKotlinCodegenTest"/>
  <system-out/>
  <testcase name="camlCaseEnumConverter" time="0.003" classname="org.openapitools.codegen.kotlin.AbstractKotlinCodegenTest"/>
  <system-out/>
  <testcase name="isDataTypeString" time="0.000" classname="org.openapitools.codegen.kotlin.AbstractKotlinCodegenTest"/>
  <system-out/>
  <testcase name="convertModelNameTitleCase" time="0.000" classname="org.openapitools.codegen.kotlin.AbstractKotlinCodegenTest"/>
  <system-out/>
  <testcase name="snake_caseEnumConverter" time="0.000" classname="org.openapitools.codegen.kotlin.AbstractKotlinCodegenTest"/>
  <system-out/>
  <testcase name="toModelNameShouldUseProvideImportMapping" time="0.000" classname="org.openapitools.codegen.kotlin.AbstractKotlinCodegenTest"/>
  <system-out/>
  <testcase name="processOptsBooleanFalseFromGarbage" time="0.000" classname="org.openapitools.codegen.kotlin.AbstractKotlinCodegenTest"/>
  <system-out/>
  <testcase name="toEnumValue" time="0.001" classname="org.openapitools.codegen.kotlin.AbstractKotlinCodegenTest"/>
  <system-out/>
  <testcase name="convertApiNameWithEmptySuffix" time="0.000" classname="org.openapitools.codegen.kotlin.AbstractKotlinCodegenTest"/>
  <system-out/>
  <testcase name="processOptsBooleanFalseFromBoolean" time="0.000" classname="org.openapitools.codegen.kotlin.AbstractKotlinCodegenTest"/>
  <system-out/>
  <testcase name="testEnumPropertyWithDefaultValue" time="0.006" classname="org.openapitools.codegen.kotlin.AbstractKotlinCodegenTest"/>
  <system-out/>
  <testcase name="uppercaseEnumConverter" time="0.000" classname="org.openapitools.codegen.kotlin.AbstractKotlinCodegenTest"/>
  <system-out/>
  <testcase name="toModelNameShouldUseProvideSchemaMapping" time="0.000" classname="org.openapitools.codegen.kotlin.AbstractKotlinCodegenTest"/>
  <system-out/>
  <testcase name="processOptsBooleanTrueFromBoolean" time="0.001" classname="org.openapitools.codegen.kotlin.AbstractKotlinCodegenTest"/>
  <system-out/>
  <testcase name="processOptsBooleanFalseFromNumeric" time="0.000" classname="org.openapitools.codegen.kotlin.AbstractKotlinCodegenTest"/>
  <system-out/>
  <testcase name="processOptsBooleanTrueFromString" time="0.000" classname="org.openapitools.codegen.kotlin.AbstractKotlinCodegenTest"/>
  <system-out/>
  <testcase name="processOptsBooleanFalseFromString" time="0.000" classname="org.openapitools.codegen.kotlin.AbstractKotlinCodegenTest"/>
  <system-out/>
  <testcase name="apiTestFileFolder" time="0.000" classname="org.openapitools.codegen.kotlin.AbstractKotlinCodegenTest"/>
  <system-out/>
  <testcase name="convertVarName" time="0.004" classname="org.openapitools.codegen.kotlin.AbstractKotlinCodegenTest"/>
  <system-out/>
  <testcase name="pascalCaseEnumConverter" time="0.000" classname="org.openapitools.codegen.kotlin.AbstractKotlinCodegenTest"/>
  <system-out/>
  <testcase name="handleInheritanceWithObjectTypeShouldNotBeAMap" time="0.005" classname="org.openapitools.codegen.kotlin.AbstractKotlinCodegenTest"/>
  <system-out/>
  <testcase name="handleInheritance" time="0.012" classname="org.openapitools.codegen.kotlin.AbstractKotlinCodegenTest"/>
  <system-out/>
</testsuite> <!-- org.openapitools.codegen.kotlin.AbstractKotlinCodegenTest -->
