<?xml version="1.0" encoding="UTF-8"?>
<!-- Generated by org.testng.reporters.JUnitReportReporter -->
<testsuite skipped="0" hostname="a2d94430ae94" name="org.openapitools.codegen.php.PhpModelTest" tests="20" failures="0" timestamp="2023-04-09T10:15:21 UTC" time="0.087" errors="0">
  <testcase name="hydraModelTest" time="0.000" classname="org.openapitools.codegen.php.PhpModelTest"/>
  <system-out/>
  <testcase name="modelNameTest" time="0.001" classname="org.openapitools.codegen.php.PhpModelTest"/>
  <system-out/>
  <testcase name="complexListProperty" time="0.001" classname="org.openapitools.codegen.php.PhpModelTest"/>
  <system-out/>
  <testcase name="complexMapSchema" time="0.001" classname="org.openapitools.codegen.php.PhpModelTest"/>
  <system-out/>
  <testcase name="modelNameTest" time="0.000" classname="org.openapitools.codegen.php.PhpModelTest"/>
  <system-out/>
  <testcase name="mapModelTest" time="0.001" classname="org.openapitools.codegen.php.PhpModelTest"/>
  <system-out/>
  <testcase name="modelNameTest" time="0.000" classname="org.openapitools.codegen.php.PhpModelTest"/>
  <system-out/>
  <testcase name="simpleModelTest" time="0.001" classname="org.openapitools.codegen.php.PhpModelTest"/>
  <system-out/>
  <testcase name="listPropertyTest" time="0.000" classname="org.openapitools.codegen.php.PhpModelTest"/>
  <system-out/>
  <testcase name="modelNameTest" time="0.000" classname="org.openapitools.codegen.php.PhpModelTest"/>
  <system-out/>
  <testcase name="arrayModelTest" time="0.000" classname="org.openapitools.codegen.php.PhpModelTest"/>
  <system-out/>
  <testcase name="modelNameTest" time="0.000" classname="org.openapitools.codegen.php.PhpModelTest"/>
  <system-out/>
  <testcase name="mapPropertyTest" time="0.000" classname="org.openapitools.codegen.php.PhpModelTest"/>
  <system-out/>
  <testcase name="dateTest" time="0.003" classname="org.openapitools.codegen.php.PhpModelTest"/>
  <system-out/>
  <testcase name="modelNameTest" time="0.000" classname="org.openapitools.codegen.php.PhpModelTest"/>
  <system-out/>
  <testcase name="testReservedWord" time="0.000" classname="org.openapitools.codegen.php.PhpModelTest"/>
  <system-out/>
  <testcase name="modelNameTest" time="0.000" classname="org.openapitools.codegen.php.PhpModelTest"/>
  <system-out/>
  <testcase name="enumModelValueTest" time="0.038" classname="org.openapitools.codegen.php.PhpModelTest"/>
  <system-out/>
  <testcase name="enumArrayModelTest" time="0.041" classname="org.openapitools.codegen.php.PhpModelTest"/>
  <system-out/>
  <testcase name="complexPropertyTest" time="0.000" classname="org.openapitools.codegen.php.PhpModelTest"/>
  <system-out/>
</testsuite> <!-- org.openapitools.codegen.php.PhpModelTest -->
