<?xml version="1.0" encoding="UTF-8"?>
<!-- Generated by org.testng.reporters.JUnitReportReporter -->
<testsuite skipped="0" hostname="a2d94430ae94" name="org.openapitools.codegen.ktorm.KtormSchemaCodegenTest" tests="7" failures="0" timestamp="2023-04-09T10:15:21 UTC" time="0.056" errors="0">
  <testcase name="testDontAddSurrogateKey" time="0.000" classname="org.openapitools.codegen.ktorm.KtormSchemaCodegenTest"/>
  <system-out/>
  <testcase name="testNonMatchedRelation" time="0.012" classname="org.openapitools.codegen.ktorm.KtormSchemaCodegenTest"/>
  <system-out/>
  <testcase name="testDefinePrimaryKey" time="0.000" classname="org.openapitools.codegen.ktorm.KtormSchemaCodegenTest"/>
  <system-out/>
  <testcase name="testMatchedColKotlinType" time="0.017" classname="org.openapitools.codegen.ktorm.KtormSchemaCodegenTest"/>
  <system-out/>
  <testcase name="testMatchedColType" time="0.018" classname="org.openapitools.codegen.ktorm.KtormSchemaCodegenTest"/>
  <system-out/>
  <testcase name="testAddSurrogateKey" time="0.003" classname="org.openapitools.codegen.ktorm.KtormSchemaCodegenTest"/>
  <system-out/>
  <testcase name="testMatchedRelation" time="0.006" classname="org.openapitools.codegen.ktorm.KtormSchemaCodegenTest"/>
  <system-out/>
</testsuite> <!-- org.openapitools.codegen.ktorm.KtormSchemaCodegenTest -->
