<?xml version="1.0" encoding="UTF-8"?>
<!-- Generated by org.testng.reporters.JUnitReportReporter -->
<testsuite skipped="0" hostname="a2d94430ae94" name="org.openapitools.codegen.utils.URLPathUtilsTest" tests="6" failures="0" timestamp="2023-04-09T10:15:21 UTC" time="0.003" errors="0">
  <testcase name="testUrl" time="0.000" classname="org.openapitools.codegen.utils.URLPathUtilsTest"/>
  <system-out/>
  <testcase name="testGetServerURLWithVariables" time="0.001" classname="org.openapitools.codegen.utils.URLPathUtilsTest"/>
  <system-out/>
  <testcase name="testGetServerURLWithVariablesAndUserOverrides" time="0.002" classname="org.openapitools.codegen.utils.URLPathUtilsTest"/>
  <system-out/>
  <testcase name="testDefaultValues" time="0.000" classname="org.openapitools.codegen.utils.URLPathUtilsTest"/>
  <system-out/>
  <testcase name="useDefaultUrlWhenServerUrlIsNull" time="0.000" classname="org.openapitools.codegen.utils.URLPathUtilsTest"/>
  <system-out/>
  <testcase name="testSanitizeUrl" time="0.000" classname="org.openapitools.codegen.utils.URLPathUtilsTest"/>
  <system-out/>
</testsuite> <!-- org.openapitools.codegen.utils.URLPathUtilsTest -->
