<?xml version="1.0" encoding="UTF-8"?>
<!-- Generated by org.testng.reporters.JUnitReportReporter -->
<testsuite skipped="0" hostname="a2d94430ae94" name="org.openapitools.codegen.InlineModelResolverTest" tests="44" failures="0" timestamp="2023-04-09T10:15:21 UTC" time="0.736" errors="0">
  <testcase name="testInlineSchemaNameDefault" time="0.024" classname="org.openapitools.codegen.InlineModelResolverTest"/>
  <system-out/>
  <testcase name="inheritanceWithInlineDiscriminator" time="0.008" classname="org.openapitools.codegen.InlineModelResolverTest"/>
  <system-out/>
  <testcase name="testInlineSchemaAllOfPropertyOfOneOf" time="0.005" classname="org.openapitools.codegen.InlineModelResolverTest"/>
  <system-out/>
  <testcase name="resolveInlineRequestBodyWithTitle" time="0.022" classname="org.openapitools.codegen.InlineModelResolverTest"/>
  <system-out/>
  <testcase name="testInlineResponseModelWithTitle" time="0.001" classname="org.openapitools.codegen.InlineModelResolverTest"/>
  <system-out/>
  <testcase name="resolveInlineArrayRequestBody" time="0.023" classname="org.openapitools.codegen.InlineModelResolverTest"/>
  <system-out/>
  <testcase name="resolveInlineModelTestWithoutTitle" time="0.000" classname="org.openapitools.codegen.InlineModelResolverTest"/>
  <system-out/>
  <testcase name="resolveInlineObjectResponseWithAdditionalProperties" time="0.021" classname="org.openapitools.codegen.InlineModelResolverTest"/>
  <system-out/>
  <testcase name="resolveInlineModelTestWithTitleWithSpaces" time="0.000" classname="org.openapitools.codegen.InlineModelResolverTest"/>
  <system-out/>
  <testcase name="arbitraryObjectResponseArray" time="0.024" classname="org.openapitools.codegen.InlineModelResolverTest"/>
  <system-out/>
  <testcase name="resolveInlineRequestBody" time="0.021" classname="org.openapitools.codegen.InlineModelResolverTest"/>
  <system-out/>
  <testcase name="arbitraryObjectModelWithArrayInlineWithTitle" time="0.020" classname="org.openapitools.codegen.InlineModelResolverTest"/>
  <system-out/>
  <testcase name="arbitraryObjectModelWithArrayInlineWithoutTitle" time="0.024" classname="org.openapitools.codegen.InlineModelResolverTest"/>
  <system-out/>
  <testcase name="arbitraryObjectRequestBodyProperty" time="0.021" classname="org.openapitools.codegen.InlineModelResolverTest"/>
  <system-out/>
  <testcase name="testInlineResponseModelType" time="0.006" classname="org.openapitools.codegen.InlineModelResolverTest"/>
  <system-out/>
  <testcase name="resolveInlineArrayRequestBodyWithTitle" time="0.023" classname="org.openapitools.codegen.InlineModelResolverTest"/>
  <system-out/>
  <testcase name="resolveInlineRequestBodyWhenNoComponents" time="0.003" classname="org.openapitools.codegen.InlineModelResolverTest"/>
  <system-out/>
  <testcase name="testNestedAnyOf" time="0.003" classname="org.openapitools.codegen.InlineModelResolverTest"/>
  <system-out/>
  <testcase name="testInlineSchemaNameMapping" time="0.022" classname="org.openapitools.codegen.InlineModelResolverTest"/>
  <system-out/>
  <testcase name="arbitraryObjectRequestBody" time="0.018" classname="org.openapitools.codegen.InlineModelResolverTest"/>
  <system-out/>
  <testcase name="resolveRequestBodyInvalidRef" time="0.022" classname="org.openapitools.codegen.InlineModelResolverTest"/>
  <system-out/>
  <testcase name="testInlineSchemaSkipReuseSetToTrue" time="0.023" classname="org.openapitools.codegen.InlineModelResolverTest"/>
  <system-out/>
  <testcase name="arbitraryRequestBodyArrayProperty" time="0.021" classname="org.openapitools.codegen.InlineModelResolverTest"/>
  <system-out/>
  <testcase name="testInlineSchemaSkipReuseSetToFalse" time="0.021" classname="org.openapitools.codegen.InlineModelResolverTest"/>
  <system-out/>
  <testcase name="resolveInlineArrayResponse" time="0.023" classname="org.openapitools.codegen.InlineModelResolverTest"/>
  <system-out/>
  <testcase name="objectComposedWithInline" time="0.021" classname="org.openapitools.codegen.InlineModelResolverTest"/>
  <system-out/>
  <testcase name="resolveInlineArrayResponseWithTitle" time="0.021" classname="org.openapitools.codegen.InlineModelResolverTest"/>
  <system-out/>
  <testcase name="nonModelRequestBody" time="0.021" classname="org.openapitools.codegen.InlineModelResolverTest"/>
  <system-out/>
  <testcase name="resolveInlineMapSchemaInResponse" time="0.019" classname="org.openapitools.codegen.InlineModelResolverTest"/>
  <system-out/>
  <testcase name="testInlineResponseModel" time="0.000" classname="org.openapitools.codegen.InlineModelResolverTest"/>
  <system-out/>
  <testcase name="resolveInlineRequestBodyWithRequired" time="0.021" classname="org.openapitools.codegen.InlineModelResolverTest"/>
  <system-out/>
  <testcase name="resolveInlineRequestBodyAllOf" time="0.021" classname="org.openapitools.codegen.InlineModelResolverTest"/>
  <system-out/>
  <testcase name="arbitraryObjectModelInline" time="0.027" classname="org.openapitools.codegen.InlineModelResolverTest"/>
  <system-out/>
  <testcase name="callbacks" time="0.021" classname="org.openapitools.codegen.InlineModelResolverTest"/>
  <system-out/>
  <testcase name="arbitraryRequestBodyArray" time="0.023" classname="org.openapitools.codegen.InlineModelResolverTest"/>
  <system-out/>
  <testcase name="arbitraryObjectResponseArrayInline" time="0.021" classname="org.openapitools.codegen.InlineModelResolverTest"/>
  <system-out/>
  <testcase name="resolveInlineModel2DifferentInnerModelsWithSameTitle" time="0.001" classname="org.openapitools.codegen.InlineModelResolverTest"/>
  <system-out/>
  <testcase name="resolveInlineArraySchemaWithTitle" time="0.021" classname="org.openapitools.codegen.InlineModelResolverTest"/>
  <system-out/>
  <testcase name="nullable" time="0.021" classname="org.openapitools.codegen.InlineModelResolverTest"/>
  <system-out/>
  <testcase name="arbitraryObjectResponse" time="0.036" classname="org.openapitools.codegen.InlineModelResolverTest"/>
  <system-out/>
  <testcase name="resolveInlineModelTestWithTitle" time="0.000" classname="org.openapitools.codegen.InlineModelResolverTest"/>
  <system-out/>
  <testcase name="emptyExampleOnStringTypeModels" time="0.022" classname="org.openapitools.codegen.InlineModelResolverTest"/>
  <system-out/>
  <testcase name="resolveInlineModel2EqualInnerModels" time="0.000" classname="org.openapitools.codegen.InlineModelResolverTest"/>
  <system-out/>
  <testcase name="arbitraryObjectResponseWithAdditionalProperty" time="0.020" classname="org.openapitools.codegen.InlineModelResolverTest"/>
  <system-out/>
</testsuite> <!-- org.openapitools.codegen.InlineModelResolverTest -->
