<?xml version="1.0" encoding="UTF-8"?>
<!-- Generated by org.testng.reporters.JUnitReportReporter -->
<testsuite skipped="0" hostname="a2d94430ae94" name="org.openapitools.codegen.templating.mustache.TitlecaseLambdaTest" tests="4" failures="0" timestamp="2023-04-09T10:15:21 UTC" time="0.000" errors="0">
  <testcase name="titlecaseWithDelimiterTest" time="0.000" classname="org.openapitools.codegen.templating.mustache.TitlecaseLambdaTest"/>
  <system-out/>
  <testcase name="titlecaseEmptyStringTest" time="0.000" classname="org.openapitools.codegen.templating.mustache.TitlecaseLambdaTest"/>
  <system-out/>
  <testcase name="titlecaseTest" time="0.000" classname="org.openapitools.codegen.templating.mustache.TitlecaseLambdaTest"/>
  <system-out/>
  <testcase name="titlecaseSingleLetterTest" time="0.000" classname="org.openapitools.codegen.templating.mustache.TitlecaseLambdaTest"/>
  <system-out/>
</testsuite> <!-- org.openapitools.codegen.templating.mustache.TitlecaseLambdaTest -->
