<?xml version="1.0" encoding="UTF-8"?>
<!-- Generated by org.testng.reporters.JUnitReportReporter -->
<testsuite skipped="0" hostname="a2d94430ae94" name="org.openapitools.codegen.wsdl.WsdlSchemaCodegenTest" tests="11" failures="0" timestamp="2023-04-09T10:15:21 UTC" time="0.032" errors="0">
  <testcase name="testIfElementTagsExist" time="0.005" classname="org.openapitools.codegen.wsdl.WsdlSchemaCodegenTest"/>
  <system-out/>
  <testcase name="testIfInputAndResponseMessageExist" time="0.005" classname="org.openapitools.codegen.wsdl.WsdlSchemaCodegenTest"/>
  <system-out/>
  <testcase name="testIfBindingOperationExists" time="0.005" classname="org.openapitools.codegen.wsdl.WsdlSchemaCodegenTest"/>
  <system-out/>
  <testcase name="testIfMessageTagsAndContentExist" time="0.003" classname="org.openapitools.codegen.wsdl.WsdlSchemaCodegenTest"/>
  <system-out/>
  <testcase name="testOpenapiDescriptionWasNotProvided" time="0.004" classname="org.openapitools.codegen.wsdl.WsdlSchemaCodegenTest"/>
  <system-out/>
  <testcase name="testFileGeneration" time="0.000" classname="org.openapitools.codegen.wsdl.WsdlSchemaCodegenTest"/>
  <system-out/>
  <testcase name="testIfPortTypeOperationExists" time="0.004" classname="org.openapitools.codegen.wsdl.WsdlSchemaCodegenTest"/>
  <system-out/>
  <testcase name="testLowerCaseStringExceptFirstLetter" time="0.001" classname="org.openapitools.codegen.wsdl.WsdlSchemaCodegenTest"/>
  <system-out/>
  <testcase name="testIfComplexTypeModelExists" time="0.002" classname="org.openapitools.codegen.wsdl.WsdlSchemaCodegenTest"/>
  <system-out/>
  <testcase name="testOperationIdGeneration" time="0.002" classname="org.openapitools.codegen.wsdl.WsdlSchemaCodegenTest"/>
  <system-out/>
  <testcase name="testIfRequestMessageMinimumExists" time="0.001" classname="org.openapitools.codegen.wsdl.WsdlSchemaCodegenTest"/>
  <system-out/>
</testsuite> <!-- org.openapitools.codegen.wsdl.WsdlSchemaCodegenTest -->
