<?xml version="1.0" encoding="UTF-8"?>
<!-- Generated by org.testng.reporters.JUnitReportReporter -->
<testsuite skipped="4" hostname="a2d94430ae94" name="org.openapitools.codegen.java.helidon.functional.FunctionalHelidonSEClientTest" tests="4" failures="0" timestamp="2023-04-09T10:15:21 UTC" time="0.137" errors="0">
  <testcase name="buildPetstore" time="0.024" classname="org.openapitools.codegen.java.helidon.functional.FunctionalHelidonSEClientTest">
    <skipped/>
  </testcase> <!-- buildPetstore -->
  <system-out/>
  <testcase name="buildPetstoreWithFakeEndpoints" time="0.064" classname="org.openapitools.codegen.java.helidon.functional.FunctionalHelidonSEClientTest">
    <skipped/>
  </testcase> <!-- buildPetstoreWithFakeEndpoints -->
  <system-out/>
  <testcase name="buildPetstoreNoMultipart" time="0.026" classname="org.openapitools.codegen.java.helidon.functional.FunctionalHelidonSEClientTest">
    <skipped/>
  </testcase> <!-- buildPetstoreNoMultipart -->
  <system-out/>
  <testcase name="verifyFullProjectSemantics" time="0.023" classname="org.openapitools.codegen.java.helidon.functional.FunctionalHelidonSEClientTest">
    <skipped/>
  </testcase> <!-- verifyFullProjectSemantics -->
  <system-out/>
</testsuite> <!-- org.openapitools.codegen.java.helidon.functional.FunctionalHelidonSEClientTest -->
