<?xml version="1.0" encoding="UTF-8"?>
<!-- Generated by org.testng.reporters.JUnitReportReporter -->
<testsuite skipped="0" hostname="a2d94430ae94" name="org.openapitools.codegen.scala.SttpCodegenTest" tests="3" failures="0" timestamp="2023-04-09T10:15:21 UTC" time="0.009" errors="0">
  <testcase name="typeByteArray" time="0.000" classname="org.openapitools.codegen.scala.SttpCodegenTest"/>
  <system-out/>
  <testcase name="verifyOperatorName" time="0.008" classname="org.openapitools.codegen.scala.SttpCodegenTest"/>
  <system-out/>
  <testcase name="encodePath" time="0.001" classname="org.openapitools.codegen.scala.SttpCodegenTest"/>
  <system-out/>
</testsuite> <!-- org.openapitools.codegen.scala.SttpCodegenTest -->
