<?xml version="1.0" encoding="UTF-8"?>
<!-- Generated by org.testng.reporters.JUnitReportReporter -->
<testsuite skipped="0" hostname="a2d94430ae94" name="org.openapitools.codegen.java.helidon.JavaHelidonSeServerCodegenTest" tests="10" failures="0" timestamp="2023-04-09T10:15:21 UTC" time="1.183" errors="0">
  <testcase name="testGenerateProjectByDefault" time="0.083" classname="org.openapitools.codegen.java.helidon.JavaHelidonSeServerCodegenTest"/>
  <system-out/>
  <testcase name="testGenerateFullProject" time="0.088" classname="org.openapitools.codegen.java.helidon.JavaHelidonSeServerCodegenTest"/>
  <system-out/>
  <testcase name="testGenerateGradleProject" time="0.101" classname="org.openapitools.codegen.java.helidon.JavaHelidonSeServerCodegenTest"/>
  <system-out/>
  <testcase name="testGenerateFormParams" time="0.125" classname="org.openapitools.codegen.java.helidon.JavaHelidonSeServerCodegenTest"/>
  <system-out/>
  <testcase name="testGenerateCookiesParams" time="0.130" classname="org.openapitools.codegen.java.helidon.JavaHelidonSeServerCodegenTest"/>
  <system-out/>
  <testcase name="testGenerateBodyParams" time="0.128" classname="org.openapitools.codegen.java.helidon.JavaHelidonSeServerCodegenTest"/>
  <system-out/>
  <testcase name="testGenerateQueryParams" time="0.126" classname="org.openapitools.codegen.java.helidon.JavaHelidonSeServerCodegenTest"/>
  <system-out/>
  <testcase name="testGenerateHeaderParams" time="0.121" classname="org.openapitools.codegen.java.helidon.JavaHelidonSeServerCodegenTest"/>
  <system-out/>
  <testcase name="testGenerateParamsValidation" time="0.152" classname="org.openapitools.codegen.java.helidon.JavaHelidonSeServerCodegenTest"/>
  <system-out/>
  <testcase name="testGeneratePathParams" time="0.129" classname="org.openapitools.codegen.java.helidon.JavaHelidonSeServerCodegenTest"/>
  <system-out/>
</testsuite> <!-- org.openapitools.codegen.java.helidon.JavaHelidonSeServerCodegenTest -->
