<?xml version="1.0" encoding="UTF-8"?>
<!-- Generated by org.testng.reporters.JUnitReportReporter -->
<testsuite skipped="0" hostname="a2d94430ae94" name="org.openapitools.codegen.ruby.RubyClientCodegenTest" tests="23" failures="0" timestamp="2023-04-09T10:15:21 UTC" time="0.564" errors="0">
  <testcase name="allOfMappingDuplicatedPropertiesTestForAdult" time="0.010" classname="org.openapitools.codegen.ruby.RubyClientCodegenTest"/>
  <system-out/>
  <testcase name="testSettersForConfigValues" time="0.001" classname="org.openapitools.codegen.ruby.RubyClientCodegenTest"/>
  <system-out/>
  <testcase name="nullableParameterOAS3Test" time="0.033" classname="org.openapitools.codegen.ruby.RubyClientCodegenTest"/>
  <system-out/>
  <testcase name="exampleStringFromExampleParameterOAS2Test" time="0.032" classname="org.openapitools.codegen.ruby.RubyClientCodegenTest"/>
  <system-out/>
  <testcase name="allOfTestLegacy" time="0.005" classname="org.openapitools.codegen.ruby.RubyClientCodegenTest"/>
  <system-out/>
  <testcase name="testAdditionalPropertiesPutForConfigValues" time="0.001" classname="org.openapitools.codegen.ruby.RubyClientCodegenTest"/>
  <system-out/>
  <testcase name="propertiesWithoutNullableTest" time="0.033" classname="org.openapitools.codegen.ruby.RubyClientCodegenTest"/>
  <system-out/>
  <testcase name="oneOfTest" time="0.007" classname="org.openapitools.codegen.ruby.RubyClientCodegenTest"/>
  <system-out/>
  <testcase name="nullableParameterOAS2Test" time="0.026" classname="org.openapitools.codegen.ruby.RubyClientCodegenTest"/>
  <system-out/>
  <testcase name="testGenerateRubyClientWithHtmlEntity" time="0.062" classname="org.openapitools.codegen.ruby.RubyClientCodegenTest"/>
  <system-out/>
  <testcase name="allOfTest" time="0.007" classname="org.openapitools.codegen.ruby.RubyClientCodegenTest"/>
  <system-out/>
  <testcase name="exampleRegexParameterValidationOAS3Test" time="0.007" classname="org.openapitools.codegen.ruby.RubyClientCodegenTest"/>
  <system-out/>
  <testcase name="typeMappingTest" time="0.007" classname="org.openapitools.codegen.ruby.RubyClientCodegenTest"/>
  <system-out/>
  <testcase name="bodyParameterTest" time="0.074" classname="org.openapitools.codegen.ruby.RubyClientCodegenTest"/>
  <system-out/>
  <testcase name="allOfCompositionTest" time="0.010" classname="org.openapitools.codegen.ruby.RubyClientCodegenTest"/>
  <system-out/>
  <testcase name="testInitialConfigValues" time="0.000" classname="org.openapitools.codegen.ruby.RubyClientCodegenTest"/>
  <system-out/>
  <testcase name="enumParameterTest" time="0.085" classname="org.openapitools.codegen.ruby.RubyClientCodegenTest"/>
  <system-out/>
  <testcase name="anyOfTest" time="0.004" classname="org.openapitools.codegen.ruby.RubyClientCodegenTest"/>
  <system-out/>
  <testcase name="exampleStringFromXExampleParameterOAS3Test" time="0.031" classname="org.openapitools.codegen.ruby.RubyClientCodegenTest"/>
  <system-out/>
  <testcase name="nullablePropertyTest" time="0.034" classname="org.openapitools.codegen.ruby.RubyClientCodegenTest"/>
  <system-out/>
  <testcase name="testBooleanDefaultValue" time="0.076" classname="org.openapitools.codegen.ruby.RubyClientCodegenTest"/>
  <system-out/>
  <testcase name="allOfMappingDuplicatedPropertiesTestForChild" time="0.013" classname="org.openapitools.codegen.ruby.RubyClientCodegenTest"/>
  <system-out/>
  <testcase name="allOfDuplicatedPropertiesTest" time="0.006" classname="org.openapitools.codegen.ruby.RubyClientCodegenTest"/>
  <system-out/>
</testsuite> <!-- org.openapitools.codegen.ruby.RubyClientCodegenTest -->
