<?xml version="1.0" encoding="UTF-8"?>
<!-- Generated by org.testng.reporters.JUnitReportReporter -->
<testsuite skipped="1" hostname="a2d94430ae94" name="org.openapitools.codegen.DefaultCodegenTest" tests="134" failures="0" timestamp="2023-04-09T10:15:21 UTC" time="2.251" errors="0">
  <testcase name="testAdditionalPropertiesPresentInModels" time="0.032" classname="org.openapitools.codegen.DefaultCodegenTest"/>
  <system-out/>
  <testcase name="updateCodegenPropertyEnumWithoutPrefixRemoved" time="0.000" classname="org.openapitools.codegen.DefaultCodegenTest"/>
  <system-out/>
  <testcase name="testComposedModelTypes" time="0.017" classname="org.openapitools.codegen.DefaultCodegenTest"/>
  <system-out/>
  <testcase name="testResponseWithNoSchemaInHeaders" time="0.000" classname="org.openapitools.codegen.DefaultCodegenTest"/>
  <system-out/>
  <testcase name="testUniquenessRenameOfFormParameters" time="0.004" classname="org.openapitools.codegen.DefaultCodegenTest"/>
  <system-out/>
  <testcase name="testPathParametersGetHasValidation" time="0.073" classname="org.openapitools.codegen.DefaultCodegenTest"/>
  <system-out/>
  <testcase name="testExample4" time="0.005" classname="org.openapitools.codegen.DefaultCodegenTest"/>
  <system-out/>
  <testcase name="testResponses" time="0.023" classname="org.openapitools.codegen.DefaultCodegenTest"/>
  <system-out/>
  <testcase name="testEnsureNoDuplicateProduces" time="0.003" classname="org.openapitools.codegen.DefaultCodegenTest"/>
  <system-out/>
  <testcase name="testHasRequiredInModel" time="0.032" classname="org.openapitools.codegen.DefaultCodegenTest"/>
  <system-out/>
  <testcase name="testObjectSchemaWithIneffectiveConstraints" time="0.005" classname="org.openapitools.codegen.DefaultCodegenTest"/>
  <system-out/>
  <testcase name="testHasRequiredInParameters" time="0.043" classname="org.openapitools.codegen.DefaultCodegenTest"/>
  <system-out/>
  <testcase name="testAllOfParent" time="0.008" classname="org.openapitools.codegen.DefaultCodegenTest"/>
  <system-out/>
  <testcase name="testAllOfDefaultEnumType" time="0.015" classname="org.openapitools.codegen.DefaultCodegenTest"/>
  <system-out/>
  <testcase name="testRequestBodyContent" time="0.014" classname="org.openapitools.codegen.DefaultCodegenTest"/>
  <system-out/>
  <testcase name="testGetConsumesInfoAndGetProducesInfo" time="0.002" classname="org.openapitools.codegen.DefaultCodegenTest"/>
  <system-out/>
  <testcase name="updateCodegenPropertyEnum" time="0.001" classname="org.openapitools.codegen.DefaultCodegenTest"/>
  <system-out/>
  <testcase name="testComposedSchemaAllOfDiscriminatorMapLegacy" time="0.009" classname="org.openapitools.codegen.DefaultCodegenTest"/>
  <system-out/>
  <testcase name="testArraySchemaWithIneffectiveConstraints" time="0.009" classname="org.openapitools.codegen.DefaultCodegenTest"/>
  <system-out/>
  <testcase name="testAnySchemaWithIneffectiveConstraints" time="0.008" classname="org.openapitools.codegen.DefaultCodegenTest"/>
  <system-out/>
  <testcase name="testDeeplyNestedAdditionalPropertiesImports" time="0.004" classname="org.openapitools.codegen.DefaultCodegenTest"/>
  <system-out/>
  <testcase name="testConsistentParameterNameAfterUniquenessRename" time="0.001" classname="org.openapitools.codegen.DefaultCodegenTest"/>
  <system-out/>
  <testcase name="testInitialConfigValues" time="0.001" classname="org.openapitools.codegen.DefaultCodegenTest"/>
  <system-out/>
  <testcase name="testParentName" time="0.005" classname="org.openapitools.codegen.DefaultCodegenTest"/>
  <system-out/>
  <testcase name="testSettersForConfigValues" time="0.000" classname="org.openapitools.codegen.DefaultCodegenTest"/>
  <system-out/>
  <testcase name="testFromPropertyRequiredAndOptional" time="0.004" classname="org.openapitools.codegen.DefaultCodegenTest"/>
  <system-out/>
  <testcase name="testEscapeTextWhileAllowingNewLines" time="0.000" classname="org.openapitools.codegen.DefaultCodegenTest"/>
  <system-out/>
  <testcase name="testPropertyGetHasValidation" time="0.069" classname="org.openapitools.codegen.DefaultCodegenTest"/>
  <system-out/>
  <testcase name="testComposedRequestBodyTypes" time="0.021" classname="org.openapitools.codegen.DefaultCodegenTest"/>
  <system-out/>
  <testcase name="testRemoveOperationIdPrefix" time="0.004" classname="org.openapitools.codegen.DefaultCodegenTest"/>
  <system-out/>
  <testcase name="postProcessModelsEnumWithoutPrefixRemoved" time="0.000" classname="org.openapitools.codegen.DefaultCodegenTest"/>
  <system-out/>
  <testcase name="numberFloatSchemaPropertyAndModelTest" time="0.001" classname="org.openapitools.codegen.DefaultCodegenTest"/>
  <system-out/>
  <testcase name="testCookieParametersGetHasValidation" time="0.097" classname="org.openapitools.codegen.DefaultCodegenTest"/>
  <system-out/>
  <testcase name="testArraySchemaIsNotIncludedInAliases" time="0.000" classname="org.openapitools.codegen.DefaultCodegenTest"/>
  <system-out/>
  <testcase name="testAdditionalPropertiesPresentInResponses" time="0.023" classname="org.openapitools.codegen.DefaultCodegenTest"/>
  <system-out/>
  <testcase name="postProcessModelsEnumWithPrefixRemoved" time="0.001" classname="org.openapitools.codegen.DefaultCodegenTest"/>
  <system-out/>
  <testcase name="arrayInnerReferencedSchemaMarkedAsModel_20" time="0.006" classname="org.openapitools.codegen.DefaultCodegenTest"/>
  <system-out/>
  <testcase name="testExample1" time="0.005" classname="org.openapitools.codegen.DefaultCodegenTest"/>
  <system-out/>
  <testcase name="updateCodegenPropertyEnumWithExtension" time="0.000" classname="org.openapitools.codegen.DefaultCodegenTest"/>
  <system-out/>
  <testcase name="testNullSchemaWithIneffectiveConstraints" time="0.004" classname="org.openapitools.codegen.DefaultCodegenTest"/>
  <system-out/>
  <testcase name="modelWithSuffixDoNotContainInheritedVars" time="0.005" classname="org.openapitools.codegen.DefaultCodegenTest"/>
  <system-out/>
  <testcase name="testBooleanSchemaWithIneffectiveConstraints" time="0.005" classname="org.openapitools.codegen.DefaultCodegenTest"/>
  <system-out/>
  <testcase name="inlineAllOfSchemaDoesNotThrowException" time="0.005" classname="org.openapitools.codegen.DefaultCodegenTest"/>
  <system-out/>
  <testcase name="testCallbacks" time="0.011" classname="org.openapitools.codegen.DefaultCodegenTest"/>
  <system-out/>
  <testcase name="testInlineEnumType" time="0.010" classname="org.openapitools.codegen.DefaultCodegenTest"/>
  <system-out/>
  <testcase name="mapParamImportInnerObject" time="0.013" classname="org.openapitools.codegen.DefaultCodegenTest"/>
  <system-out/>
  <testcase name="testDeprecatedRef" time="0.003" classname="org.openapitools.codegen.DefaultCodegenTest"/>
  <system-out/>
  <testcase name="testAdditionalPropertiesV3SpecDisallowAdditionalPropertiesIfNotPresentTrue" time="0.075" classname="org.openapitools.codegen.DefaultCodegenTest"/>
  <system-out/>
  <testcase name="testParameterEmptyDescription" time="0.000" classname="org.openapitools.codegen.DefaultCodegenTest"/>
  <system-out/>
  <testcase name="testByteArrayTypeInSchemas" time="0.004" classname="org.openapitools.codegen.DefaultCodegenTest"/>
  <system-out/>
  <testcase name="commonLambdasRegistrationTest" time="0.000" classname="org.openapitools.codegen.DefaultCodegenTest"/>
  <system-out/>
  <testcase name="testAllParents" time="0.008" classname="org.openapitools.codegen.DefaultCodegenTest"/>
  <system-out/>
  <testcase name="testAllOfSingleAndDoubleRefWithOwnPropsNoDiscriminator" time="0.008" classname="org.openapitools.codegen.DefaultCodegenTest"/>
  <system-out/>
  <testcase name="testComposedSchemaMyPetsOneOfDiscriminatorMap" time="0.010" classname="org.openapitools.codegen.DefaultCodegenTest"/>
  <system-out/>
  <testcase name="schemaMapping" time="0.002" classname="org.openapitools.codegen.DefaultCodegenTest"/>
  <system-out/>
  <testcase name="testMultipleSecuritySchemes" time="0.015" classname="org.openapitools.codegen.DefaultCodegenTest"/>
  <system-out/>
  <testcase name="testComposedSchemaAllOfHierarchy" time="0.009" classname="org.openapitools.codegen.DefaultCodegenTest"/>
  <system-out/>
  <testcase name="testBodyAndResponseGetHasValidation" time="0.117" classname="org.openapitools.codegen.DefaultCodegenTest"/>
  <system-out/>
  <testcase name="testAlias" time="0.006" classname="org.openapitools.codegen.DefaultCodegenTest"/>
  <system-out/>
  <testcase name="testDiscriminator" time="0.048" classname="org.openapitools.codegen.DefaultCodegenTest"/>
  <system-out/>
  <testcase name="testComposedSchemaOneOfWithProperties" time="0.004" classname="org.openapitools.codegen.DefaultCodegenTest"/>
  <system-out/>
  <testcase name="testHasVarsInModel" time="0.020" classname="org.openapitools.codegen.DefaultCodegenTest"/>
  <system-out/>
  <testcase name="testComposedResponseTypes" time="0.021" classname="org.openapitools.codegen.DefaultCodegenTest"/>
  <system-out/>
  <testcase name="testAllOfRequired" time="0.004" classname="org.openapitools.codegen.DefaultCodegenTest"/>
  <system-out/>
  <testcase name="testDateTimeFormParameterHasDefaultValue" time="0.007" classname="org.openapitools.codegen.DefaultCodegenTest"/>
  <system-out/>
  <testcase name="testVarsAndRequiredVarsPresent" time="0.018" classname="org.openapitools.codegen.DefaultCodegenTest"/>
  <system-out/>
  <testcase name="testEscapeText" time="0.001" classname="org.openapitools.codegen.DefaultCodegenTest"/>
  <system-out/>
  <testcase name="testRequestParameterContent" time="0.011" classname="org.openapitools.codegen.DefaultCodegenTest"/>
  <system-out/>
  <testcase name="testOauthMultipleFlows" time="0.003" classname="org.openapitools.codegen.DefaultCodegenTest"/>
  <system-out/>
  <testcase name="postProcessModelsEnumWithExtension" time="0.000" classname="org.openapitools.codegen.DefaultCodegenTest"/>
  <system-out/>
  <testcase name="testAdditionalPropertiesPresentInModelProperties" time="0.020" classname="org.openapitools.codegen.DefaultCodegenTest"/>
  <system-out/>
  <testcase name="testQueryParametersGetHasValidation" time="0.073" classname="org.openapitools.codegen.DefaultCodegenTest"/>
  <system-out/>
  <testcase name="testHasRequiredInProperties" time="0.036" classname="org.openapitools.codegen.DefaultCodegenTest"/>
  <system-out/>
  <testcase name="testUseOneOfInterfaces" time="0.008" classname="org.openapitools.codegen.DefaultCodegenTest"/>
  <system-out/>
  <testcase name="testHasVarsInProperty" time="0.020" classname="org.openapitools.codegen.DefaultCodegenTest"/>
  <system-out/>
  <testcase name="verifyXDiscriminatorValue" time="0.008" classname="org.openapitools.codegen.DefaultCodegenTest"/>
  <system-out/>
  <testcase name="testBooleansSetForIntSchemas" time="0.009" classname="org.openapitools.codegen.DefaultCodegenTest"/>
  <system-out/>
  <testcase name="testDeprecatedModel" time="0.003" classname="org.openapitools.codegen.DefaultCodegenTest"/>
  <system-out/>
  <testcase name="longSchemaPropertyAndModelTest" time="0.001" classname="org.openapitools.codegen.DefaultCodegenTest"/>
  <system-out/>
  <testcase name="testComposedSchemaAllOfDiscriminatorMap" time="0.011" classname="org.openapitools.codegen.DefaultCodegenTest"/>
  <system-out/>
  <testcase name="convertApiNameWithEmptySuffix" time="0.000" classname="org.openapitools.codegen.DefaultCodegenTest"/>
  <system-out/>
  <testcase name="testFormParameterHasDefaultValue" time="0.048" classname="org.openapitools.codegen.DefaultCodegenTest"/>
  <system-out/>
  <testcase name="convertApiNameWithSuffix" time="0.000" classname="org.openapitools.codegen.DefaultCodegenTest"/>
  <system-out/>
  <testcase name="testFormComposedSchema" time="0.009" classname="org.openapitools.codegen.DefaultCodegenTest"/>
  <system-out/>
  <testcase name="testHasBodyParameter" time="0.000" classname="org.openapitools.codegen.DefaultCodegenTest"/>
  <system-out/>
  <testcase name="testAdditionalPropertiesV2SpecDisallowAdditionalPropertiesIfNotPresentFalse" time="0.005" classname="org.openapitools.codegen.DefaultCodegenTest"/>
  <system-out/>
  <testcase name="testIsXPresence" time="0.097" classname="org.openapitools.codegen.DefaultCodegenTest"/>
  <system-out/>
  <testcase name="testComposedSchemaOneOfDiscriminatorsInvalid" time="0.016" classname="org.openapitools.codegen.DefaultCodegenTest"/>
  <system-out/>
  <testcase name="testComposedSchemaAnyOfDiscriminatorMap" time="0.018" classname="org.openapitools.codegen.DefaultCodegenTest"/>
  <system-out/>
  <testcase name="testCircularReferencesDetection" time="0.001" classname="org.openapitools.codegen.DefaultCodegenTest"/>
  <system-out/>
  <testcase name="testExample3" time="0.005" classname="org.openapitools.codegen.DefaultCodegenTest"/>
  <system-out/>
  <testcase name="importMapping" time="0.003" classname="org.openapitools.codegen.DefaultCodegenTest"/>
  <system-out/>
  <testcase name="testItemsPresent" time="0.020" classname="org.openapitools.codegen.DefaultCodegenTest"/>
  <system-out/>
  <testcase name="testHasRequiredInResponses" time="0.042" classname="org.openapitools.codegen.DefaultCodegenTest"/>
  <system-out/>
  <testcase name="testComposedRequestQueryParamTypes" time="0.019" classname="org.openapitools.codegen.DefaultCodegenTest"/>
  <system-out/>
  <testcase name="testAdditionalPropertiesV3SpecDisallowAdditionalPropertiesIfNotPresentFalse" time="0.125" classname="org.openapitools.codegen.DefaultCodegenTest"/>
  <system-out/>
  <testcase name="testAllOfSingleRefNoOwnProps" time="0.005" classname="org.openapitools.codegen.DefaultCodegenTest"/>
  <system-out/>
  <testcase name="testAdditionalPropertiesV2SpecDisallowAdditionalPropertiesIfNotPresentTrue" time="0.005" classname="org.openapitools.codegen.DefaultCodegenTest"/>
  <system-out/>
  <testcase name="testFreeFormSchemas" time="0.062" classname="org.openapitools.codegen.DefaultCodegenTest"/>
  <system-out/>
  <testcase name="testNullableProperty" time="0.005" classname="org.openapitools.codegen.DefaultCodegenTest"/>
  <system-out/>
  <testcase name="updateCodegenPropertyEnumWithPrefixRemoved" time="0.001" classname="org.openapitools.codegen.DefaultCodegenTest"/>
  <system-out/>
  <testcase name="numberSchemaPropertyAndModelTest" time="0.000" classname="org.openapitools.codegen.DefaultCodegenTest"/>
  <system-out/>
  <testcase name="testExample2" time="0.005" classname="org.openapitools.codegen.DefaultCodegenTest"/>
  <system-out/>
  <testcase name="integerSchemaPropertyAndModelTest" time="0.000" classname="org.openapitools.codegen.DefaultCodegenTest"/>
  <system-out/>
  <testcase name="testAdditionalPropertiesPresentInParameters" time="0.027" classname="org.openapitools.codegen.DefaultCodegenTest"/>
  <system-out/>
  <testcase name="numberDoubleSchemaPropertyAndModelTest" time="0.000" classname="org.openapitools.codegen.DefaultCodegenTest"/>
  <system-out/>
  <testcase name="testLeadingSlashIsAddedIfMissing" time="0.000" classname="org.openapitools.codegen.DefaultCodegenTest"/>
  <system-out/>
  <testcase name="testStringSchemaWithIneffectiveConstraints" time="0.005" classname="org.openapitools.codegen.DefaultCodegenTest"/>
  <system-out/>
  <testcase name="testDiscriminatorWithCustomMapping" time="0.006" classname="org.openapitools.codegen.DefaultCodegenTest"/>
  <system-out/>
  <testcase name="testGetSchemaTypeWithComposedSchemaWithOneOf" time="0.008" classname="org.openapitools.codegen.DefaultCodegenTest"/>
  <system-out/>
  <testcase name="testHeaderParametersGetHasValidation" time="0.112" classname="org.openapitools.codegen.DefaultCodegenTest"/>
  <system-out/>
  <testcase name="testIntegerSchemaWithIneffectiveConstraints" time="0.004" classname="org.openapitools.codegen.DefaultCodegenTest"/>
  <system-out/>
  <testcase name="testComposedSchemaAnyOfDiscriminatorsInvalid" time="0.015" classname="org.openapitools.codegen.DefaultCodegenTest"/>
  <system-out/>
  <testcase name="testAdditionalPropertiesAnyType" time="0.003" classname="org.openapitools.codegen.DefaultCodegenTest"/>
  <system-out/>
  <testcase name="testDeprecatedProperty" time="0.004" classname="org.openapitools.codegen.DefaultCodegenTest"/>
  <system-out/>
  <testcase name="testAssigning310SpecWorks" time="0.027" classname="org.openapitools.codegen.DefaultCodegenTest"/>
  <system-out/>
  <testcase name="modelDoNotContainInheritedVars" time="0.006" classname="org.openapitools.codegen.DefaultCodegenTest"/>
  <system-out/>
  <testcase name="testHasVarsInResponse" time="0.021" classname="org.openapitools.codegen.DefaultCodegenTest"/>
  <system-out/>
  <testcase name="testEnumImports" time="0.005" classname="org.openapitools.codegen.DefaultCodegenTest"/>
  <system-out/>
  <testcase name="testOriginalOpenApiDocumentVersion" time="0.154" classname="org.openapitools.codegen.DefaultCodegenTest"/>
  <system-out/>
  <testcase name="testResponseContentAndHeader" time="0.011" classname="org.openapitools.codegen.DefaultCodegenTest"/>
  <system-out/>
  <testcase name="modelWithPrefixDoNotContainInheritedVars" time="0.005" classname="org.openapitools.codegen.DefaultCodegenTest"/>
  <system-out/>
  <testcase name="objectQueryParamIdentifyAsObject" time="0.005" classname="org.openapitools.codegen.DefaultCodegenTest"/>
  <system-out/>
  <testcase name="testUnalias" time="0.004" classname="org.openapitools.codegen.DefaultCodegenTest"/>
  <system-out/>
  <testcase name="testGetProducesInfo" time="0.005" classname="org.openapitools.codegen.DefaultCodegenTest"/>
  <system-out/>
  <testcase name="arrayInnerReferencedSchemaMarkedAsModel_30" time="0.003" classname="org.openapitools.codegen.DefaultCodegenTest"/>
  <system-out/>
  <testcase name="testReferencedEnumType" time="0.009" classname="org.openapitools.codegen.DefaultCodegenTest"/>
  <system-out/>
  <testcase name="arrayModelHasValidation" time="0.004" classname="org.openapitools.codegen.DefaultCodegenTest"/>
  <system-out/>
  <testcase name="testModelGetHasValidation" time="0.092" classname="org.openapitools.codegen.DefaultCodegenTest"/>
  <system-out/>
  <testcase name="testAdditionalPropertiesPutForConfigValues" time="0.001" classname="org.openapitools.codegen.DefaultCodegenTest"/>
  <system-out/>
  <testcase name="testComposedSchemaOneOfDiscriminatorMap" time="0.021" classname="org.openapitools.codegen.DefaultCodegenTest"/>
  <system-out/>
  <testcase name="testDefaultResponseShouldBeLast" time="0.001" classname="org.openapitools.codegen.DefaultCodegenTest"/>
  <system-out/>
  <testcase name="testHasVarsInParameter" time="0.021" classname="org.openapitools.codegen.DefaultCodegenTest"/>
  <system-out/>
  <testcase name="testComposedPropertyTypes" classname="org.openapitools.codegen.DefaultCodegenTest">
    <skipped/>
  </testcase> <!-- testComposedPropertyTypes -->
  <system-out/>
</testsuite> <!-- org.openapitools.codegen.DefaultCodegenTest -->
