<?xml version="1.0" encoding="UTF-8"?>
<!-- Generated by org.testng.reporters.JUnitReportReporter -->
<testsuite skipped="0" hostname="a2d94430ae94" name="org.openapitools.codegen.templating.mustache.SpringHttpStatusLambdaTest" tests="63" failures="0" timestamp="2023-04-09T10:15:21 UTC" time="0.005" errors="0">
  <testcase name="executeShouldConvertValues" time="0.000" classname="org.openapitools.codegen.templating.mustache.SpringHttpStatusLambdaTest"/>
  <system-out/>
  <testcase name="executeShouldConvertValues" time="0.000" classname="org.openapitools.codegen.templating.mustache.SpringHttpStatusLambdaTest"/>
  <system-out/>
  <testcase name="executeShouldConvertValues" time="0.000" classname="org.openapitools.codegen.templating.mustache.SpringHttpStatusLambdaTest"/>
  <system-out/>
  <testcase name="executeShouldConvertValues" time="0.000" classname="org.openapitools.codegen.templating.mustache.SpringHttpStatusLambdaTest"/>
  <system-out/>
  <testcase name="executeShouldConvertValues" time="0.000" classname="org.openapitools.codegen.templating.mustache.SpringHttpStatusLambdaTest"/>
  <system-out/>
  <testcase name="executeShouldConvertValues" time="0.000" classname="org.openapitools.codegen.templating.mustache.SpringHttpStatusLambdaTest"/>
  <system-out/>
  <testcase name="executeShouldConvertValues" time="0.000" classname="org.openapitools.codegen.templating.mustache.SpringHttpStatusLambdaTest"/>
  <system-out/>
  <testcase name="executeShouldConvertValues" time="0.000" classname="org.openapitools.codegen.templating.mustache.SpringHttpStatusLambdaTest"/>
  <system-out/>
  <testcase name="executeShouldConvertValues" time="0.000" classname="org.openapitools.codegen.templating.mustache.SpringHttpStatusLambdaTest"/>
  <system-out/>
  <testcase name="executeShouldConvertValues" time="0.000" classname="org.openapitools.codegen.templating.mustache.SpringHttpStatusLambdaTest"/>
  <system-out/>
  <testcase name="executeShouldConvertValues" time="0.000" classname="org.openapitools.codegen.templating.mustache.SpringHttpStatusLambdaTest"/>
  <system-out/>
  <testcase name="executeShouldConvertValues" time="0.000" classname="org.openapitools.codegen.templating.mustache.SpringHttpStatusLambdaTest"/>
  <system-out/>
  <testcase name="executeShouldConvertValues" time="0.000" classname="org.openapitools.codegen.templating.mustache.SpringHttpStatusLambdaTest"/>
  <system-out/>
  <testcase name="executeShouldConvertValues" time="0.000" classname="org.openapitools.codegen.templating.mustache.SpringHttpStatusLambdaTest"/>
  <system-out/>
  <testcase name="executeShouldConvertValues" time="0.000" classname="org.openapitools.codegen.templating.mustache.SpringHttpStatusLambdaTest"/>
  <system-out/>
  <testcase name="executeShouldConvertValues" time="0.000" classname="org.openapitools.codegen.templating.mustache.SpringHttpStatusLambdaTest"/>
  <system-out/>
  <testcase name="executeShouldConvertValues" time="0.001" classname="org.openapitools.codegen.templating.mustache.SpringHttpStatusLambdaTest"/>
  <system-out/>
  <testcase name="executeShouldConvertValues" time="0.000" classname="org.openapitools.codegen.templating.mustache.SpringHttpStatusLambdaTest"/>
  <system-out/>
  <testcase name="executeShouldConvertValues" time="0.000" classname="org.openapitools.codegen.templating.mustache.SpringHttpStatusLambdaTest"/>
  <system-out/>
  <testcase name="executeShouldConvertValues" time="0.000" classname="org.openapitools.codegen.templating.mustache.SpringHttpStatusLambdaTest"/>
  <system-out/>
  <testcase name="executeShouldConvertValues" time="0.000" classname="org.openapitools.codegen.templating.mustache.SpringHttpStatusLambdaTest"/>
  <system-out/>
  <testcase name="executeShouldConvertValues" time="0.001" classname="org.openapitools.codegen.templating.mustache.SpringHttpStatusLambdaTest"/>
  <system-out/>
  <testcase name="executeShouldConvertValues" time="0.000" classname="org.openapitools.codegen.templating.mustache.SpringHttpStatusLambdaTest"/>
  <system-out/>
  <testcase name="executeShouldConvertValues" time="0.000" classname="org.openapitools.codegen.templating.mustache.SpringHttpStatusLambdaTest"/>
  <system-out/>
  <testcase name="executeShouldConvertValues" time="0.000" classname="org.openapitools.codegen.templating.mustache.SpringHttpStatusLambdaTest"/>
  <system-out/>
  <testcase name="executeShouldConvertValues" time="0.000" classname="org.openapitools.codegen.templating.mustache.SpringHttpStatusLambdaTest"/>
  <system-out/>
  <testcase name="executeShouldConvertValues" time="0.000" classname="org.openapitools.codegen.templating.mustache.SpringHttpStatusLambdaTest"/>
  <system-out/>
  <testcase name="executeShouldConvertValues" time="0.000" classname="org.openapitools.codegen.templating.mustache.SpringHttpStatusLambdaTest"/>
  <system-out/>
  <testcase name="executeShouldConvertValues" time="0.000" classname="org.openapitools.codegen.templating.mustache.SpringHttpStatusLambdaTest"/>
  <system-out/>
  <testcase name="executeShouldConvertValues" time="0.000" classname="org.openapitools.codegen.templating.mustache.SpringHttpStatusLambdaTest"/>
  <system-out/>
  <testcase name="executeShouldConvertValues" time="0.001" classname="org.openapitools.codegen.templating.mustache.SpringHttpStatusLambdaTest"/>
  <system-out/>
  <testcase name="executeShouldConvertValues" time="0.000" classname="org.openapitools.codegen.templating.mustache.SpringHttpStatusLambdaTest"/>
  <system-out/>
  <testcase name="executeShouldConvertValues" time="0.000" classname="org.openapitools.codegen.templating.mustache.SpringHttpStatusLambdaTest"/>
  <system-out/>
  <testcase name="executeShouldConvertValues" time="0.000" classname="org.openapitools.codegen.templating.mustache.SpringHttpStatusLambdaTest"/>
  <system-out/>
  <testcase name="executeShouldConvertEmptyHttpStatusTo200Ok" time="0.000" classname="org.openapitools.codegen.templating.mustache.SpringHttpStatusLambdaTest"/>
  <system-out/>
  <testcase name="executeShouldConvertValues" time="0.000" classname="org.openapitools.codegen.templating.mustache.SpringHttpStatusLambdaTest"/>
  <system-out/>
  <testcase name="executeShouldConvertValues" time="0.000" classname="org.openapitools.codegen.templating.mustache.SpringHttpStatusLambdaTest"/>
  <system-out/>
  <testcase name="executeShouldConvertValues" time="0.000" classname="org.openapitools.codegen.templating.mustache.SpringHttpStatusLambdaTest"/>
  <system-out/>
  <testcase name="executeShouldConvertValues" time="0.000" classname="org.openapitools.codegen.templating.mustache.SpringHttpStatusLambdaTest"/>
  <system-out/>
  <testcase name="executeShouldConvertValues" time="0.000" classname="org.openapitools.codegen.templating.mustache.SpringHttpStatusLambdaTest"/>
  <system-out/>
  <testcase name="executeShouldConvertValues" time="0.000" classname="org.openapitools.codegen.templating.mustache.SpringHttpStatusLambdaTest"/>
  <system-out/>
  <testcase name="executeShouldConvertValues" time="0.000" classname="org.openapitools.codegen.templating.mustache.SpringHttpStatusLambdaTest"/>
  <system-out/>
  <testcase name="executeShouldConvertValues" time="0.000" classname="org.openapitools.codegen.templating.mustache.SpringHttpStatusLambdaTest"/>
  <system-out/>
  <testcase name="executeShouldConvertValues" time="0.000" classname="org.openapitools.codegen.templating.mustache.SpringHttpStatusLambdaTest"/>
  <system-out/>
  <testcase name="executeShouldConvertValues" time="0.000" classname="org.openapitools.codegen.templating.mustache.SpringHttpStatusLambdaTest"/>
  <system-out/>
  <testcase name="executeShouldConvertValues" time="0.000" classname="org.openapitools.codegen.templating.mustache.SpringHttpStatusLambdaTest"/>
  <system-out/>
  <testcase name="executeShouldConvertValues" time="0.000" classname="org.openapitools.codegen.templating.mustache.SpringHttpStatusLambdaTest"/>
  <system-out/>
  <testcase name="executeShouldConvertValues" time="0.000" classname="org.openapitools.codegen.templating.mustache.SpringHttpStatusLambdaTest"/>
  <system-out/>
  <testcase name="executeShouldConvertValues" time="0.000" classname="org.openapitools.codegen.templating.mustache.SpringHttpStatusLambdaTest"/>
  <system-out/>
  <testcase name="executeShouldConvertValues" time="0.000" classname="org.openapitools.codegen.templating.mustache.SpringHttpStatusLambdaTest"/>
  <system-out/>
  <testcase name="executeShouldConvertValues" time="0.000" classname="org.openapitools.codegen.templating.mustache.SpringHttpStatusLambdaTest"/>
  <system-out/>
  <testcase name="executeShouldConvertValues" time="0.000" classname="org.openapitools.codegen.templating.mustache.SpringHttpStatusLambdaTest"/>
  <system-out/>
  <testcase name="executeShouldConvertValues" time="0.000" classname="org.openapitools.codegen.templating.mustache.SpringHttpStatusLambdaTest"/>
  <system-out/>
  <testcase name="executeShouldConvertValues" time="0.000" classname="org.openapitools.codegen.templating.mustache.SpringHttpStatusLambdaTest"/>
  <system-out/>
  <testcase name="executeShouldConvertValues" time="0.000" classname="org.openapitools.codegen.templating.mustache.SpringHttpStatusLambdaTest"/>
  <system-out/>
  <testcase name="executeShouldConvertValues" time="0.000" classname="org.openapitools.codegen.templating.mustache.SpringHttpStatusLambdaTest"/>
  <system-out/>
  <testcase name="executeShouldConvertValues" time="0.000" classname="org.openapitools.codegen.templating.mustache.SpringHttpStatusLambdaTest"/>
  <system-out/>
  <testcase name="executeShouldConvertValues" time="0.000" classname="org.openapitools.codegen.templating.mustache.SpringHttpStatusLambdaTest"/>
  <system-out/>
  <testcase name="executeShouldConvertValues" time="0.000" classname="org.openapitools.codegen.templating.mustache.SpringHttpStatusLambdaTest"/>
  <system-out/>
  <testcase name="executeShouldConvertToHttpStatusNotImplementedAnyOtherStatus" time="0.001" classname="org.openapitools.codegen.templating.mustache.SpringHttpStatusLambdaTest"/>
  <system-out/>
  <testcase name="executeShouldConvertValues" time="0.000" classname="org.openapitools.codegen.templating.mustache.SpringHttpStatusLambdaTest"/>
  <system-out/>
  <testcase name="executeShouldConvertValues" time="0.001" classname="org.openapitools.codegen.templating.mustache.SpringHttpStatusLambdaTest"/>
  <system-out/>
  <testcase name="executeShouldConvertValues" time="0.000" classname="org.openapitools.codegen.templating.mustache.SpringHttpStatusLambdaTest"/>
  <system-out/>
</testsuite> <!-- org.openapitools.codegen.templating.mustache.SpringHttpStatusLambdaTest -->
