<?xml version="1.0" encoding="UTF-8"?>
<!-- Generated by org.testng.reporters.JUnitReportReporter -->
<testsuite skipped="0" hostname="a2d94430ae94" name="org.openapitools.codegen.utils.ModelUtilsTest" tests="17" failures="0" timestamp="2023-04-09T10:15:21 UTC" time="0.092" errors="0">
  <testcase name="testIsSetForValidSet" time="0.000" classname="org.openapitools.codegen.utils.ModelUtilsTest"/>
  <system-out/>
  <testcase name="testIsModelAllowsEmptyBaseModel" time="0.003" classname="org.openapitools.codegen.utils.ModelUtilsTest"/>
  <system-out/>
  <testcase name="testGetAllUsedSchemas" time="0.031" classname="org.openapitools.codegen.utils.ModelUtilsTest"/>
  <system-out/>
  <testcase name="testComposedSchemasAreNotUnaliased" time="0.000" classname="org.openapitools.codegen.utils.ModelUtilsTest"/>
  <system-out/>
  <testcase name="testIsFreeFormObject" time="0.000" classname="org.openapitools.codegen.utils.ModelUtilsTest"/>
  <system-out/>
  <testcase name="testIsSetFailsForNullSchema" time="0.000" classname="org.openapitools.codegen.utils.ModelUtilsTest"/>
  <system-out/>
  <testcase name="testIsSetFalseForInvalidSet" time="0.000" classname="org.openapitools.codegen.utils.ModelUtilsTest"/>
  <system-out/>
  <testcase name="testReferencedRequestBody" time="0.001" classname="org.openapitools.codegen.utils.ModelUtilsTest"/>
  <system-out/>
  <testcase name="testReferencedSchema" time="0.000" classname="org.openapitools.codegen.utils.ModelUtilsTest"/>
  <system-out/>
  <testcase name="testAliasedTypeIsNotUnaliasedIfUsedForImportMapping" time="0.000" classname="org.openapitools.codegen.utils.ModelUtilsTest"/>
  <system-out/>
  <testcase name="testReferencedApiResponse" time="0.000" classname="org.openapitools.codegen.utils.ModelUtilsTest"/>
  <system-out/>
  <testcase name="testGetUnusedSchemas" time="0.028" classname="org.openapitools.codegen.utils.ModelUtilsTest"/>
  <system-out/>
  <testcase name="testNoComponentsSection" time="0.001" classname="org.openapitools.codegen.utils.ModelUtilsTest"/>
  <system-out/>
  <testcase name="testGlobalProducesConsumes" time="0.003" classname="org.openapitools.codegen.utils.ModelUtilsTest"/>
  <system-out/>
  <testcase name="testSchemasUsedOnlyInFormParam" time="0.024" classname="org.openapitools.codegen.utils.ModelUtilsTest"/>
  <system-out/>
  <testcase name="testReferencedParameter" time="0.000" classname="org.openapitools.codegen.utils.ModelUtilsTest"/>
  <system-out/>
  <testcase name="testSimpleRefDecoding" time="0.001" classname="org.openapitools.codegen.utils.ModelUtilsTest"/>
  <system-out/>
</testsuite> <!-- org.openapitools.codegen.utils.ModelUtilsTest -->
