<?xml version="1.0" encoding="UTF-8"?>
<!-- Generated by org.testng.reporters.JUnitReportReporter -->
<testsuite skipped="0" hostname="a2d94430ae94" name="org.openapitools.codegen.csharpnetcorefunctions.CsharpNetcoreFunctionsServerCodegenTest" tests="1" failures="0" timestamp="2023-04-09T10:15:21 UTC" time="0.000" errors="0">
  <testcase name="testToEnumVarName" time="0.000" classname="org.openapitools.codegen.csharpnetcorefunctions.CsharpNetcoreFunctionsServerCodegenTest"/>
  <system-out/>
</testsuite> <!-- org.openapitools.codegen.csharpnetcorefunctions.CsharpNetcoreFunctionsServerCodegenTest -->
