<?xml version="1.0" encoding="UTF-8"?>
<!-- Generated by org.testng.reporters.JUnitReportReporter -->
<testsuite skipped="0" hostname="a2d94430ae94" name="org.openapitools.codegen.java.helidon.JavaHelidonCommonCodegenTest" tests="5" failures="0" timestamp="2023-04-09T10:15:21 UTC" time="0.509" errors="0">
  <testcase name="defaultVersionTest" time="0.096" classname="org.openapitools.codegen.java.helidon.JavaHelidonCommonCodegenTest"/>
  <system-out/>
  <testcase name="bothNotEqualsVersionTest" time="0.034" classname="org.openapitools.codegen.java.helidon.JavaHelidonCommonCodegenTest"/>
  <system-out/>
  <testcase name="customParentVersionOnlyTest" time="0.123" classname="org.openapitools.codegen.java.helidon.JavaHelidonCommonCodegenTest"/>
  <system-out/>
  <testcase name="bothEqualsVersionTest" time="0.128" classname="org.openapitools.codegen.java.helidon.JavaHelidonCommonCodegenTest"/>
  <system-out/>
  <testcase name="customHelidonVersionOnlyTest" time="0.128" classname="org.openapitools.codegen.java.helidon.JavaHelidonCommonCodegenTest"/>
  <system-out/>
</testsuite> <!-- org.openapitools.codegen.java.helidon.JavaHelidonCommonCodegenTest -->
