<?xml version="1.0" encoding="UTF-8"?>
<!-- Generated by org.testng.reporters.JUnitReportReporter -->
<testsuite skipped="0" hostname="a2d94430ae94" name="org.openapitools.codegen.typescript.typescriptangular.TypeScriptAngularModelTest" tests="12" failures="0" timestamp="2023-04-09T10:15:21 UTC" time="0.014" errors="0">
  <testcase name="arrayOneOfModelTest" time="0.003" classname="org.openapitools.codegen.typescript.typescriptangular.TypeScriptAngularModelTest"/>
  <system-out/>
  <testcase name="arrayModelTest" time="0.001" classname="org.openapitools.codegen.typescript.typescriptangular.TypeScriptAngularModelTest"/>
  <system-out/>
  <testcase name="listPropertyTest" time="0.000" classname="org.openapitools.codegen.typescript.typescriptangular.TypeScriptAngularModelTest"/>
  <system-out/>
  <testcase name="complexPropertyTest" time="0.000" classname="org.openapitools.codegen.typescript.typescriptangular.TypeScriptAngularModelTest"/>
  <system-out/>
  <testcase name="inlineModelWithUnderscoreNameTest" time="0.001" classname="org.openapitools.codegen.typescript.typescriptangular.TypeScriptAngularModelTest"/>
  <system-out/>
  <testcase name="complexListPropertyTest" time="0.001" classname="org.openapitools.codegen.typescript.typescriptangular.TypeScriptAngularModelTest"/>
  <system-out/>
  <testcase name="simpleModelDefaultValuesTest" time="0.002" classname="org.openapitools.codegen.typescript.typescriptangular.TypeScriptAngularModelTest"/>
  <system-out/>
  <testcase name="simpleModelTest" time="0.001" classname="org.openapitools.codegen.typescript.typescriptangular.TypeScriptAngularModelTest"/>
  <system-out/>
  <testcase name="beginDecimalNameTest" time="0.000" classname="org.openapitools.codegen.typescript.typescriptangular.TypeScriptAngularModelTest"/>
  <system-out/>
  <testcase name="mapModelTest" time="0.001" classname="org.openapitools.codegen.typescript.typescriptangular.TypeScriptAngularModelTest"/>
  <system-out/>
  <testcase name="importTypeMappingModelTest" time="0.001" classname="org.openapitools.codegen.typescript.typescriptangular.TypeScriptAngularModelTest"/>
  <system-out/>
  <testcase name="objectPropertyAnyOfWithArrayOneOfModelTest" time="0.003" classname="org.openapitools.codegen.typescript.typescriptangular.TypeScriptAngularModelTest"/>
  <system-out/>
</testsuite> <!-- org.openapitools.codegen.typescript.typescriptangular.TypeScriptAngularModelTest -->
