<?xml version="1.0" encoding="UTF-8"?>
<!-- Generated by org.testng.reporters.JUnitReportReporter -->
<testsuite skipped="0" hostname="a2d94430ae94" name="org.openapitools.codegen.typescript.typescriptnode.TypeScriptNodeClientCodegenTest" tests="17" failures="0" timestamp="2023-04-09T10:15:21 UTC" time="0.004" errors="0">
  <testcase name="testWithoutSnapshotVersion" time="0.000" classname="org.openapitools.codegen.typescript.typescriptnode.TypeScriptNodeClientCodegenTest"/>
  <system-out/>
  <testcase name="modelFilenameWithMappingTest" time="0.000" classname="org.openapitools.codegen.typescript.typescriptnode.TypeScriptNodeClientCodegenTest"/>
  <system-out/>
  <testcase name="emptyApiFilenameTest" time="0.000" classname="org.openapitools.codegen.typescript.typescriptnode.TypeScriptNodeClientCodegenTest"/>
  <system-out/>
  <testcase name="mappedApiImportTest" time="0.000" classname="org.openapitools.codegen.typescript.typescriptnode.TypeScriptNodeClientCodegenTest"/>
  <system-out/>
  <testcase name="defaultApiImportTest" time="0.000" classname="org.openapitools.codegen.typescript.typescriptnode.TypeScriptNodeClientCodegenTest"/>
  <system-out/>
  <testcase name="postProcessOperationsWithModelsTestWithImportMapping" time="0.001" classname="org.openapitools.codegen.typescript.typescriptnode.TypeScriptNodeClientCodegenTest"/>
  <system-out/>
  <testcase name="defaultModelImportTest" time="0.001" classname="org.openapitools.codegen.typescript.typescriptnode.TypeScriptNodeClientCodegenTest"/>
  <system-out/>
  <testcase name="postProcessOperationsWithModelsTestWithModelNamePrefix" time="0.001" classname="org.openapitools.codegen.typescript.typescriptnode.TypeScriptNodeClientCodegenTest"/>
  <system-out/>
  <testcase name="testSnapshotVersion" time="0.001" classname="org.openapitools.codegen.typescript.typescriptnode.TypeScriptNodeClientCodegenTest"/>
  <system-out/>
  <testcase name="mappedApiFilenameTest" time="0.000" classname="org.openapitools.codegen.typescript.typescriptnode.TypeScriptNodeClientCodegenTest"/>
  <system-out/>
  <testcase name="postProcessOperationsWithModelsTestWithModelNameSuffix" time="0.000" classname="org.openapitools.codegen.typescript.typescriptnode.TypeScriptNodeClientCodegenTest"/>
  <system-out/>
  <testcase name="convertVarName" time="0.000" classname="org.openapitools.codegen.typescript.typescriptnode.TypeScriptNodeClientCodegenTest"/>
  <system-out/>
  <testcase name="postProcessOperationsWithModelsTestWithoutImportMapping" time="0.000" classname="org.openapitools.codegen.typescript.typescriptnode.TypeScriptNodeClientCodegenTest"/>
  <system-out/>
  <testcase name="defaultApiFilenameTest" time="0.000" classname="org.openapitools.codegen.typescript.typescriptnode.TypeScriptNodeClientCodegenTest"/>
  <system-out/>
  <testcase name="modelImportWithMappingTest" time="0.000" classname="org.openapitools.codegen.typescript.typescriptnode.TypeScriptNodeClientCodegenTest"/>
  <system-out/>
  <testcase name="emptyApiImportTest" time="0.000" classname="org.openapitools.codegen.typescript.typescriptnode.TypeScriptNodeClientCodegenTest"/>
  <system-out/>
  <testcase name="defaultModelFilenameTest" time="0.000" classname="org.openapitools.codegen.typescript.typescriptnode.TypeScriptNodeClientCodegenTest"/>
  <system-out/>
</testsuite> <!-- org.openapitools.codegen.typescript.typescriptnode.TypeScriptNodeClientCodegenTest -->
