<?xml version="1.0" encoding="UTF-8"?>
<!-- Generated by org.testng.reporters.JUnitReportReporter -->
<testsuite skipped="0" hostname="a2d94430ae94" name="org.openapitools.codegen.java.AbstractJavaCodegenTest" tests="54" failures="0" timestamp="2023-04-09T10:15:21 UTC" time="0.323" errors="0">
  <testcase name="usesDefaultVersionWhenAdditionalPropertiesVersionIsNull" time="0.000" classname="org.openapitools.codegen.java.AbstractJavaCodegenTest"/>
  <system-out/>
  <testcase name="processOptsBooleanFalseFromNumeric" time="0.031" classname="org.openapitools.codegen.java.AbstractJavaCodegenTest"/>
  <system-out/>
  <testcase name="testPreprocessOpenAPINumVersion" time="0.032" classname="org.openapitools.codegen.java.AbstractJavaCodegenTest"/>
  <system-out/>
  <testcase name="additionalPropertyArtifactSnapShotVersionTest" time="0.000" classname="org.openapitools.codegen.java.AbstractJavaCodegenTest"/>
  <system-out/>
  <testcase name="modelTestFileFolder" time="0.000" classname="org.openapitools.codegen.java.AbstractJavaCodegenTest"/>
  <system-out/>
  <testcase name="apiFileFolder" time="0.000" classname="org.openapitools.codegen.java.AbstractJavaCodegenTest"/>
  <system-out/>
  <testcase name="srcTestFolderShouldNotBeOperatingSystemSpecificPaths" time="0.000" classname="org.openapitools.codegen.java.AbstractJavaCodegenTest"/>
  <system-out/>
  <testcase name="srcMainFolderShouldNotBeOperatingSystemSpecificPaths" time="0.000" classname="org.openapitools.codegen.java.AbstractJavaCodegenTest"/>
  <system-out/>
  <testcase name="allowsProgrammaticallySettingArtifactVersionWithSpecifiedOpenApiVersion" time="0.000" classname="org.openapitools.codegen.java.AbstractJavaCodegenTest"/>
  <system-out/>
  <testcase name="maplikeDefaultValueForModelWithStringToStringMapping" time="0.007" classname="org.openapitools.codegen.java.AbstractJavaCodegenTest"/>
  <system-out/>
  <testcase name="processOptsBooleanFalseFromString" time="0.031" classname="org.openapitools.codegen.java.AbstractJavaCodegenTest"/>
  <system-out/>
  <testcase name="nullDefaultValueForModelWithDynamicProperties" time="0.006" classname="org.openapitools.codegen.java.AbstractJavaCodegenTest"/>
  <system-out/>
  <testcase name="toEnumValue" time="0.000" classname="org.openapitools.codegen.java.AbstractJavaCodegenTest"/>
  <system-out/>
  <testcase name="dateDefaultValueIsIsoDate" time="0.024" classname="org.openapitools.codegen.java.AbstractJavaCodegenTest"/>
  <system-out/>
  <testcase name="processOptsBooleanTrueFromString" time="0.026" classname="org.openapitools.codegen.java.AbstractJavaCodegenTest"/>
  <system-out/>
  <testcase name="testInitialConfigValues" time="0.001" classname="org.openapitools.codegen.java.AbstractJavaCodegenTest"/>
  <system-out/>
  <testcase name="dateDefaultValueIsIsoDateTime" time="0.010" classname="org.openapitools.codegen.java.AbstractJavaCodegenTest"/>
  <system-out/>
  <testcase name="testAdditionalModelTypeAnnotationsMixed" time="0.000" classname="org.openapitools.codegen.java.AbstractJavaCodegenTest"/>
  <system-out/>
  <testcase name="testPreprocessOpenAPI" time="0.025" classname="org.openapitools.codegen.java.AbstractJavaCodegenTest"/>
  <system-out/>
  <testcase name="toVarNameShouldAvoidOverloadingGetClassMethod" time="0.000" classname="org.openapitools.codegen.java.AbstractJavaCodegenTest"/>
  <system-out/>
  <testcase name="toModelNameUsesPascalCase" time="0.001" classname="org.openapitools.codegen.java.AbstractJavaCodegenTest"/>
  <system-out/>
  <testcase name="allowsProgrammaticallySettingArtifactVersionWithNullOpenApiVersion" time="0.000" classname="org.openapitools.codegen.java.AbstractJavaCodegenTest"/>
  <system-out/>
  <testcase name="getTypeDeclarationGivenSchemaMappingTest" time="0.000" classname="org.openapitools.codegen.java.AbstractJavaCodegenTest"/>
  <system-out/>
  <testcase name="processOptsBooleanFalseFromBoolean" time="0.046" classname="org.openapitools.codegen.java.AbstractJavaCodegenTest"/>
  <system-out/>
  <testcase name="snapshotVersionAlreadySnapshotTest" time="0.001" classname="org.openapitools.codegen.java.AbstractJavaCodegenTest"/>
  <system-out/>
  <testcase name="testAdditionalModelTypeAnnotationsNewLineLinux" time="0.000" classname="org.openapitools.codegen.java.AbstractJavaCodegenTest"/>
  <system-out/>
  <testcase name="testSettersForConfigValues" time="0.000" classname="org.openapitools.codegen.java.AbstractJavaCodegenTest"/>
  <system-out/>
  <testcase name="testAdditionalModelTypeAnnotationsNoDuplicate" time="0.000" classname="org.openapitools.codegen.java.AbstractJavaCodegenTest"/>
  <system-out/>
  <testcase name="modelTestFileFolderDirect" time="0.001" classname="org.openapitools.codegen.java.AbstractJavaCodegenTest"/>
  <system-out/>
  <testcase name="additionalPropertyArtifactVersionTest" time="0.000" classname="org.openapitools.codegen.java.AbstractJavaCodegenTest"/>
  <system-out/>
  <testcase name="maplikeDefaultValueForModelWithStringToModelMapping" time="0.007" classname="org.openapitools.codegen.java.AbstractJavaCodegenTest"/>
  <system-out/>
  <testcase name="convertVarName" time="0.002" classname="org.openapitools.codegen.java.AbstractJavaCodegenTest"/>
  <system-out/>
  <testcase name="openApiSnapShotVersionTest" time="0.000" classname="org.openapitools.codegen.java.AbstractJavaCodegenTest"/>
  <system-out/>
  <testcase name="apiTestFileFolderDirect" time="0.000" classname="org.openapitools.codegen.java.AbstractJavaCodegenTest"/>
  <system-out/>
  <testcase name="toDefaultValueDateTimeLegacyTest" time="0.001" classname="org.openapitools.codegen.java.AbstractJavaCodegenTest"/>
  <system-out/>
  <testcase name="apiDocFileFolder" time="0.000" classname="org.openapitools.codegen.java.AbstractJavaCodegenTest"/>
  <system-out/>
  <testcase name="modelFileFolder" time="0.000" classname="org.openapitools.codegen.java.AbstractJavaCodegenTest"/>
  <system-out/>
  <testcase name="convertModelName" time="0.001" classname="org.openapitools.codegen.java.AbstractJavaCodegenTest"/>
  <system-out/>
  <testcase name="processOptsBooleanTrueFromBoolean" time="0.027" classname="org.openapitools.codegen.java.AbstractJavaCodegenTest"/>
  <system-out/>
  <testcase name="toEnumVarNameShouldNotShortenUnderScore" time="0.000" classname="org.openapitools.codegen.java.AbstractJavaCodegenTest"/>
  <system-out/>
  <testcase name="toDefaultValueTest" time="0.002" classname="org.openapitools.codegen.java.AbstractJavaCodegenTest"/>
  <system-out/>
  <testcase name="openApiVersionTest" time="0.000" classname="org.openapitools.codegen.java.AbstractJavaCodegenTest"/>
  <system-out/>
  <testcase name="toEnumVarNameShouldNotResultInSingleUnderscore" time="0.000" classname="org.openapitools.codegen.java.AbstractJavaCodegenTest"/>
  <system-out/>
  <testcase name="toModelNameShouldNotUseProvidedMapping" time="0.000" classname="org.openapitools.codegen.java.AbstractJavaCodegenTest"/>
  <system-out/>
  <testcase name="snapshotVersionOpenAPITest" time="0.000" classname="org.openapitools.codegen.java.AbstractJavaCodegenTest"/>
  <system-out/>
  <testcase name="testAdditionalPropertiesPutForConfigValues" time="0.000" classname="org.openapitools.codegen.java.AbstractJavaCodegenTest"/>
  <system-out/>
  <testcase name="apiTestFileFolder" time="0.000" classname="org.openapitools.codegen.java.AbstractJavaCodegenTest"/>
  <system-out/>
  <testcase name="getTypeDeclarationTest" time="0.001" classname="org.openapitools.codegen.java.AbstractJavaCodegenTest"/>
  <system-out/>
  <testcase name="testOneOfModelImports" time="0.006" classname="org.openapitools.codegen.java.AbstractJavaCodegenTest"/>
  <system-out/>
  <testcase name="defaultVersionTest" time="0.001" classname="org.openapitools.codegen.java.AbstractJavaCodegenTest"/>
  <system-out/>
  <testcase name="testAdditionalModelTypeAnnotationsSemiColon" time="0.000" classname="org.openapitools.codegen.java.AbstractJavaCodegenTest"/>
  <system-out/>
  <testcase name="snapshotVersionTest" time="0.000" classname="org.openapitools.codegen.java.AbstractJavaCodegenTest"/>
  <system-out/>
  <testcase name="processOptsBooleanFalseFromGarbage" time="0.033" classname="org.openapitools.codegen.java.AbstractJavaCodegenTest"/>
  <system-out/>
  <testcase name="testAdditionalModelTypeAnnotationsNewLineWindows" time="0.000" classname="org.openapitools.codegen.java.AbstractJavaCodegenTest"/>
  <system-out/>
</testsuite> <!-- org.openapitools.codegen.java.AbstractJavaCodegenTest -->
