<?xml version="1.0" encoding="UTF-8"?>
<!-- Generated by org.testng.reporters.JUnitReportReporter -->
<testsuite skipped="0" hostname="a2d94430ae94" name="org.openapitools.codegen.kotlin.KotlinModelCodegenTest" tests="16" failures="0" timestamp="2023-04-09T10:15:21 UTC" time="0.392" errors="0">
  <testcase name="modelAsValues" time="0.020" classname="org.openapitools.codegen.kotlin.KotlinModelCodegenTest"/>
  <system-out/>
  <testcase name="valuesArrayWithUniqueItems" time="0.005" classname="org.openapitools.codegen.kotlin.KotlinModelCodegenTest"/>
  <system-out/>
  <testcase name="modelAsValues" time="0.045" classname="org.openapitools.codegen.kotlin.KotlinModelCodegenTest"/>
  <system-out/>
  <testcase name="modelAsValues" time="0.055" classname="org.openapitools.codegen.kotlin.KotlinModelCodegenTest"/>
  <system-out/>
  <testcase name="valuesArrayWithUniqueItems" time="0.019" classname="org.openapitools.codegen.kotlin.KotlinModelCodegenTest"/>
  <system-out/>
  <testcase name="modelMutable" time="0.051" classname="org.openapitools.codegen.kotlin.KotlinModelCodegenTest"/>
  <system-out/>
  <testcase name="mutableArrayWithUniqueItems" time="0.011" classname="org.openapitools.codegen.kotlin.KotlinModelCodegenTest"/>
  <system-out/>
  <testcase name="valuesArrayWithUniqueItems" time="0.013" classname="org.openapitools.codegen.kotlin.KotlinModelCodegenTest"/>
  <system-out/>
  <testcase name="modelAsValues" time="0.017" classname="org.openapitools.codegen.kotlin.KotlinModelCodegenTest"/>
  <system-out/>
  <testcase name="valuesArrayWithUniqueItems" time="0.019" classname="org.openapitools.codegen.kotlin.KotlinModelCodegenTest"/>
  <system-out/>
  <testcase name="modelMutable" time="0.043" classname="org.openapitools.codegen.kotlin.KotlinModelCodegenTest"/>
  <system-out/>
  <testcase name="mutableArrayWithUniqueItems" time="0.021" classname="org.openapitools.codegen.kotlin.KotlinModelCodegenTest"/>
  <system-out/>
  <testcase name="mutableArrayWithUniqueItems" time="0.009" classname="org.openapitools.codegen.kotlin.KotlinModelCodegenTest"/>
  <system-out/>
  <testcase name="mutableArrayWithUniqueItems" time="0.025" classname="org.openapitools.codegen.kotlin.KotlinModelCodegenTest"/>
  <system-out/>
  <testcase name="modelMutable" time="0.022" classname="org.openapitools.codegen.kotlin.KotlinModelCodegenTest"/>
  <system-out/>
  <testcase name="modelMutable" time="0.017" classname="org.openapitools.codegen.kotlin.KotlinModelCodegenTest"/>
  <system-out/>
</testsuite> <!-- org.openapitools.codegen.kotlin.KotlinModelCodegenTest -->
