<?xml version="1.0" encoding="UTF-8"?>
<!-- Generated by org.testng.reporters.JUnitReportReporter -->
<testsuite skipped="0" hostname="a2d94430ae94" name="org.openapitools.codegen.java.jaxrs.JavaJaxrsResteasyServerCodegenModelTest" tests="10" failures="0" timestamp="2023-04-09T10:15:21 UTC" time="0.398" errors="0">
  <testcase name="testExtraAnnotations" time="0.119" classname="org.openapitools.codegen.java.jaxrs.JavaJaxrsResteasyServerCodegenModelTest"/>
  <system-out/>
  <testcase name="doNotAddDefaultValueDocumentationForContainers" time="0.028" classname="org.openapitools.codegen.java.jaxrs.JavaJaxrsResteasyServerCodegenModelTest"/>
  <system-out/>
  <testcase name="testAddOperationToGroupUseTagsFalse" time="0.016" classname="org.openapitools.codegen.java.jaxrs.JavaJaxrsResteasyServerCodegenModelTest"/>
  <system-out/>
  <testcase name="testAddOperationToGroupUseTagsTrue" time="0.016" classname="org.openapitools.codegen.java.jaxrs.JavaJaxrsResteasyServerCodegenModelTest"/>
  <system-out/>
  <testcase name="doNotGenerateJsonAnnotationForPolymorphismIfJsonExclude" time="0.060" classname="org.openapitools.codegen.java.jaxrs.JavaJaxrsResteasyServerCodegenModelTest"/>
  <system-out/>
  <testcase name="addDefaultValueDocumentationForNonContainers" time="0.026" classname="org.openapitools.codegen.java.jaxrs.JavaJaxrsResteasyServerCodegenModelTest"/>
  <system-out/>
  <testcase name="generateJsonAnnotationForPolymorphism" time="0.048" classname="org.openapitools.codegen.java.jaxrs.JavaJaxrsResteasyServerCodegenModelTest"/>
  <system-out/>
  <testcase name="testHandleDefaultValue_issue8535" time="0.066" classname="org.openapitools.codegen.java.jaxrs.JavaJaxrsResteasyServerCodegenModelTest"/>
  <system-out/>
  <testcase name="mapModelTest" time="0.004" classname="org.openapitools.codegen.java.jaxrs.JavaJaxrsResteasyServerCodegenModelTest"/>
  <system-out/>
  <testcase name="testDefaultValuesFixed" time="0.015" classname="org.openapitools.codegen.java.jaxrs.JavaJaxrsResteasyServerCodegenModelTest"/>
  <system-out/>
</testsuite> <!-- org.openapitools.codegen.java.jaxrs.JavaJaxrsResteasyServerCodegenModelTest -->
