<?xml version="1.0" encoding="UTF-8"?>
<!-- Generated by org.testng.reporters.JUnitReportReporter -->
<testsuite skipped="0" hostname="a2d94430ae94" name="org.openapitools.codegen.typescript.TypeScriptClientCodegenTest" tests="7" failures="0" timestamp="2023-04-09T10:15:21 UTC" time="0.009" errors="0">
  <testcase name="testCompilePattern" time="0.000" classname="org.openapitools.codegen.typescript.TypeScriptClientCodegenTest"/>
  <system-out/>
  <testcase name="modelImportWithMappingTest" time="0.000" classname="org.openapitools.codegen.typescript.TypeScriptClientCodegenTest"/>
  <system-out/>
  <testcase name="testWithAdditionalProperties" time="0.000" classname="org.openapitools.codegen.typescript.TypeScriptClientCodegenTest"/>
  <system-out/>
  <testcase name="getTypeDeclarationTest" time="0.000" classname="org.openapitools.codegen.typescript.TypeScriptClientCodegenTest"/>
  <system-out/>
  <testcase name="testComposedSchemasImportTypesIndividually" time="0.007" classname="org.openapitools.codegen.typescript.TypeScriptClientCodegenTest"/>
  <system-out/>
  <testcase name="defaultModelImportTest" time="0.001" classname="org.openapitools.codegen.typescript.TypeScriptClientCodegenTest"/>
  <system-out/>
  <testcase name="testArrayWithUniqueItems" time="0.001" classname="org.openapitools.codegen.typescript.TypeScriptClientCodegenTest"/>
  <system-out/>
</testsuite> <!-- org.openapitools.codegen.typescript.TypeScriptClientCodegenTest -->
