<?xml version="1.0" encoding="UTF-8"?>
<!-- Generated by org.testng.reporters.JUnitReportReporter -->
<testsuite skipped="0" hostname="a2d94430ae94" name="org.openapitools.codegen.swift5.Swift5ModelTest" tests="2" failures="0" timestamp="2023-04-09T10:15:21 UTC" time="0.002" errors="0">
  <testcase name="simpleModelTest" time="0.001" classname="org.openapitools.codegen.swift5.Swift5ModelTest"/>
  <system-out/>
  <testcase name="useCustomDateTimeTest" time="0.001" classname="org.openapitools.codegen.swift5.Swift5ModelTest"/>
  <system-out/>
</testsuite> <!-- org.openapitools.codegen.swift5.Swift5ModelTest -->
