<?xml version="1.0" encoding="UTF-8"?>
<!-- Generated by org.testng.reporters.JUnitReportReporter -->
<testsuite skipped="0" hostname="a2d94430ae94" name="org.openapitools.codegen.java.helidon.JavaHelidonSeClientCodegenTest" tests="7" failures="0" timestamp="2023-04-09T10:15:21 UTC" time="0.025" errors="0">
  <testcase name="testStoreApi" time="0.001" classname="org.openapitools.codegen.java.helidon.JavaHelidonSeClientCodegenTest"/>
  <system-out/>
  <testcase name="testPetApi" time="0.008" classname="org.openapitools.codegen.java.helidon.JavaHelidonSeClientCodegenTest"/>
  <system-out/>
  <testcase name="testPom" time="0.000" classname="org.openapitools.codegen.java.helidon.JavaHelidonSeClientCodegenTest"/>
  <system-out/>
  <testcase name="testUserApi" time="0.008" classname="org.openapitools.codegen.java.helidon.JavaHelidonSeClientCodegenTest"/>
  <system-out/>
  <testcase name="testUserApi" time="0.002" classname="org.openapitools.codegen.java.helidon.JavaHelidonSeClientCodegenTest"/>
  <system-out/>
  <testcase name="testPetApi" time="0.002" classname="org.openapitools.codegen.java.helidon.JavaHelidonSeClientCodegenTest"/>
  <system-out/>
  <testcase name="testStoreApi" time="0.004" classname="org.openapitools.codegen.java.helidon.JavaHelidonSeClientCodegenTest"/>
  <system-out/>
</testsuite> <!-- org.openapitools.codegen.java.helidon.JavaHelidonSeClientCodegenTest -->
