<?xml version="1.0" encoding="UTF-8"?>
<!-- Generated by org.testng.reporters.JUnitReportReporter -->
<testsuite skipped="0" hostname="a2d94430ae94" name="org.openapitools.codegen.OpenAPINormalizerTest" tests="11" failures="0" timestamp="2023-04-09T10:15:21 UTC" time="0.052" errors="0">
  <testcase name="testOpenAPINormalizerSimplifyOneOfAnyOfStringAndEnumString" time="0.003" classname="org.openapitools.codegen.OpenAPINormalizerTest"/>
  <system-out/>
  <testcase name="testOpenAPINormalizerRemoveAnyOfOneOfAndKeepPropertiesOnly" time="0.004" classname="org.openapitools.codegen.OpenAPINormalizerTest"/>
  <system-out/>
  <testcase name="testOpenAPINormalizerRefAsParentInAllOf" time="0.007" classname="org.openapitools.codegen.OpenAPINormalizerTest"/>
  <system-out/>
  <testcase name="testOpenAPINormalizerSimplifyBooleanEnum" time="0.004" classname="org.openapitools.codegen.OpenAPINormalizerTest"/>
  <system-out/>
  <testcase name="testOpenAPINormalizerSimplifyBooleanEnumWithComposedSchema" time="0.003" classname="org.openapitools.codegen.OpenAPINormalizerTest"/>
  <system-out/>
  <testcase name="testOpenAPINormalizerConvertEnumNullToNullable_test" time="0.003" classname="org.openapitools.codegen.OpenAPINormalizerTest"/>
  <system-out/>
  <testcase name="testOpenAPINormalizerSimplifyOneOfAnyOf" time="0.003" classname="org.openapitools.codegen.OpenAPINormalizerTest"/>
  <system-out/>
  <testcase name="testAddUnsignedToIntegerWithInvalidMaxValue" time="0.012" classname="org.openapitools.codegen.OpenAPINormalizerTest"/>
  <system-out/>
  <testcase name="testOpenAPINormalizerRefactorAllOfWithPropertiesOnly" time="0.007" classname="org.openapitools.codegen.OpenAPINormalizerTest"/>
  <system-out/>
  <testcase name="testOpenAPINormalizerSetTagsInAllOperations" time="0.003" classname="org.openapitools.codegen.OpenAPINormalizerTest"/>
  <system-out/>
  <testcase name="testOpenAPINormalizerEnableKeepOnlyFirstTagInOperation" time="0.003" classname="org.openapitools.codegen.OpenAPINormalizerTest"/>
  <system-out/>
</testsuite> <!-- org.openapitools.codegen.OpenAPINormalizerTest -->
