<?xml version="1.0" encoding="UTF-8"?>
<!-- Generated by org.testng.reporters.JUnitReportReporter -->
<testsuite skipped="0" hostname="a2d94430ae94" name="org.openapitools.codegen.typescript.typescriptnode.TypeScriptNodeModelTest" tests="12" failures="0" timestamp="2023-04-09T10:15:21 UTC" time="0.069" errors="0">
  <testcase name="simpleModelTest" time="0.001" classname="org.openapitools.codegen.typescript.typescriptnode.TypeScriptNodeModelTest"/>
  <system-out/>
  <testcase name="complexPropertyTest" time="0.000" classname="org.openapitools.codegen.typescript.typescriptnode.TypeScriptNodeModelTest"/>
  <system-out/>
  <testcase name="defaultFromModelTest" time="0.025" classname="org.openapitools.codegen.typescript.typescriptnode.TypeScriptNodeModelTest"/>
  <system-out/>
  <testcase name="arrayModelAdditionalPropertiesArrayTest" time="0.007" classname="org.openapitools.codegen.typescript.typescriptnode.TypeScriptNodeModelTest"/>
  <system-out/>
  <testcase name="complexListPropertyTest" time="0.001" classname="org.openapitools.codegen.typescript.typescriptnode.TypeScriptNodeModelTest"/>
  <system-out/>
  <testcase name="mappedFromModelTest" time="0.024" classname="org.openapitools.codegen.typescript.typescriptnode.TypeScriptNodeModelTest"/>
  <system-out/>
  <testcase name="arrayModelAdditionalPropertiesStringTest" time="0.001" classname="org.openapitools.codegen.typescript.typescriptnode.TypeScriptNodeModelTest"/>
  <system-out/>
  <testcase name="mapModelTest" time="0.001" classname="org.openapitools.codegen.typescript.typescriptnode.TypeScriptNodeModelTest"/>
  <system-out/>
  <testcase name="arrayModelAdditionalPropertiesComplexTest" time="0.001" classname="org.openapitools.codegen.typescript.typescriptnode.TypeScriptNodeModelTest"/>
  <system-out/>
  <testcase name="listPropertyTest" time="0.001" classname="org.openapitools.codegen.typescript.typescriptnode.TypeScriptNodeModelTest"/>
  <system-out/>
  <testcase name="arrayModelTest" time="0.001" classname="org.openapitools.codegen.typescript.typescriptnode.TypeScriptNodeModelTest"/>
  <system-out/>
  <testcase name="simpleModelDefaultValuesTest" time="0.006" classname="org.openapitools.codegen.typescript.typescriptnode.TypeScriptNodeModelTest"/>
  <system-out/>
</testsuite> <!-- org.openapitools.codegen.typescript.typescriptnode.TypeScriptNodeModelTest -->
