<?xml version="1.0" encoding="UTF-8"?>
<testsuite xmlns:xsi="http://www.w3.org/2001/XMLSchema-instance" xsi:noNamespaceSchemaLocation="https://maven.apache.org/surefire/maven-surefire-plugin/xsd/surefire-test-report-3.0.xsd" version="3.0" name="TestSuite" time="0.377" tests="15" errors="0" skipped="0" failures="0">
  <properties>
    <property name="awt.toolkit" value="sun.awt.X11.XToolkit"/>
    <property name="file.encoding.pkg" value="sun.io"/>
    <property name="java.specification.version" value="1.8"/>
    <property name="sun.cpu.isalist" value=""/>
    <property name="sun.jnu.encoding" value="UTF-8"/>
    <property name="java.class.path" value="/var/maven/.m2/repository/org/apache/maven/surefire/surefire-booter/3.0.0-M6/surefire-booter-3.0.0-M6.jar:/var/maven/.m2/repository/org/apache/maven/surefire/surefire-api/3.0.0-M6/surefire-api-3.0.0-M6.jar:/var/maven/.m2/repository/org/apache/maven/surefire/surefire-logger-api/3.0.0-M6/surefire-logger-api-3.0.0-M6.jar:/var/maven/.m2/repository/org/apache/maven/surefire/surefire-shared-utils/3.0.0-M6/surefire-shared-utils-3.0.0-M6.jar:/var/maven/.m2/repository/org/apache/maven/surefire/surefire-extensions-spi/3.0.0-M6/surefire-extensions-spi-3.0.0-M6.jar:/gen/modules/openapi-generator-core/target/test-classes:/gen/modules/openapi-generator-core/target/classes:/var/maven/.m2/repository/com/google/guava/guava/31.1-jre/guava-31.1-jre.jar:/var/maven/.m2/repository/com/google/guava/failureaccess/1.0.1/failureaccess-1.0.1.jar:/var/maven/.m2/repository/com/google/guava/listenablefuture/9999.0-empty-to-avoid-conflict-with-guava/listenablefuture-9999.0-empty-to-avoid-conflict-with-guava.jar:/var/maven/.m2/repository/com/google/code/findbugs/jsr305/3.0.2/jsr305-3.0.2.jar:/var/maven/.m2/repository/org/checkerframework/checker-qual/3.12.0/checker-qual-3.12.0.jar:/var/maven/.m2/repository/com/google/errorprone/error_prone_annotations/2.11.0/error_prone_annotations-2.11.0.jar:/var/maven/.m2/repository/com/google/j2objc/j2objc-annotations/1.3/j2objc-annotations-1.3.jar:/var/maven/.m2/repository/org/slf4j/slf4j-api/1.7.36/slf4j-api-1.7.36.jar:/var/maven/.m2/repository/org/testng/testng/7.5/testng-7.5.jar:/var/maven/.m2/repository/com/beust/jcommander/1.78/jcommander-1.78.jar:/var/maven/.m2/repository/org/webjars/jquery/3.5.1/jquery-3.5.1.jar:/var/maven/.m2/repository/org/apache/maven/surefire/surefire-testng/3.0.0-M6/surefire-testng-3.0.0-M6.jar:/var/maven/.m2/repository/org/apache/maven/surefire/common-java5/3.0.0-M6/common-java5-3.0.0-M6.jar:/var/maven/.m2/repository/org/apache/maven/surefire/surefire-testng-utils/3.0.0-M6/surefire-testng-utils-3.0.0-M6.jar:/var/maven/.m2/repository/org/apache/maven/surefire/surefire-grouper/3.0.0-M6/surefire-grouper-3.0.0-M6.jar"/>
    <property name="java.vm.vendor" value="Oracle Corporation"/>
    <property name="sun.arch.data.model" value="64"/>
    <property name="java.vendor.url" value="http://java.oracle.com/"/>
    <property name="user.timezone" value="Etc/UTC"/>
    <property name="java.vm.specification.version" value="1.8"/>
    <property name="os.name" value="Linux"/>
    <property name="sun.java.launcher" value="SUN_STANDARD"/>
    <property name="sun.boot.library.path" value="/usr/local/openjdk-8/jre/lib/amd64"/>
    <property name="sun.java.command" value="org.apache.maven.surefire.booter.ForkedBooter /gen/modules/openapi-generator-core/target/surefire 2023-04-09T10-13-53_025-jvmRun1 surefire4579297246633850824tmp surefire_08936051170874945891tmp"/>
    <property name="surefire.test.class.path" value="/gen/modules/openapi-generator-core/target/test-classes:/gen/modules/openapi-generator-core/target/classes:/var/maven/.m2/repository/com/google/guava/guava/31.1-jre/guava-31.1-jre.jar:/var/maven/.m2/repository/com/google/guava/failureaccess/1.0.1/failureaccess-1.0.1.jar:/var/maven/.m2/repository/com/google/guava/listenablefuture/9999.0-empty-to-avoid-conflict-with-guava/listenablefuture-9999.0-empty-to-avoid-conflict-with-guava.jar:/var/maven/.m2/repository/com/google/code/findbugs/jsr305/3.0.2/jsr305-3.0.2.jar:/var/maven/.m2/repository/org/checkerframework/checker-qual/3.12.0/checker-qual-3.12.0.jar:/var/maven/.m2/repository/com/google/errorprone/error_prone_annotations/2.11.0/error_prone_annotations-2.11.0.jar:/var/maven/.m2/repository/com/google/j2objc/j2objc-annotations/1.3/j2objc-annotations-1.3.jar:/var/maven/.m2/repository/org/slf4j/slf4j-api/1.7.36/slf4j-api-1.7.36.jar:/var/maven/.m2/repository/org/testng/testng/7.5/testng-7.5.jar:/var/maven/.m2/repository/com/beust/jcommander/1.78/jcommander-1.78.jar:/var/maven/.m2/repository/org/webjars/jquery/3.5.1/jquery-3.5.1.jar:"/>
    <property name="sun.cpu.endian" value="little"/>
    <property name="user.home" value="/root"/>
    <property name="user.language" value="en"/>
    <property name="java.specification.vendor" value="Oracle Corporation"/>
    <property name="java.home" value="/usr/local/openjdk-8/jre"/>
    <property name="basedir" value="/gen/modules/openapi-generator-core"/>
    <property name="file.separator" value="/"/>
    <property name="line.separator" value="&#10;"/>
    <property name="java.vm.specification.vendor" value="Oracle Corporation"/>
    <property name="java.specification.name" value="Java Platform API Specification"/>
    <property name="java.awt.graphicsenv" value="sun.awt.X11GraphicsEnvironment"/>
    <property name="org.openapitools.codegen.utils.oncelogger.cachesize" value="5000"/>
    <property name="sun.boot.class.path" value="/usr/local/openjdk-8/jre/lib/resources.jar:/usr/local/openjdk-8/jre/lib/rt.jar:/usr/local/openjdk-8/jre/lib/sunrsasign.jar:/usr/local/openjdk-8/jre/lib/jsse.jar:/usr/local/openjdk-8/jre/lib/jce.jar:/usr/local/openjdk-8/jre/lib/charsets.jar:/usr/local/openjdk-8/jre/lib/jfr.jar:/usr/local/openjdk-8/jre/classes"/>
    <property name="sun.management.compiler" value="HotSpot 64-Bit Tiered Compilers"/>
    <property name="java.runtime.version" value="1.8.0_342-b07"/>
    <property name="user.name" value="root"/>
    <property name="path.separator" value=":"/>
    <property name="os.version" value="6.2.10-arch1-1"/>
    <property name="java.endorsed.dirs" value="/usr/local/openjdk-8/jre/lib/endorsed"/>
    <property name="java.runtime.name" value="OpenJDK Runtime Environment"/>
    <property name="file.encoding" value="UTF-8"/>
    <property name="java.vm.name" value="OpenJDK 64-Bit Server VM"/>
    <property name="localRepository" value="/var/maven/.m2/repository"/>
    <property name="java.vendor.url.bug" value="http://bugreport.sun.com/bugreport/"/>
    <property name="java.io.tmpdir" value="/tmp"/>
    <property name="org.openapitools.codegen.utils.oncelogger.expiry" value="1000"/>
    <property name="java.version" value="1.8.0_342"/>
    <property name="user.dir" value="/gen/modules/openapi-generator-core"/>
    <property name="os.arch" value="amd64"/>
    <property name="java.vm.specification.name" value="Java Virtual Machine Specification"/>
    <property name="java.awt.printerjob" value="sun.print.PSPrinterJob"/>
    <property name="sun.os.patch.level" value="unknown"/>
    <property name="java.library.path" value="/usr/java/packages/lib/amd64:/usr/lib64:/lib64:/lib:/usr/lib"/>
    <property name="java.vm.info" value="mixed mode"/>
    <property name="java.vendor" value="Oracle Corporation"/>
    <property name="java.vm.version" value="25.342-b07"/>
    <property name="java.ext.dirs" value="/usr/local/openjdk-8/jre/lib/ext:/usr/java/packages/lib/ext"/>
    <property name="sun.io.unicode.encoding" value="UnicodeLittle"/>
    <property name="java.class.version" value="52.0"/>
  </properties>
  <testcase name="defaultValuesCanBeChangedBuilder" classname="org.openapitools.codegen.config.WorkflowSettingsTest" time="0.007">
    <system-err><![CDATA[SLF4J: Failed to load class "org.slf4j.impl.StaticLoggerBinder".
SLF4J: Defaulting to no-operation (NOP) logger implementation
SLF4J: See http://www.slf4j.org/codes.html#StaticLoggerBinder for further details.
]]></system-err>
  </testcase>
  <testcase name="defaultValuesCanBeChangedClassConstructor" classname="org.openapitools.codegen.config.WorkflowSettingsTest" time="0"/>
  <testcase name="defaultValuesNotOverriddenByNulls" classname="org.openapitools.codegen.config.WorkflowSettingsTest" time="0"/>
  <testcase name="newBuilderFromCopyShouldMutateGlobalProperties" classname="org.openapitools.codegen.config.WorkflowSettingsTest" time="0.002"/>
  <testcase name="testGenericValidatorErrorsAndWarnings" classname="org.openapitools.codegen.validation.GenericValidatorTest" time="0.004"/>
  <testcase name="testGenericValidatorMultipleConditionsFail" classname="org.openapitools.codegen.validation.GenericValidatorTest" time="0.001"/>
  <testcase name="testGenericValidatorSingleConditionFails" classname="org.openapitools.codegen.validation.GenericValidatorTest" time="0"/>
  <testcase name="testGenericValidatorSuccesses" classname="org.openapitools.codegen.validation.GenericValidatorTest" time="0"/>
  <testcase name="isValidFalseForInvalidType" classname="org.openapitools.codegen.validation.ValidatedTest" time="0"/>
  <testcase name="isValidTrueForValidType" classname="org.openapitools.codegen.validation.ValidatedTest" time="0"/>
  <testcase name="createMethodUsingLambda" classname="org.openapitools.codegen.validation.ValidationRuleTest" time="0.001"/>
  <testcase name="createMethodUsingMethodReference" classname="org.openapitools.codegen.validation.ValidationRuleTest" time="0.001"/>
  <testcase name="flattOnUnspecified" classname="org.openapitools.codegen.meta.FeatureSetTest" time="0.02"/>
  <testcase name="flattenOnMultipleFeatures" classname="org.openapitools.codegen.meta.FeatureSetTest" time="0.003"/>
  <testcase name="flattenOnSingleFeatures" classname="org.openapitools.codegen.meta.FeatureSetTest" time="0.001"/>
</testsuite>