<?xml version="1.0" encoding="UTF-8"?>
<!-- Generated by org.testng.reporters.JUnitReportReporter -->
<testsuite skipped="0" hostname="a2d94430ae94" name="org.openapitools.codegen.cmd.utils.OptionUtilsTest" tests="2" failures="0" timestamp="2023-04-09T10:15:29 UTC" time="0.002" errors="0">
  <testcase name="testParseCommaSeparatedTuples" time="0.001" classname="org.openapitools.codegen.cmd.utils.OptionUtilsTest"/>
  <system-out/>
  <testcase name="splitCommaSeparatedList" time="0.001" classname="org.openapitools.codegen.cmd.utils.OptionUtilsTest"/>
  <system-out/>
</testsuite> <!-- org.openapitools.codegen.cmd.utils.OptionUtilsTest -->
