<?xml version="1.0" encoding="UTF-8"?>
<!-- Generated by org.testng.reporters.JUnitReportReporter -->
<testsuite skipped="0" hostname="a2d94430ae94" name="org.openapitools.codegen.cmd.GenerateBatchTest" tests="9" failures="0" timestamp="2023-04-09T10:15:29 UTC" time="0.672" errors="0">
  <testcase name="testDeserializerWithJsonInclude" time="0.025" classname="org.openapitools.codegen.cmd.GenerateBatchTest"/>
  <system-out/>
  <testcase name="testDeserializerWithJsonInclude" time="0.031" classname="org.openapitools.codegen.cmd.GenerateBatchTest"/>
  <system-out/>
  <testcase name="testDeserializerWithJsonInclude" time="0.042" classname="org.openapitools.codegen.cmd.GenerateBatchTest"/>
  <system-out/>
  <testcase name="testInvalidDeserializerWithIncludeOption" time="0.007" classname="org.openapitools.codegen.cmd.GenerateBatchTest"/>
  <system-out/>
  <testcase name="testDeserializerWithJsonInclude" time="0.019" classname="org.openapitools.codegen.cmd.GenerateBatchTest"/>
  <system-out/>
  <testcase name="testDeserializerWithJsonInclude" time="0.025" classname="org.openapitools.codegen.cmd.GenerateBatchTest"/>
  <system-out/>
  <testcase name="testDeserializerWithJsonInclude" time="0.458" classname="org.openapitools.codegen.cmd.GenerateBatchTest"/>
  <system-out/>
  <testcase name="testDeserializerWithJsonInclude" time="0.027" classname="org.openapitools.codegen.cmd.GenerateBatchTest"/>
  <system-out/>
  <testcase name="testDeserializerWithJsonInclude" time="0.038" classname="org.openapitools.codegen.cmd.GenerateBatchTest"/>
  <system-out/>
</testsuite> <!-- org.openapitools.codegen.cmd.GenerateBatchTest -->
