<?xml version="1.0" encoding="UTF-8"?>
<!-- Generated by org.testng.reporters.JUnitReportReporter -->
<testsuite skipped="0" hostname="a2d94430ae94" name="org.openapitools.codegen.cmd.GenerateTest" tests="36" failures="0" timestamp="2023-04-09T10:15:29 UTC" time="1.252" errors="0">
  <testcase name="testSkipOverwriteLong" time="0.525" classname="org.openapitools.codegen.cmd.GenerateTest"/>
  <system-out/>
  <testcase name="testAuthUnspecified" time="0.024" classname="org.openapitools.codegen.cmd.GenerateTest"/>
  <system-out/>
  <testcase name="testInstantiationTypesLongMultiple" time="0.020" classname="org.openapitools.codegen.cmd.GenerateTest"/>
  <system-out/>
  <testcase name="testApiPackage" time="0.022" classname="org.openapitools.codegen.cmd.GenerateTest"/>
  <system-out/>
  <testcase name="testModelPackage" time="0.018" classname="org.openapitools.codegen.cmd.GenerateTest"/>
  <system-out/>
  <testcase name="testLibrary" time="0.019" classname="org.openapitools.codegen.cmd.GenerateTest"/>
  <system-out/>
  <testcase name="testConfigYamlLong" time="0.020" classname="org.openapitools.codegen.cmd.GenerateTest"/>
  <system-out/>
  <testcase name="testVerboseLong" time="0.016" classname="org.openapitools.codegen.cmd.GenerateTest"/>
  <system-out/>
  <testcase name="testRequiredArgs_LongArgs" time="0.016" classname="org.openapitools.codegen.cmd.GenerateTest"/>
  <system-out/>
  <testcase name="testInvokerPackage" time="0.019" classname="org.openapitools.codegen.cmd.GenerateTest"/>
  <system-out/>
  <testcase name="testArtifactId" time="0.027" classname="org.openapitools.codegen.cmd.GenerateTest"/>
  <system-out/>
  <testcase name="testTemplateDirLong" time="0.019" classname="org.openapitools.codegen.cmd.GenerateTest"/>
  <system-out/>
  <testcase name="testPackageName" time="0.017" classname="org.openapitools.codegen.cmd.GenerateTest"/>
  <system-out/>
  <testcase name="testTypeMappingsLong" time="0.015" classname="org.openapitools.codegen.cmd.GenerateTest"/>
  <system-out/>
  <testcase name="testAuthShort" time="0.020" classname="org.openapitools.codegen.cmd.GenerateTest"/>
  <system-out/>
  <testcase name="testSkipOverwriteShort" time="0.015" classname="org.openapitools.codegen.cmd.GenerateTest"/>
  <system-out/>
  <testcase name="testVerboseShort" time="0.017" classname="org.openapitools.codegen.cmd.GenerateTest"/>
  <system-out/>
  <testcase name="testConfigYamlShort" time="0.022" classname="org.openapitools.codegen.cmd.GenerateTest"/>
  <system-out/>
  <testcase name="testAdditionalPropertiesLongMultiple" time="0.024" classname="org.openapitools.codegen.cmd.GenerateTest"/>
  <system-out/>
  <testcase name="testInstantiationTypesLong" time="0.020" classname="org.openapitools.codegen.cmd.GenerateTest"/>
  <system-out/>
  <testcase name="testImportMappingsLong" time="0.021" classname="org.openapitools.codegen.cmd.GenerateTest"/>
  <system-out/>
  <testcase name="testImportMappingsLongMultiple" time="0.021" classname="org.openapitools.codegen.cmd.GenerateTest"/>
  <system-out/>
  <testcase name="testNPEWithInvalidSpecFile" time="0.062" classname="org.openapitools.codegen.cmd.GenerateTest"/>
  <system-out/>
  <testcase name="testConfigJsonShort" time="0.018" classname="org.openapitools.codegen.cmd.GenerateTest"/>
  <system-out/>
  <testcase name="testStrictSpecTrue" time="0.017" classname="org.openapitools.codegen.cmd.GenerateTest"/>
  <system-out/>
  <testcase name="testAuthLong" time="0.020" classname="org.openapitools.codegen.cmd.GenerateTest"/>
  <system-out/>
  <testcase name="testArtifactVersion" time="0.018" classname="org.openapitools.codegen.cmd.GenerateTest"/>
  <system-out/>
  <testcase name="testStrictSpecFalse" time="0.015" classname="org.openapitools.codegen.cmd.GenerateTest"/>
  <system-out/>
  <testcase name="testAdditionalPropertiesLong" time="0.049" classname="org.openapitools.codegen.cmd.GenerateTest"/>
  <system-out/>
  <testcase name="testConfigJsonLong" time="0.023" classname="org.openapitools.codegen.cmd.GenerateTest"/>
  <system-out/>
  <testcase name="testTemplateDirMustExist" time="0.005" classname="org.openapitools.codegen.cmd.GenerateTest"/>
  <system-out/>
  <testcase name="testLanguageSpecificPrimitives" time="0.019" classname="org.openapitools.codegen.cmd.GenerateTest"/>
  <system-out/>
  <testcase name="testRequiredArgs_ShortArgs" time="0.017" classname="org.openapitools.codegen.cmd.GenerateTest"/>
  <system-out/>
  <testcase name="testTypeMappingsLongMultiple" time="0.013" classname="org.openapitools.codegen.cmd.GenerateTest"/>
  <system-out/>
  <testcase name="testGroupId" time="0.020" classname="org.openapitools.codegen.cmd.GenerateTest"/>
  <system-out/>
  <testcase name="testTemplateDirShort" time="0.019" classname="org.openapitools.codegen.cmd.GenerateTest"/>
  <system-out/>
</testsuite> <!-- org.openapitools.codegen.cmd.GenerateTest -->
