<?xml version="1.0" encoding="UTF-8"?>
<!-- Generated by org.testng.reporters.JUnitReportReporter -->
<testsuite skipped="0" hostname="a2d94430ae94" name="org.openapitools.codegen.cmd.AuthorTemplateTest" tests="1" failures="0" timestamp="2023-04-09T10:15:29 UTC" time="0.393" errors="0">
  <testcase name="smokeTestAuthorTemplateCommand" time="0.393" classname="org.openapitools.codegen.cmd.AuthorTemplateTest"/>
  <system-out/>
</testsuite> <!-- org.openapitools.codegen.cmd.AuthorTemplateTest -->
