<?xml version="1.0" encoding="UTF-8"?>
<!-- Generated by org.testng.reporters.JUnitReportReporter -->
<testsuite skipped="0" hostname="a2d94430ae94" name="org.openapitools.codegen.meta.FeatureSetTest" tests="3" failures="0" timestamp="2023-04-09T10:13:53 UTC" time="0.025" errors="0">
  <testcase name="flattOnUnspecified" time="0.020" classname="org.openapitools.codegen.meta.FeatureSetTest"/>
  <system-out/>
  <testcase name="flattenOnSingleFeatures" time="0.002" classname="org.openapitools.codegen.meta.FeatureSetTest"/>
  <system-out/>
  <testcase name="flattenOnMultipleFeatures" time="0.003" classname="org.openapitools.codegen.meta.FeatureSetTest"/>
  <system-out/>
</testsuite> <!-- org.openapitools.codegen.meta.FeatureSetTest -->
