<?xml version="1.0" encoding="UTF-8"?>
<!-- Generated by org.testng.reporters.JUnitReportReporter -->
<testsuite skipped="0" hostname="a2d94430ae94" name="org.openapitools.codegen.config.WorkflowSettingsTest" tests="4" failures="0" timestamp="2023-04-09T10:13:53 UTC" time="0.010" errors="0">
  <testcase name="newBuilderFromCopyShouldMutateGlobalProperties" time="0.001" classname="org.openapitools.codegen.config.WorkflowSettingsTest"/>
  <system-out/>
  <testcase name="defaultValuesCanBeChangedClassConstructor" time="0.000" classname="org.openapitools.codegen.config.WorkflowSettingsTest"/>
  <system-out/>
  <testcase name="defaultValuesCanBeChangedBuilder" time="0.008" classname="org.openapitools.codegen.config.WorkflowSettingsTest"/>
  <system-out/>
  <testcase name="defaultValuesNotOverriddenByNulls" time="0.001" classname="org.openapitools.codegen.config.WorkflowSettingsTest"/>
  <system-out/>
</testsuite> <!-- org.openapitools.codegen.config.WorkflowSettingsTest -->
