<?xml version="1.0" encoding="UTF-8"?>
<!-- Generated by org.testng.reporters.JUnitReportReporter -->
<testsuite skipped="0" hostname="a2d94430ae94" name="org.openapitools.codegen.validation.GenericValidatorTest" tests="4" failures="0" timestamp="2023-04-09T10:13:53 UTC" time="0.005" errors="0">
  <testcase name="testGenericValidatorMultipleConditionsFail" time="0.001" classname="org.openapitools.codegen.validation.GenericValidatorTest"/>
  <system-out/>
  <testcase name="testGenericValidatorSingleConditionFails" time="0.001" classname="org.openapitools.codegen.validation.GenericValidatorTest"/>
  <system-out/>
  <testcase name="testGenericValidatorSuccesses" time="0.000" classname="org.openapitools.codegen.validation.GenericValidatorTest"/>
  <system-out/>
  <testcase name="testGenericValidatorErrorsAndWarnings" time="0.003" classname="org.openapitools.codegen.validation.GenericValidatorTest"/>
  <system-out/>
</testsuite> <!-- org.openapitools.codegen.validation.GenericValidatorTest -->
